
*** Running vivado
    with args -log ex06_adc_uart.vds -m64 -product Vivado -mode batch -messageDb vivado.pb -notrace -source ex06_adc_uart.tcl



****** Vivado v2024.2 (64-bit)
  **** SW Build 5239630 on Fri Nov 08 22:35:27 MST 2024
  **** IP Build 5239520 on Sun Nov 10 16:12:51 MST 2024
  **** SharedData Build 5239561 on Fri Nov 08 14:39:27 MST 2024
  **** Start of session at: Sun Jan  4 22:29:50 2026
    ** Copyright 1986-2022 Xilinx, Inc. All Rights Reserved.
    ** Copyright 2022-2024 Advanced Micro Devices, Inc. All Rights Reserved.

source ex06_adc_uart.tcl -notrace
Command: read_checkpoint -auto_incremental -incremental D:/verilog/20260103/06_adc_uart/vivado/06_adc_uart.srcs/utils_1/imports/synth_1/ex06_adc_uart.dcp
INFO: [Vivado 12-5825] Read reference checkpoint from D:/verilog/20260103/06_adc_uart/vivado/06_adc_uart.srcs/utils_1/imports/synth_1/ex06_adc_uart.dcp for incremental synthesis
INFO: [Vivado 12-7989] Please ensure there are no constraint changes
Command: synth_design -top ex06_adc_uart -part xc7a35tcpg236-1
Starting synth_design
Attempting to get a license for feature 'Synthesis' and/or device 'xc7a35t'
INFO: [Common 17-349] Got license for feature 'Synthesis' and/or device 'xc7a35t'
INFO: [Device 21-403] Loading part xc7a35tcpg236-1
INFO: [Designutils 20-5440] No compile time benefit to using incremental synthesis; A full resynthesis will be run
INFO: [Designutils 20-4379] Flow is switching to default flow due to incremental criteria not met. If you would like to alter this behaviour and have the flow terminate instead, please set the following parameter config_implementation {autoIncr.Synth.RejectBehavior Terminate}
INFO: [Synth 8-7079] Multithreading enabled for synth_design using a maximum of 2 processes.
INFO: [Synth 8-7078] Launching helper process for spawning children vivado processes
INFO: [Synth 8-7075] Helper process launched with PID 12960
---------------------------------------------------------------------------------
Starting RTL Elaboration : Time (s): cpu = 00:00:04 ; elapsed = 00:00:07 . Memory (MB): peak = 978.094 ; gain = 470.602
---------------------------------------------------------------------------------
INFO: [Synth 8-6157] synthesizing module 'ex06_adc_uart' [D:/verilog/20260103/06_adc_uart/vivado/06_adc_uart.srcs/sources_1/new/06_adc_uart.v:4]
INFO: [Synth 8-6157] synthesizing module 'pmod_ad1_reader' [D:/verilog/20260103/06_adc_uart/vivado/06_adc_uart.srcs/sources_1/new/06_adc_uart.v:133]
	Parameter CLK_HZ bound to: 100000000 - type: integer 
	Parameter SCK_HZ bound to: 10000000 - type: integer 
INFO: [Synth 8-6155] done synthesizing module 'pmod_ad1_reader' (0#1) [D:/verilog/20260103/06_adc_uart/vivado/06_adc_uart.srcs/sources_1/new/06_adc_uart.v:133]
INFO: [Synth 8-6157] synthesizing module 'uart_tx_dds' [D:/verilog/20260103/06_adc_uart/vivado/06_adc_uart.srcs/sources_1/new/06_adc_uart.v:223]
	Parameter CLK_HZ bound to: 100000000 - type: integer 
	Parameter BAUD bound to: 115200 - type: integer 
INFO: [Synth 8-6155] done synthesizing module 'uart_tx_dds' (0#1) [D:/verilog/20260103/06_adc_uart/vivado/06_adc_uart.srcs/sources_1/new/06_adc_uart.v:223]
INFO: [Synth 8-6155] done synthesizing module 'ex06_adc_uart' (0#1) [D:/verilog/20260103/06_adc_uart/vivado/06_adc_uart.srcs/sources_1/new/06_adc_uart.v:4]
WARNING: [Synth 8-3917] design ex06_adc_uart has port led[15] driven by constant 0
WARNING: [Synth 8-3917] design ex06_adc_uart has port led[14] driven by constant 0
WARNING: [Synth 8-3917] design ex06_adc_uart has port led[13] driven by constant 0
WARNING: [Synth 8-3917] design ex06_adc_uart has port led[12] driven by constant 0
WARNING: [Synth 8-3917] design ex06_adc_uart has port led[11] driven by constant 0
WARNING: [Synth 8-3917] design ex06_adc_uart has port led[10] driven by constant 0
WARNING: [Synth 8-3917] design ex06_adc_uart has port led[9] driven by constant 0
WARNING: [Synth 8-3917] design ex06_adc_uart has port led[8] driven by constant 0
WARNING: [Synth 8-3917] design ex06_adc_uart has port led[7] driven by constant 0
WARNING: [Synth 8-3917] design ex06_adc_uart has port led[6] driven by constant 0
WARNING: [Synth 8-3917] design ex06_adc_uart has port led[5] driven by constant 0
WARNING: [Synth 8-3917] design ex06_adc_uart has port led[4] driven by constant 0
WARNING: [Synth 8-3917] design ex06_adc_uart has port led[3] driven by constant 0
---------------------------------------------------------------------------------
Finished RTL Elaboration : Time (s): cpu = 00:00:05 ; elapsed = 00:00:08 . Memory (MB): peak = 1084.074 ; gain = 576.582
---------------------------------------------------------------------------------
---------------------------------------------------------------------------------
Start Handling Custom Attributes
---------------------------------------------------------------------------------
---------------------------------------------------------------------------------
Finished Handling Custom Attributes : Time (s): cpu = 00:00:05 ; elapsed = 00:00:09 . Memory (MB): peak = 1084.074 ; gain = 576.582
---------------------------------------------------------------------------------
---------------------------------------------------------------------------------
Finished RTL Optimization Phase 1 : Time (s): cpu = 00:00:05 ; elapsed = 00:00:09 . Memory (MB): peak = 1084.074 ; gain = 576.582
---------------------------------------------------------------------------------
Netlist sorting complete. Time (s): cpu = 00:00:00 ; elapsed = 00:00:00.006 . Memory (MB): peak = 1084.074 ; gain = 0.000
INFO: [Project 1-570] Preparing netlist for logic optimization

Processing XDC Constraints
Initializing timing engine
Parsing XDC File [D:/verilog/20260103/06_adc_uart/vivado/06_adc_uart.srcs/constrs_1/new/ex06_adc_uart.xdc]
Finished Parsing XDC File [D:/verilog/20260103/06_adc_uart/vivado/06_adc_uart.srcs/constrs_1/new/ex06_adc_uart.xdc]
INFO: [Project 1-236] Implementation specific constraints were found while reading constraint file [D:/verilog/20260103/06_adc_uart/vivado/06_adc_uart.srcs/constrs_1/new/ex06_adc_uart.xdc]. These constraints will be ignored for synthesis but will be used in implementation. Impacted constraints are listed in the file [.Xil/ex06_adc_uart_propImpl.xdc].
Resolution: To avoid this warning, move constraints listed in [.Xil/ex06_adc_uart_propImpl.xdc] to another XDC file and exclude this new file from synthesis with the used_in_synthesis property (File Properties dialog in GUI) and re-run elaboration/synthesis.
Completed Processing XDC Constraints

Netlist sorting complete. Time (s): cpu = 00:00:00 ; elapsed = 00:00:00.001 . Memory (MB): peak = 1171.531 ; gain = 0.000
INFO: [Project 1-111] Unisim Transformation Summary:
No Unisim elements were transformed.

Constraint Validation Runtime : Time (s): cpu = 00:00:00 ; elapsed = 00:00:00.003 . Memory (MB): peak = 1171.531 ; gain = 0.000
INFO: [Designutils 20-5440] No compile time benefit to using incremental synthesis; A full resynthesis will be run
INFO: [Designutils 20-4379] Flow is switching to default flow due to incremental criteria not met. If you would like to alter this behaviour and have the flow terminate instead, please set the following parameter config_implementation {autoIncr.Synth.RejectBehavior Terminate}
---------------------------------------------------------------------------------
Finished Constraint Validation : Time (s): cpu = 00:00:10 ; elapsed = 00:00:18 . Memory (MB): peak = 1171.531 ; gain = 664.039
---------------------------------------------------------------------------------
---------------------------------------------------------------------------------
Start Loading Part and Timing Information
---------------------------------------------------------------------------------
Loading part: xc7a35tcpg236-1
---------------------------------------------------------------------------------
Finished Loading Part and Timing Information : Time (s): cpu = 00:00:10 ; elapsed = 00:00:18 . Memory (MB): peak = 1171.531 ; gain = 664.039
---------------------------------------------------------------------------------
---------------------------------------------------------------------------------
Start Applying 'set_property' XDC Constraints
---------------------------------------------------------------------------------
---------------------------------------------------------------------------------
Finished applying 'set_property' XDC Constraints : Time (s): cpu = 00:00:10 ; elapsed = 00:00:18 . Memory (MB): peak = 1171.531 ; gain = 664.039
---------------------------------------------------------------------------------
---------------------------------------------------------------------------------
Finished RTL Optimization Phase 2 : Time (s): cpu = 00:00:10 ; elapsed = 00:00:18 . Memory (MB): peak = 1171.531 ; gain = 664.039
---------------------------------------------------------------------------------
---------------------------------------------------------------------------------
Start RTL Component Statistics 
---------------------------------------------------------------------------------
Detailed RTL Component Info : 
+---Adders : 
	   2 Input   18 Bit       Adders := 1     
	   2 Input    5 Bit       Adders := 1     
	   2 Input    4 Bit       Adders := 2     
	   2 Input    3 Bit       Adders := 1     
+---Registers : 
	               18 Bit    Registers := 1     
	               16 Bit    Registers := 2     
	               12 Bit    Registers := 4     
	               10 Bit    Registers := 1     
	                5 Bit    Registers := 1     
	                4 Bit    Registers := 2     
	                3 Bit    Registers := 1     
	                1 Bit    Registers := 10    
+---Muxes : 
	   2 Input   28 Bit        Muxes := 1     
	   2 Input   10 Bit        Muxes := 1     
	   2 Input    5 Bit        Muxes := 1     
	   2 Input    3 Bit        Muxes := 1     
	   2 Input    1 Bit        Muxes := 13    
---------------------------------------------------------------------------------
Finished RTL Component Statistics 
---------------------------------------------------------------------------------
---------------------------------------------------------------------------------
Start Part Resource Summary
---------------------------------------------------------------------------------
Part Resources:
DSPs: 90 (col length:60)
BRAMs: 100 (col length: RAMB18 60 RAMB36 30)
---------------------------------------------------------------------------------
Finished Part Resource Summary
---------------------------------------------------------------------------------
---------------------------------------------------------------------------------
Start Cross Boundary and Area Optimization
---------------------------------------------------------------------------------
WARNING: [Synth 8-7080] Parallel synthesis criteria is not met
WARNING: [Synth 8-3917] design ex06_adc_uart has port led[15] driven by constant 0
WARNING: [Synth 8-3917] design ex06_adc_uart has port led[14] driven by constant 0
WARNING: [Synth 8-3917] design ex06_adc_uart has port led[13] driven by constant 0
WARNING: [Synth 8-3917] design ex06_adc_uart has port led[12] driven by constant 0
WARNING: [Synth 8-3917] design ex06_adc_uart has port led[11] driven by constant 0
WARNING: [Synth 8-3917] design ex06_adc_uart has port led[10] driven by constant 0
WARNING: [Synth 8-3917] design ex06_adc_uart has port led[9] driven by constant 0
WARNING: [Synth 8-3917] design ex06_adc_uart has port led[8] driven by constant 0
WARNING: [Synth 8-3917] design ex06_adc_uart has port led[7] driven by constant 0
WARNING: [Synth 8-3917] design ex06_adc_uart has port led[6] driven by constant 0
WARNING: [Synth 8-3917] design ex06_adc_uart has port led[5] driven by constant 0
WARNING: [Synth 8-3917] design ex06_adc_uart has port led[4] driven by constant 0
WARNING: [Synth 8-3917] design ex06_adc_uart has port led[3] driven by constant 0
---------------------------------------------------------------------------------
Finished Cross Boundary and Area Optimization : Time (s): cpu = 00:00:11 ; elapsed = 00:00:20 . Memory (MB): peak = 1171.531 ; gain = 664.039
---------------------------------------------------------------------------------
---------------------------------------------------------------------------------
Start Applying XDC Timing Constraints
---------------------------------------------------------------------------------
---------------------------------------------------------------------------------
Finished Applying XDC Timing Constraints : Time (s): cpu = 00:00:14 ; elapsed = 00:00:27 . Memory (MB): peak = 1284.879 ; gain = 777.387
---------------------------------------------------------------------------------
---------------------------------------------------------------------------------
Start Timing Optimization
---------------------------------------------------------------------------------
---------------------------------------------------------------------------------
Finished Timing Optimization : Time (s): cpu = 00:00:15 ; elapsed = 00:00:27 . Memory (MB): peak = 1316.660 ; gain = 809.168
---------------------------------------------------------------------------------
---------------------------------------------------------------------------------
Start Technology Mapping
---------------------------------------------------------------------------------
---------------------------------------------------------------------------------
Finished Technology Mapping : Time (s): cpu = 00:00:15 ; elapsed = 00:00:27 . Memory (MB): peak = 1317.195 ; gain = 809.703
---------------------------------------------------------------------------------
---------------------------------------------------------------------------------
Start IO Insertion
---------------------------------------------------------------------------------
---------------------------------------------------------------------------------
Start Flattening Before IO Insertion
---------------------------------------------------------------------------------
---------------------------------------------------------------------------------
Finished Flattening Before IO Insertion
---------------------------------------------------------------------------------
---------------------------------------------------------------------------------
Start Final Netlist Cleanup
---------------------------------------------------------------------------------
---------------------------------------------------------------------------------
Finished Final Netlist Cleanup
---------------------------------------------------------------------------------
---------------------------------------------------------------------------------
Finished IO Insertion : Time (s): cpu = 00:00:17 ; elapsed = 00:00:32 . Memory (MB): peak = 1512.773 ; gain = 1005.281
---------------------------------------------------------------------------------
---------------------------------------------------------------------------------
Start Renaming Generated Instances
---------------------------------------------------------------------------------
---------------------------------------------------------------------------------
Finished Renaming Generated Instances : Time (s): cpu = 00:00:17 ; elapsed = 00:00:32 . Memory (MB): peak = 1512.773 ; gain = 1005.281
---------------------------------------------------------------------------------
---------------------------------------------------------------------------------
Start Rebuilding User Hierarchy
---------------------------------------------------------------------------------
---------------------------------------------------------------------------------
Finished Rebuilding User Hierarchy : Time (s): cpu = 00:00:17 ; elapsed = 00:00:32 . Memory (MB): peak = 1512.773 ; gain = 1005.281
---------------------------------------------------------------------------------
---------------------------------------------------------------------------------
Start Renaming Generated Ports
---------------------------------------------------------------------------------
---------------------------------------------------------------------------------
Finished Renaming Generated Ports : Time (s): cpu = 00:00:17 ; elapsed = 00:00:32 . Memory (MB): peak = 1512.773 ; gain = 1005.281
---------------------------------------------------------------------------------
---------------------------------------------------------------------------------
Start Handling Custom Attributes
---------------------------------------------------------------------------------
---------------------------------------------------------------------------------
Finished Handling Custom Attributes : Time (s): cpu = 00:00:17 ; elapsed = 00:00:32 . Memory (MB): peak = 1512.773 ; gain = 1005.281
---------------------------------------------------------------------------------
---------------------------------------------------------------------------------
Start Renaming Generated Nets
---------------------------------------------------------------------------------
---------------------------------------------------------------------------------
Finished Renaming Generated Nets : Time (s): cpu = 00:00:17 ; elapsed = 00:00:32 . Memory (MB): peak = 1512.773 ; gain = 1005.281
---------------------------------------------------------------------------------
---------------------------------------------------------------------------------
Start Writing Synthesis Report
---------------------------------------------------------------------------------

Report BlackBoxes: 
+-+--------------+----------+
| |BlackBox name |Instances |
+-+--------------+----------+
+-+--------------+----------+

Report Cell Usage: 
+------+-------+------+
|      |Cell   |Count |
+------+-------+------+
|1     |BUFG   |     1|
|2     |CARRY4 |    16|
|3     |LUT1   |     7|
|4     |LUT2   |     6|
|5     |LUT3   |     6|
|6     |LUT4   |    14|
|7     |LUT5   |    13|
|8     |LUT6   |    60|
|9     |FDRE   |   162|
|10    |FDSE   |     1|
|11    |IBUF   |     3|
|12    |OBUF   |    19|
+------+-------+------+
---------------------------------------------------------------------------------
Finished Writing Synthesis Report : Time (s): cpu = 00:00:17 ; elapsed = 00:00:32 . Memory (MB): peak = 1512.773 ; gain = 1005.281
---------------------------------------------------------------------------------
Synthesis finished with 0 errors, 0 critical warnings and 14 warnings.
Synthesis Optimization Runtime : Time (s): cpu = 00:00:11 ; elapsed = 00:00:30 . Memory (MB): peak = 1512.773 ; gain = 917.824
Synthesis Optimization Complete : Time (s): cpu = 00:00:17 ; elapsed = 00:00:32 . Memory (MB): peak = 1512.773 ; gain = 1005.281
INFO: [Project 1-571] Translating synthesized netlist
Netlist sorting complete. Time (s): cpu = 00:00:00 ; elapsed = 00:00:00.003 . Memory (MB): peak = 1521.977 ; gain = 0.000
INFO: [Netlist 29-17] Analyzing 16 Unisim elements for replacement
INFO: [Netlist 29-28] Unisim Transformation completed in 0 CPU seconds
INFO: [Project 1-570] Preparing netlist for logic optimization
INFO: [Opt 31-138] Pushed 0 inverter(s) to 0 load pin(s).
Netlist sorting complete. Time (s): cpu = 00:00:00 ; elapsed = 00:00:00 . Memory (MB): peak = 1525.605 ; gain = 0.000
INFO: [Project 1-111] Unisim Transformation Summary:
No Unisim elements were transformed.

Synth Design complete | Checksum: 145e2733
INFO: [Common 17-83] Releasing license: Synthesis
27 Infos, 27 Warnings, 0 Critical Warnings and 0 Errors encountered.
synth_design completed successfully
synth_design: Time (s): cpu = 00:00:19 ; elapsed = 00:00:38 . Memory (MB): peak = 1525.605 ; gain = 1207.551
Write ShapeDB Complete: Time (s): cpu = 00:00:00 ; elapsed = 00:00:00.002 . Memory (MB): peak = 1525.605 ; gain = 0.000
INFO: [Common 17-1381] The checkpoint 'D:/verilog/20260103/06_adc_uart/vivado/06_adc_uart.runs/synth_1/ex06_adc_uart.dcp' has been generated.
INFO: [Vivado 12-24828] Executing command : report_utilization -file ex06_adc_uart_utilization_synth.rpt -pb ex06_adc_uart_utilization_synth.pb
INFO: [Common 17-206] Exiting Vivado at Sun Jan  4 22:30:33 2026...
