#-----------------------------------------------------------
# Vivado v2024.2 (64-bit)
# SW Build 5239630 on Fri Nov 08 22:35:27 MST 2024
# IP Build 5239520 on Sun Nov 10 16:12:51 MST 2024
# SharedData Build 5239561 on Fri Nov 08 14:39:27 MST 2024
# Start of session at: Mon Jun 22 20:52:15 2026
# Process ID         : 26952
# Current directory  : D:/verilog/inha/day03/01_vga_colorbar/vivado
# Command line       : vivado.exe -gui_launcher_event rodinguilauncherevent14012 D:\verilog\inha\day03\01_vga_colorbar\vivado\01_vga_colorbar.xpr
# Log file           : D:/verilog/inha/day03/01_vga_colorbar/vivado/vivado.log
# Journal file       : D:/verilog/inha/day03/01_vga_colorbar/vivado\vivado.jou
# Running On         : PC-Home
# Platform           : Windows Server 2016 or Windows 10
# Operating System   : 22621
# Processor Detail   : Intel(R) Core(TM) i7-8700 CPU @ 3.20GHz
# CPU Frequency      : 3192 MHz
# CPU Physical cores : 6
# CPU Logical cores  : 12
# Host memory        : 17128 MB
# Swap memory        : 6442 MB
# Total Virtual      : 23570 MB
# Available Virtual  : 8098 MB
#-----------------------------------------------------------
start_gui
open_project D:/verilog/inha/day03/01_vga_colorbar/vivado/01_vga_colorbar.xpr
INFO: [Project 1-313] Project file moved from 'D:/verilog/20260103/01_vga_colorbar/vivado' since last save.
Scanning sources...
Finished scanning sources
INFO: [IP_Flow 19-234] Refreshing IP repositories
INFO: [IP_Flow 19-1704] No user IP repositories specified
INFO: [IP_Flow 19-2313] Loaded Vivado IP repository 'D:/Xilinx/Vivado/2024.2/data/ip'.
update_compile_order -fileset sources_1
reset_run synth_1
INFO: [Project 1-1161] Replacing file D:/verilog/inha/day03/01_vga_colorbar/vivado/01_vga_colorbar.srcs/utils_1/imports/synth_1/vga_colorbar_basys3.dcp with file D:/verilog/inha/day03/01_vga_colorbar/vivado/01_vga_colorbar.runs/synth_1/vga_colorbar_1080p_basys3.dcp
launch_runs impl_1 -to_step write_bitstream -jobs 6
[Mon Jun 22 20:52:38 2026] Launched synth_1...
Run output will be captured here: D:/verilog/inha/day03/01_vga_colorbar/vivado/01_vga_colorbar.runs/synth_1/runme.log
[Mon Jun 22 20:52:38 2026] Launched impl_1...
Run output will be captured here: D:/verilog/inha/day03/01_vga_colorbar/vivado/01_vga_colorbar.runs/impl_1/runme.log
exit
INFO: [Common 17-206] Exiting Vivado at Mon Jun 22 21:01:35 2026...
