Copyright 1986-2022 Xilinx, Inc. All Rights Reserved. Copyright 2022-2024 Advanced Micro Devices, Inc. All Rights Reserved.
---------------------------------------------------------------------------------------------------------------------------------------------
| Tool Version : Vivado v.2024.2 (win64) Build 5239630 Fri Nov 08 22:35:27 MST 2024
| Date         : Sun Jan  4 22:31:10 2026
| Host         : PC-Home running 64-bit major release  (build 9200)
| Command      : report_control_sets -verbose -file ex06_adc_uart_control_sets_placed.rpt
| Design       : ex06_adc_uart
| Device       : xc7a35t
---------------------------------------------------------------------------------------------------------------------------------------------

Control Set Information

Table of Contents
-----------------
1. Summary
2. Histogram
3. Flip-Flop Distribution
4. Detailed Control Set Information

1. Summary
----------

+----------------------------------------------------------+-------+
|                          Status                          | Count |
+----------------------------------------------------------+-------+
| Total control sets                                       |    11 |
|    Minimum number of control sets                        |    11 |
|    Addition due to synthesis replication                 |     0 |
|    Addition due to physical synthesis replication        |     0 |
| Unused register locations in slices containing registers |    44 |
+----------------------------------------------------------+-------+
* Control sets can be merged at opt_design using control_set_merge or merge_equivalent_drivers
** Run report_qor_suggestions for automated merging and remapping suggestions


2. Histogram
------------

+--------------------+-------+
|       Fanout       | Count |
+--------------------+-------+
| Total control sets |    11 |
| >= 0 to < 4        |     2 |
| >= 4 to < 6        |     3 |
| >= 6 to < 8        |     0 |
| >= 8 to < 10       |     1 |
| >= 10 to < 12      |     0 |
| >= 12 to < 14      |     0 |
| >= 14 to < 16      |     0 |
| >= 16              |     5 |
+--------------------+-------+
* Control sets can be remapped at either synth_design or opt_design


3. Flip-Flop Distribution
-------------------------

+--------------+-----------------------+------------------------+-----------------+--------------+
| Clock Enable | Synchronous Set/Reset | Asynchronous Set/Reset | Total Registers | Total Slices |
+--------------+-----------------------+------------------------+-----------------+--------------+
| No           | No                    | No                     |              53 |           18 |
| No           | No                    | Yes                    |               0 |            0 |
| No           | Yes                   | No                     |              22 |            7 |
| Yes          | No                    | No                     |              57 |           12 |
| Yes          | No                    | Yes                    |               0 |            0 |
| Yes          | Yes                   | No                     |              32 |            8 |
+--------------+-----------------------+------------------------+-----------------+--------------+


4. Detailed Control Set Information
-----------------------------------

+----------------+---------------------------+------------------------------+------------------+----------------+--------------+
|  Clock Signal  |       Enable Signal       |       Set/Reset Signal       | Slice Load Count | Bel Load Count | Bels / Slice |
+----------------+---------------------------+------------------------------+------------------+----------------+--------------+
|  clk_IBUF_BUFG | u_ad1/cs_i_2_n_0          | u_ad1/cs_i_1_n_0             |                1 |              1 |         1.00 |
|  clk_IBUF_BUFG | u_uart/baud_tick          | u_uart/p_0_in_0              |                1 |              1 |         1.00 |
|  clk_IBUF_BUFG |                           | u_ad1/div_cnt[3]_i_1_n_0     |                1 |              4 |         4.00 |
|  clk_IBUF_BUFG | u_ad1/sh1                 | u_ad1/p_0_in                 |                1 |              4 |         4.00 |
|  clk_IBUF_BUFG | u_uart/bit_cnt            | u_uart/bit_cnt[3]_i_1__0_n_0 |                1 |              4 |         4.00 |
|  clk_IBUF_BUFG | u_uart/shifter[8]_i_1_n_0 |                              |                4 |              9 |         2.25 |
|  clk_IBUF_BUFG |                           | sample_cnt[17]_i_1_n_0       |                6 |             18 |         3.00 |
|  clk_IBUF_BUFG | u_ad1/sh0                 | u_ad1/cs_i_1_n_0             |                4 |             22 |         5.50 |
|  clk_IBUF_BUFG | u_ad1/ch0[11]_i_1_n_0     |                              |                5 |             24 |         4.80 |
|  clk_IBUF_BUFG | u_ad1/led_OBUF[1]         |                              |                3 |             24 |         8.00 |
|  clk_IBUF_BUFG |                           |                              |               18 |             53 |         2.94 |
+----------------+---------------------------+------------------------------+------------------+----------------+--------------+


