Copyright 1986-2022 Xilinx, Inc. All Rights Reserved. Copyright 2022-2024 Advanced Micro Devices, Inc. All Rights Reserved.
---------------------------------------------------------------------------------------------------------------------------------------------
| Tool Version : Vivado v.2024.2 (win64) Build 5239630 Fri Nov 08 22:35:27 MST 2024
| Date         : Sun Jan  4 20:19:27 2026
| Host         : PC-Home running 64-bit major release  (build 9200)
| Command      : report_control_sets -verbose -file vga_image_1080p_basys3_control_sets_placed.rpt
| Design       : vga_image_1080p_basys3
| Device       : xc7a35t
---------------------------------------------------------------------------------------------------------------------------------------------

Control Set Information

Table of Contents
-----------------
1. Summary
2. Histogram
3. Flip-Flop Distribution
4. Detailed Control Set Information

1. Summary
----------

+----------------------------------------------------------+-------+
|                          Status                          | Count |
+----------------------------------------------------------+-------+
| Total control sets                                       |     5 |
|    Minimum number of control sets                        |     5 |
|    Addition due to synthesis replication                 |     0 |
|    Addition due to physical synthesis replication        |     0 |
| Unused register locations in slices containing registers |    25 |
+----------------------------------------------------------+-------+
* Control sets can be merged at opt_design using control_set_merge or merge_equivalent_drivers
** Run report_qor_suggestions for automated merging and remapping suggestions


2. Histogram
------------

+--------------------+-------+
|       Fanout       | Count |
+--------------------+-------+
| Total control sets |     5 |
| >= 0 to < 4        |     1 |
| >= 4 to < 6        |     0 |
| >= 6 to < 8        |     0 |
| >= 8 to < 10       |     0 |
| >= 10 to < 12      |     1 |
| >= 12 to < 14      |     2 |
| >= 14 to < 16      |     0 |
| >= 16              |     1 |
+--------------------+-------+
* Control sets can be remapped at either synth_design or opt_design


3. Flip-Flop Distribution
-------------------------

+--------------+-----------------------+------------------------+-----------------+--------------+
| Clock Enable | Synchronous Set/Reset | Asynchronous Set/Reset | Total Registers | Total Slices |
+--------------+-----------------------+------------------------+-----------------+--------------+
| No           | No                    | No                     |              13 |            9 |
| No           | No                    | Yes                    |               0 |            0 |
| No           | Yes                   | No                     |              31 |            8 |
| Yes          | No                    | No                     |               0 |            0 |
| Yes          | No                    | Yes                    |               0 |            0 |
| Yes          | Yes                   | No                     |              11 |            4 |
+--------------+-----------------------+------------------------+-----------------+--------------+


4. Detailed Control Set Information
-----------------------------------

+--------------------------+---------------+-----------------------+------------------+----------------+--------------+
|       Clock Signal       | Enable Signal |    Set/Reset Signal   | Slice Load Count | Bel Load Count | Bels / Slice |
+--------------------------+---------------+-----------------------+------------------+----------------+--------------+
|  u_clk1080/inst/clk_out1 |               | hsync_d_i_1_n_0       |                2 |              2 |         1.00 |
|  u_clk1080/inst/clk_out1 | v_cnt         | hsync_d_i_1_n_0       |                4 |             11 |         2.75 |
|  u_clk1080/inst/clk_out1 |               | h_cnt[0]_i_1_n_0      |                3 |             12 |         4.00 |
|  u_clk1080/inst/clk_out1 |               |                       |                9 |             13 |         1.44 |
|  u_clk1080/inst/clk_out1 |               | bram_addr[16]_i_1_n_0 |                3 |             17 |         5.67 |
+--------------------------+---------------+-----------------------+------------------+----------------+--------------+


