
*** Running vivado
    with args -log rca_top.vdi -applog -m64 -product Vivado -messageDb vivado.pb -mode batch -source rca_top.tcl -notrace



****** Vivado v2024.2 (64-bit)
  **** SW Build 5239630 on Fri Nov 08 22:35:27 MST 2024
  **** IP Build 5239520 on Sun Nov 10 16:12:51 MST 2024
  **** SharedData Build 5239561 on Fri Nov 08 14:39:27 MST 2024
  **** Start of session at: Mon Jun 22 20:10:40 2026
    ** Copyright 1986-2022 Xilinx, Inc. All Rights Reserved.
    ** Copyright 2022-2024 Advanced Micro Devices, Inc. All Rights Reserved.

source rca_top.tcl -notrace
Command: link_design -top rca_top -part xc7a35tcpg236-1
Design is defaulting to srcset: sources_1
Design is defaulting to constrset: constrs_1
INFO: [Device 21-403] Loading part xc7a35tcpg236-1
Netlist sorting complete. Time (s): cpu = 00:00:00 ; elapsed = 00:00:00 . Memory (MB): peak = 514.238 ; gain = 0.000
INFO: [Project 1-479] Netlist was created with Vivado 2024.2
INFO: [Project 1-570] Preparing netlist for logic optimization
Parsing XDC File [D:/verilog/inha/day01/ex03_rca_basic/vivado/ex03_rca_basic.srcs/constrs_1/new/ex03_rca_basic.xdc]
Finished Parsing XDC File [D:/verilog/inha/day01/ex03_rca_basic/vivado/ex03_rca_basic.srcs/constrs_1/new/ex03_rca_basic.xdc]
INFO: [Opt 31-138] Pushed 0 inverter(s) to 0 load pin(s).
Netlist sorting complete. Time (s): cpu = 00:00:00 ; elapsed = 00:00:00 . Memory (MB): peak = 635.875 ; gain = 0.000
INFO: [Project 1-111] Unisim Transformation Summary:
No Unisim elements were transformed.

5 Infos, 0 Warnings, 0 Critical Warnings and 0 Errors encountered.
link_design completed successfully
Command: opt_design
Attempting to get a license for feature 'Implementation' and/or device 'xc7a35t'
INFO: [Common 17-349] Got license for feature 'Implementation' and/or device 'xc7a35t'
Running DRC as a precondition to command opt_design

Starting DRC Task
INFO: [DRC 23-27] Running DRC with 2 threads
INFO: [Project 1-461] DRC finished with 0 Errors
INFO: [Project 1-462] Please refer to the DRC report (report_drc) for more information.

Time (s): cpu = 00:00:03 ; elapsed = 00:00:03 . Memory (MB): peak = 695.867 ; gain = 54.980

Starting Cache Timing Information Task
INFO: [Timing 38-35] Done setting XDC timing constraints.
Ending Cache Timing Information Task | Checksum: 261442c59

Time (s): cpu = 00:00:05 ; elapsed = 00:00:07 . Memory (MB): peak = 1215.426 ; gain = 519.559

Starting Logic Optimization Task

Phase 1 Initialization

Phase 1.1 Core Generation And Design Setup
Phase 1.1 Core Generation And Design Setup | Checksum: 261442c59

Time (s): cpu = 00:00:00 ; elapsed = 00:00:00.001 . Memory (MB): peak = 1618.859 ; gain = 0.000

Phase 1.2 Setup Constraints And Sort Netlist
Phase 1.2 Setup Constraints And Sort Netlist | Checksum: 261442c59

Time (s): cpu = 00:00:00 ; elapsed = 00:00:00.002 . Memory (MB): peak = 1618.859 ; gain = 0.000
Phase 1 Initialization | Checksum: 261442c59

Time (s): cpu = 00:00:00 ; elapsed = 00:00:00.003 . Memory (MB): peak = 1618.859 ; gain = 0.000

Phase 2 Timer Update And Timing Data Collection

Phase 2.1 Timer Update
Phase 2.1 Timer Update | Checksum: 261442c59

Time (s): cpu = 00:00:00 ; elapsed = 00:00:00.005 . Memory (MB): peak = 1618.859 ; gain = 0.000

Phase 2.2 Timing Data Collection
Phase 2.2 Timing Data Collection | Checksum: 261442c59

Time (s): cpu = 00:00:00 ; elapsed = 00:00:00.009 . Memory (MB): peak = 1618.859 ; gain = 0.000
Phase 2 Timer Update And Timing Data Collection | Checksum: 261442c59

Time (s): cpu = 00:00:00 ; elapsed = 00:00:00.010 . Memory (MB): peak = 1618.859 ; gain = 0.000

Phase 3 Retarget
INFO: [Opt 31-1851] Number of loadless carry chains removed were: 0
INFO: [Opt 31-1834] Total Chains To Be Transformed Were: 0 AND Number of Transformed insts Created are: 0
INFO: [Opt 31-138] Pushed 0 inverter(s) to 0 load pin(s).
INFO: [Opt 31-49] Retargeted 0 cell(s).
Phase 3 Retarget | Checksum: 261442c59

Time (s): cpu = 00:00:00 ; elapsed = 00:00:00.014 . Memory (MB): peak = 1618.859 ; gain = 0.000
Retarget | Checksum: 261442c59
INFO: [Opt 31-389] Phase Retarget created 0 cells and removed 0 cells

Phase 4 Constant propagation
INFO: [Opt 31-138] Pushed 0 inverter(s) to 0 load pin(s).
Phase 4 Constant propagation | Checksum: 261442c59

Time (s): cpu = 00:00:00 ; elapsed = 00:00:00.015 . Memory (MB): peak = 1618.859 ; gain = 0.000
Constant propagation | Checksum: 261442c59
INFO: [Opt 31-389] Phase Constant propagation created 0 cells and removed 0 cells

Phase 5 Sweep
INFO: [Constraints 18-11670] Building netlist checker database with flags, 0x8
Done building netlist checker database: Time (s): cpu = 00:00:00 ; elapsed = 00:00:00 . Memory (MB): peak = 1618.859 ; gain = 0.000
Phase 5 Sweep | Checksum: 261442c59

Time (s): cpu = 00:00:00 ; elapsed = 00:00:00.018 . Memory (MB): peak = 1618.859 ; gain = 0.000
Sweep | Checksum: 261442c59
INFO: [Opt 31-389] Phase Sweep created 0 cells and removed 0 cells

Phase 6 BUFG optimization
Phase 6 BUFG optimization | Checksum: 261442c59

Time (s): cpu = 00:00:00 ; elapsed = 00:00:00.052 . Memory (MB): peak = 1618.859 ; gain = 0.000
BUFG optimization | Checksum: 261442c59
INFO: [Opt 31-662] Phase BUFG optimization created 0 cells of which 0 are BUFGs and removed 0 cells.

Phase 7 Shift Register Optimization
INFO: [Opt 31-1064] SRL Remap converted 0 SRLs to 0 registers and converted 0 registers of register chains to 0 SRLs
Phase 7 Shift Register Optimization | Checksum: 261442c59

Time (s): cpu = 00:00:00 ; elapsed = 00:00:00.053 . Memory (MB): peak = 1618.859 ; gain = 0.000
Shift Register Optimization | Checksum: 261442c59
INFO: [Opt 31-389] Phase Shift Register Optimization created 0 cells and removed 0 cells

Phase 8 Post Processing Netlist
Phase 8 Post Processing Netlist | Checksum: 261442c59

Time (s): cpu = 00:00:00 ; elapsed = 00:00:00.054 . Memory (MB): peak = 1618.859 ; gain = 0.000
Post Processing Netlist | Checksum: 261442c59
INFO: [Opt 31-389] Phase Post Processing Netlist created 0 cells and removed 0 cells

Phase 9 Finalization

Phase 9.1 Finalizing Design Cores and Updating Shapes
Phase 9.1 Finalizing Design Cores and Updating Shapes | Checksum: 261442c59

Time (s): cpu = 00:00:00 ; elapsed = 00:00:00.056 . Memory (MB): peak = 1618.859 ; gain = 0.000

Phase 9.2 Verifying Netlist Connectivity

Starting Connectivity Check Task

Time (s): cpu = 00:00:00 ; elapsed = 00:00:00.006 . Memory (MB): peak = 1618.859 ; gain = 0.000
Phase 9.2 Verifying Netlist Connectivity | Checksum: 261442c59

Time (s): cpu = 00:00:00 ; elapsed = 00:00:00.062 . Memory (MB): peak = 1618.859 ; gain = 0.000
Phase 9 Finalization | Checksum: 261442c59

Time (s): cpu = 00:00:00 ; elapsed = 00:00:00.063 . Memory (MB): peak = 1618.859 ; gain = 0.000
Opt_design Change Summary
=========================


-------------------------------------------------------------------------------------------------------------------------
|  Phase                        |  #Cells created  |  #Cells Removed  |  #Constrained objects preventing optimizations  |
-------------------------------------------------------------------------------------------------------------------------
|  Retarget                     |               0  |               0  |                                              0  |
|  Constant propagation         |               0  |               0  |                                              0  |
|  Sweep                        |               0  |               0  |                                              0  |
|  BUFG optimization            |               0  |               0  |                                              0  |
|  Shift Register Optimization  |               0  |               0  |                                              0  |
|  Post Processing Netlist      |               0  |               0  |                                              0  |
-------------------------------------------------------------------------------------------------------------------------


Ending Logic Optimization Task | Checksum: 261442c59

Time (s): cpu = 00:00:00 ; elapsed = 00:00:00.064 . Memory (MB): peak = 1618.859 ; gain = 0.000

Starting Power Optimization Task
INFO: [Pwropt 34-132] Skipping clock gating for clocks with a period < 2.00 ns.
Ending Power Optimization Task | Checksum: 261442c59

Time (s): cpu = 00:00:00 ; elapsed = 00:00:00.009 . Memory (MB): peak = 1618.859 ; gain = 0.000

Starting Final Cleanup Task
Ending Final Cleanup Task | Checksum: 261442c59

Time (s): cpu = 00:00:00 ; elapsed = 00:00:00 . Memory (MB): peak = 1618.859 ; gain = 0.000

Starting Netlist Obfuscation Task
Netlist sorting complete. Time (s): cpu = 00:00:00 ; elapsed = 00:00:00 . Memory (MB): peak = 1618.859 ; gain = 0.000
Ending Netlist Obfuscation Task | Checksum: 261442c59

Time (s): cpu = 00:00:00 ; elapsed = 00:00:00 . Memory (MB): peak = 1618.859 ; gain = 0.000
INFO: [Common 17-83] Releasing license: Implementation
25 Infos, 0 Warnings, 0 Critical Warnings and 0 Errors encountered.
opt_design completed successfully
opt_design: Time (s): cpu = 00:00:10 ; elapsed = 00:00:13 . Memory (MB): peak = 1618.859 ; gain = 977.973
INFO: [Vivado 12-24828] Executing command : report_drc -file rca_top_drc_opted.rpt -pb rca_top_drc_opted.pb -rpx rca_top_drc_opted.rpx
Command: report_drc -file rca_top_drc_opted.rpt -pb rca_top_drc_opted.pb -rpx rca_top_drc_opted.rpx
INFO: [IP_Flow 19-234] Refreshing IP repositories
INFO: [IP_Flow 19-1704] No user IP repositories specified
INFO: [IP_Flow 19-2313] Loaded Vivado IP repository 'D:/Xilinx/Vivado/2024.2/data/ip'.
INFO: [DRC 23-27] Running DRC with 2 threads
INFO: [Vivado_Tcl 2-168] The results of DRC are in file D:/verilog/inha/day01/ex03_rca_basic/vivado/ex03_rca_basic.runs/impl_1/rca_top_drc_opted.rpt.
report_drc completed successfully
INFO: [Timing 38-480] Writing timing data to binary archive.
Write ShapeDB Complete: Time (s): cpu = 00:00:00 ; elapsed = 00:00:00.001 . Memory (MB): peak = 1618.859 ; gain = 0.000
Wrote PlaceDB: Time (s): cpu = 00:00:00 ; elapsed = 00:00:00.003 . Memory (MB): peak = 1618.859 ; gain = 0.000
Wrote PulsedLatchDB: Time (s): cpu = 00:00:00 ; elapsed = 00:00:00 . Memory (MB): peak = 1618.859 ; gain = 0.000
Writing XDEF routing.
Writing XDEF routing logical nets.
Writing XDEF routing special nets.
Wrote RouteStorage: Time (s): cpu = 00:00:00 ; elapsed = 00:00:00.014 . Memory (MB): peak = 1618.859 ; gain = 0.000
Wrote Netlist Cache: Time (s): cpu = 00:00:00 ; elapsed = 00:00:00 . Memory (MB): peak = 1618.859 ; gain = 0.000
Wrote Device Cache: Time (s): cpu = 00:00:00 ; elapsed = 00:00:00.005 . Memory (MB): peak = 1618.859 ; gain = 0.000
Write Physdb Complete: Time (s): cpu = 00:00:00 ; elapsed = 00:00:00.028 . Memory (MB): peak = 1618.859 ; gain = 0.000
INFO: [Common 17-1381] The checkpoint 'D:/verilog/inha/day01/ex03_rca_basic/vivado/ex03_rca_basic.runs/impl_1/rca_top_opt.dcp' has been generated.
Command: place_design
Attempting to get a license for feature 'Implementation' and/or device 'xc7a35t'
INFO: [Common 17-349] Got license for feature 'Implementation' and/or device 'xc7a35t'
INFO: [Common 17-83] Releasing license: Implementation
INFO: [DRC 23-27] Running DRC with 2 threads
INFO: [Vivado_Tcl 4-198] DRC finished with 0 Errors
INFO: [Vivado_Tcl 4-199] Please refer to the DRC report (report_drc) for more information.
Running DRC as a precondition to command place_design
INFO: [DRC 23-27] Running DRC with 2 threads
INFO: [Vivado_Tcl 4-198] DRC finished with 0 Errors
INFO: [Vivado_Tcl 4-199] Please refer to the DRC report (report_drc) for more information.
INFO: [Place 30-611] Multithreading enabled for place_design using a maximum of 2 CPUs

Starting Placer Task

Phase 1 Placer Initialization

Phase 1.1 Placer Initialization Netlist Sorting
Netlist sorting complete. Time (s): cpu = 00:00:00 ; elapsed = 00:00:00 . Memory (MB): peak = 1618.859 ; gain = 0.000
Phase 1.1 Placer Initialization Netlist Sorting | Checksum: 19d510c2e

Time (s): cpu = 00:00:00 ; elapsed = 00:00:00.001 . Memory (MB): peak = 1618.859 ; gain = 0.000
Netlist sorting complete. Time (s): cpu = 00:00:00 ; elapsed = 00:00:00.001 . Memory (MB): peak = 1618.859 ; gain = 0.000

Phase 1.2 IO Placement/ Clock Placement/ Build Placer Device
INFO: [Timing 38-35] Done setting XDC timing constraints.
Phase 1.2 IO Placement/ Clock Placement/ Build Placer Device | Checksum: 19d510c2e

Time (s): cpu = 00:00:00 ; elapsed = 00:00:00.072 . Memory (MB): peak = 1625.531 ; gain = 6.672

Phase 1.3 Build Placer Netlist Model
Phase 1.3 Build Placer Netlist Model | Checksum: 20b484194

Time (s): cpu = 00:00:00 ; elapsed = 00:00:00.120 . Memory (MB): peak = 1625.531 ; gain = 6.672

Phase 1.4 Constrain Clocks/Macros
Phase 1.4 Constrain Clocks/Macros | Checksum: 20b484194

Time (s): cpu = 00:00:00 ; elapsed = 00:00:00.122 . Memory (MB): peak = 1625.531 ; gain = 6.672
Phase 1 Placer Initialization | Checksum: 20b484194

Time (s): cpu = 00:00:00 ; elapsed = 00:00:00.124 . Memory (MB): peak = 1625.531 ; gain = 6.672

Phase 2 Global Placement

Phase 2.1 Floorplanning
Phase 2.1 Floorplanning | Checksum: 20b484194

Time (s): cpu = 00:00:00 ; elapsed = 00:00:00.126 . Memory (MB): peak = 1625.531 ; gain = 6.672

Phase 2.2 Update Timing before SLR Path Opt
Phase 2.2 Update Timing before SLR Path Opt | Checksum: 20b484194

Time (s): cpu = 00:00:00 ; elapsed = 00:00:00.127 . Memory (MB): peak = 1625.531 ; gain = 6.672

Phase 2.3 Post-Processing in Floorplanning
Phase 2.3 Post-Processing in Floorplanning | Checksum: 20b484194

Time (s): cpu = 00:00:00 ; elapsed = 00:00:00.128 . Memory (MB): peak = 1625.531 ; gain = 6.672

Phase 2.4 Global Place Phase1
Phase 2.4 Global Place Phase1 | Checksum: 20cc8960e

Time (s): cpu = 00:00:00 ; elapsed = 00:00:00.392 . Memory (MB): peak = 1625.531 ; gain = 6.672

Phase 2.5 Global Place Phase2
WARNING: [Place 46-29] Timing had been disabled during Placer and, therefore, physical synthesis in Placer will be skipped.
Phase 2.5 Global Place Phase2 | Checksum: 267d10029

Time (s): cpu = 00:00:00 ; elapsed = 00:00:00.435 . Memory (MB): peak = 1625.531 ; gain = 6.672
Phase 2 Global Placement | Checksum: 267d10029

Time (s): cpu = 00:00:00 ; elapsed = 00:00:00.438 . Memory (MB): peak = 1625.531 ; gain = 6.672

Phase 3 Detail Placement

Phase 3.1 Commit Multi Column Macros
Phase 3.1 Commit Multi Column Macros | Checksum: 267d10029

Time (s): cpu = 00:00:00 ; elapsed = 00:00:00.439 . Memory (MB): peak = 1625.531 ; gain = 6.672

Phase 3.2 Commit Most Macros & LUTRAMs
Phase 3.2 Commit Most Macros & LUTRAMs | Checksum: 241e9b0ff

Time (s): cpu = 00:00:00 ; elapsed = 00:00:00.442 . Memory (MB): peak = 1625.531 ; gain = 6.672

Phase 3.3 Area Swap Optimization
Phase 3.3 Area Swap Optimization | Checksum: 28e8e68ae

Time (s): cpu = 00:00:00 ; elapsed = 00:00:00.450 . Memory (MB): peak = 1625.531 ; gain = 6.672

Phase 3.4 Pipeline Register Optimization
Phase 3.4 Pipeline Register Optimization | Checksum: 28e8e68ae

Time (s): cpu = 00:00:00 ; elapsed = 00:00:00.451 . Memory (MB): peak = 1625.531 ; gain = 6.672

Phase 3.5 Small Shape Detail Placement
Phase 3.5 Small Shape Detail Placement | Checksum: 246788a8c

Time (s): cpu = 00:00:00 ; elapsed = 00:00:00.606 . Memory (MB): peak = 1625.531 ; gain = 6.672

Phase 3.6 Re-assign LUT pins
Phase 3.6 Re-assign LUT pins | Checksum: 246788a8c

Time (s): cpu = 00:00:00 ; elapsed = 00:00:00.608 . Memory (MB): peak = 1625.531 ; gain = 6.672

Phase 3.7 Pipeline Register Optimization
Phase 3.7 Pipeline Register Optimization | Checksum: 246788a8c

Time (s): cpu = 00:00:00 ; elapsed = 00:00:00.609 . Memory (MB): peak = 1625.531 ; gain = 6.672
Phase 3 Detail Placement | Checksum: 246788a8c

Time (s): cpu = 00:00:00 ; elapsed = 00:00:00.609 . Memory (MB): peak = 1625.531 ; gain = 6.672

Phase 4 Post Placement Optimization and Clean-Up

Phase 4.1 Post Commit Optimization
Phase 4.1 Post Commit Optimization | Checksum: 246788a8c

Time (s): cpu = 00:00:00 ; elapsed = 00:00:00.638 . Memory (MB): peak = 1625.531 ; gain = 6.672

Phase 4.2 Post Placement Cleanup
Phase 4.2 Post Placement Cleanup | Checksum: 246788a8c

Time (s): cpu = 00:00:00 ; elapsed = 00:00:00.641 . Memory (MB): peak = 1625.531 ; gain = 6.672

Phase 4.3 Placer Reporting

Phase 4.3.1 Print Estimated Congestion
INFO: [Place 30-612] Post-Placement Estimated Congestion 
 ____________________________________________________
|           | Global Congestion | Short Congestion  |
| Direction | Region Size       | Region Size       |
|___________|___________________|___________________|
|      North|                1x1|                1x1|
|___________|___________________|___________________|
|      South|                1x1|                1x1|
|___________|___________________|___________________|
|       East|                1x1|                1x1|
|___________|___________________|___________________|
|       West|                1x1|                1x1|
|___________|___________________|___________________|

Phase 4.3.1 Print Estimated Congestion | Checksum: 246788a8c

Time (s): cpu = 00:00:00 ; elapsed = 00:00:00.642 . Memory (MB): peak = 1625.531 ; gain = 6.672
Phase 4.3 Placer Reporting | Checksum: 246788a8c

Time (s): cpu = 00:00:00 ; elapsed = 00:00:00.643 . Memory (MB): peak = 1625.531 ; gain = 6.672

Phase 4.4 Final Placement Cleanup
Netlist sorting complete. Time (s): cpu = 00:00:00 ; elapsed = 00:00:00 . Memory (MB): peak = 1625.531 ; gain = 0.000

Time (s): cpu = 00:00:00 ; elapsed = 00:00:00.643 . Memory (MB): peak = 1625.531 ; gain = 6.672
Phase 4 Post Placement Optimization and Clean-Up | Checksum: 246788a8c

Time (s): cpu = 00:00:00 ; elapsed = 00:00:00.644 . Memory (MB): peak = 1625.531 ; gain = 6.672
Ending Placer Task | Checksum: 20b235a9f

Time (s): cpu = 00:00:00 ; elapsed = 00:00:00.645 . Memory (MB): peak = 1625.531 ; gain = 6.672
44 Infos, 1 Warnings, 0 Critical Warnings and 0 Errors encountered.
place_design completed successfully
INFO: [Vivado 12-24838] Running report commands "report_control_sets, report_io, report_utilization" in parallel.
Running report generation with 2 threads.
INFO: [Vivado 12-24828] Executing command : report_utilization -file rca_top_utilization_placed.rpt -pb rca_top_utilization_placed.pb
INFO: [Vivado 12-24828] Executing command : report_io -file rca_top_io_placed.rpt
report_io: Time (s): cpu = 00:00:00 ; elapsed = 00:00:00.048 . Memory (MB): peak = 1627.359 ; gain = 1.828
INFO: [Vivado 12-24828] Executing command : report_control_sets -verbose -file rca_top_control_sets_placed.rpt
report_control_sets: Time (s): cpu = 00:00:00 ; elapsed = 00:00:00.001 . Memory (MB): peak = 1627.402 ; gain = 0.000
Write ShapeDB Complete: Time (s): cpu = 00:00:00 ; elapsed = 00:00:00.001 . Memory (MB): peak = 1645.121 ; gain = 0.000
INFO: [Timing 38-480] Writing timing data to binary archive.
Wrote PlaceDB: Time (s): cpu = 00:00:00 ; elapsed = 00:00:00.003 . Memory (MB): peak = 1645.172 ; gain = 0.051
Wrote PulsedLatchDB: Time (s): cpu = 00:00:00 ; elapsed = 00:00:00 . Memory (MB): peak = 1645.172 ; gain = 0.000
Writing XDEF routing.
Writing XDEF routing logical nets.
Writing XDEF routing special nets.
Wrote RouteStorage: Time (s): cpu = 00:00:00 ; elapsed = 00:00:00.013 . Memory (MB): peak = 1645.172 ; gain = 0.000
Wrote Netlist Cache: Time (s): cpu = 00:00:00 ; elapsed = 00:00:00 . Memory (MB): peak = 1645.172 ; gain = 0.000
Wrote Device Cache: Time (s): cpu = 00:00:00 ; elapsed = 00:00:00.005 . Memory (MB): peak = 1645.172 ; gain = 0.000
Write Physdb Complete: Time (s): cpu = 00:00:00 ; elapsed = 00:00:00.027 . Memory (MB): peak = 1645.172 ; gain = 0.051
INFO: [Common 17-1381] The checkpoint 'D:/verilog/inha/day01/ex03_rca_basic/vivado/ex03_rca_basic.runs/impl_1/rca_top_placed.dcp' has been generated.
Command: phys_opt_design
Attempting to get a license for feature 'Implementation' and/or device 'xc7a35t'
INFO: [Common 17-349] Got license for feature 'Implementation' and/or device 'xc7a35t'

Starting Initial Update Timing Task

Time (s): cpu = 00:00:00 ; elapsed = 00:00:00.008 . Memory (MB): peak = 1651.613 ; gain = 6.441
INFO: [Vivado_Tcl 4-235] No timing constraint found. The netlist was not modified.
INFO: [Common 17-83] Releasing license: Implementation
53 Infos, 1 Warnings, 0 Critical Warnings and 0 Errors encountered.
phys_opt_design completed successfully
Write ShapeDB Complete: Time (s): cpu = 00:00:00 ; elapsed = 00:00:00 . Memory (MB): peak = 1669.477 ; gain = 0.027
INFO: [Timing 38-480] Writing timing data to binary archive.
Wrote PlaceDB: Time (s): cpu = 00:00:00 ; elapsed = 00:00:00.003 . Memory (MB): peak = 1669.477 ; gain = 0.000
Wrote PulsedLatchDB: Time (s): cpu = 00:00:00 ; elapsed = 00:00:00 . Memory (MB): peak = 1669.477 ; gain = 0.000
Writing XDEF routing.
Writing XDEF routing logical nets.
Writing XDEF routing special nets.
Wrote RouteStorage: Time (s): cpu = 00:00:00 ; elapsed = 00:00:00.014 . Memory (MB): peak = 1669.477 ; gain = 0.000
Wrote Netlist Cache: Time (s): cpu = 00:00:00 ; elapsed = 00:00:00 . Memory (MB): peak = 1669.477 ; gain = 0.000
Wrote Device Cache: Time (s): cpu = 00:00:00 ; elapsed = 00:00:00.005 . Memory (MB): peak = 1669.477 ; gain = 0.000
Write Physdb Complete: Time (s): cpu = 00:00:00 ; elapsed = 00:00:00.027 . Memory (MB): peak = 1669.477 ; gain = 0.000
INFO: [Common 17-1381] The checkpoint 'D:/verilog/inha/day01/ex03_rca_basic/vivado/ex03_rca_basic.runs/impl_1/rca_top_physopt.dcp' has been generated.
Command: route_design
Attempting to get a license for feature 'Implementation' and/or device 'xc7a35t'
INFO: [Common 17-349] Got license for feature 'Implementation' and/or device 'xc7a35t'


Starting Routing Task
INFO: [Route 35-254] Multithreading enabled for route_design using a maximum of 2 CPUs

Phase 1 Build RT Design
Checksum: PlaceDB: be657566 ConstDB: 0 ShapeSum: ac3c88e2 RouteDB: a0815c57
Post Restoration Checksum: NetGraph: 38bb69c9 | NumContArr: 4e51c289 | Constraints: c2a8fa9d | Timing: c2a8fa9d
Phase 1 Build RT Design | Checksum: 20c5f218c

Time (s): cpu = 00:00:16 ; elapsed = 00:00:20 . Memory (MB): peak = 1761.922 ; gain = 90.457

Phase 2 Router Initialization
INFO: [Route 35-64] No timing constraints were detected. The router will operate in resource-optimization mode.

Phase 2.1 Fix Topology Constraints
Phase 2.1 Fix Topology Constraints | Checksum: 20c5f218c

Time (s): cpu = 00:00:16 ; elapsed = 00:00:20 . Memory (MB): peak = 1767.965 ; gain = 96.500

Phase 2.2 Pre Route Cleanup
Phase 2.2 Pre Route Cleanup | Checksum: 20c5f218c

Time (s): cpu = 00:00:16 ; elapsed = 00:00:20 . Memory (MB): peak = 1767.965 ; gain = 96.500
 Number of Nodes with overlaps = 0

Router Utilization Summary
  Global Vertical Routing Utilization    = 0 %
  Global Horizontal Routing Utilization  = 0 %
  Routable Net Status*
  *Does not include unroutable nets such as driverless and loadless.
  Run report_route_status for detailed report.
  Number of Failed Nets               = 15
    (Failed Nets is the sum of unrouted and partially routed nets)
  Number of Unrouted Nets             = 15
  Number of Partially Routed Nets     = 0
  Number of Node Overlaps             = 0

Phase 2 Router Initialization | Checksum: 2bf50d5d3

Time (s): cpu = 00:00:16 ; elapsed = 00:00:20 . Memory (MB): peak = 1779.941 ; gain = 108.477

Phase 3 Global Routing
Phase 3 Global Routing | Checksum: 2bf50d5d3

Time (s): cpu = 00:00:16 ; elapsed = 00:00:20 . Memory (MB): peak = 1779.941 ; gain = 108.477

Phase 4 Initial Routing

Phase 4.1 Initial Net Routing Pass
Phase 4.1 Initial Net Routing Pass | Checksum: 27dd46f03

Time (s): cpu = 00:00:16 ; elapsed = 00:00:20 . Memory (MB): peak = 1779.941 ; gain = 108.477
Phase 4 Initial Routing | Checksum: 27dd46f03

Time (s): cpu = 00:00:16 ; elapsed = 00:00:20 . Memory (MB): peak = 1779.941 ; gain = 108.477

Phase 5 Rip-up And Reroute

Phase 5.1 Global Iteration 0
 Number of Nodes with overlaps = 0
Phase 5.1 Global Iteration 0 | Checksum: 238c63ba9

Time (s): cpu = 00:00:16 ; elapsed = 00:00:20 . Memory (MB): peak = 1779.941 ; gain = 108.477
Phase 5 Rip-up And Reroute | Checksum: 238c63ba9

Time (s): cpu = 00:00:16 ; elapsed = 00:00:20 . Memory (MB): peak = 1779.941 ; gain = 108.477

Phase 6 Delay and Skew Optimization
Phase 6 Delay and Skew Optimization | Checksum: 238c63ba9

Time (s): cpu = 00:00:16 ; elapsed = 00:00:20 . Memory (MB): peak = 1779.941 ; gain = 108.477

Phase 7 Post Hold Fix

Phase 7.1 Hold Fix Iter
Phase 7.1 Hold Fix Iter | Checksum: 238c63ba9

Time (s): cpu = 00:00:16 ; elapsed = 00:00:20 . Memory (MB): peak = 1779.941 ; gain = 108.477
Phase 7 Post Hold Fix | Checksum: 238c63ba9

Time (s): cpu = 00:00:16 ; elapsed = 00:00:20 . Memory (MB): peak = 1779.941 ; gain = 108.477

Phase 8 Route finalize

Router Utilization Summary
  Global Vertical Routing Utilization    = 0.0110819 %
  Global Horizontal Routing Utilization  = 0.00845914 %
  Routable Net Status*
  *Does not include unroutable nets such as driverless and loadless.
  Run report_route_status for detailed report.
  Number of Failed Nets               = 0
    (Failed Nets is the sum of unrouted and partially routed nets)
  Number of Unrouted Nets             = 0
  Number of Partially Routed Nets     = 0
  Number of Node Overlaps             = 0


--GLOBAL Congestion:
Utilization threshold used for congestion level computation: 0.85
Congestion Report
North Dir 1x1 Area, Max Cong = 16.2162%, No Congested Regions.
South Dir 1x1 Area, Max Cong = 16.2162%, No Congested Regions.
East Dir 1x1 Area, Max Cong = 5.88235%, No Congested Regions.
West Dir 1x1 Area, Max Cong = 7.35294%, No Congested Regions.

------------------------------
Reporting congestion hotspots
------------------------------
Direction: North
----------------
Congested clusters found at Level 0
Effective congestion level: 0 Aspect Ratio: 1 Sparse Ratio: 0
Direction: South
----------------
Congested clusters found at Level 0
Effective congestion level: 0 Aspect Ratio: 1 Sparse Ratio: 0
Direction: East
----------------
Congested clusters found at Level 0
Effective congestion level: 0 Aspect Ratio: 1 Sparse Ratio: 0
Direction: West
----------------
Congested clusters found at Level 0
Effective congestion level: 0 Aspect Ratio: 1 Sparse Ratio: 0

Phase 8 Route finalize | Checksum: 238c63ba9

Time (s): cpu = 00:00:16 ; elapsed = 00:00:20 . Memory (MB): peak = 1779.941 ; gain = 108.477

Phase 9 Verifying routed nets

 Verification completed successfully
Phase 9 Verifying routed nets | Checksum: 238c63ba9

Time (s): cpu = 00:00:16 ; elapsed = 00:00:20 . Memory (MB): peak = 1779.941 ; gain = 108.477

Phase 10 Depositing Routes
Phase 10 Depositing Routes | Checksum: 286967e0d

Time (s): cpu = 00:00:16 ; elapsed = 00:00:20 . Memory (MB): peak = 1779.941 ; gain = 108.477

Phase 11 Post Process Routing
Phase 11 Post Process Routing | Checksum: 286967e0d

Time (s): cpu = 00:00:16 ; elapsed = 00:00:20 . Memory (MB): peak = 1779.941 ; gain = 108.477
Total Elapsed time in route_design: 20.268 secs

Phase 12 Post-Route Event Processing
Phase 12 Post-Route Event Processing | Checksum: ec588c98

Time (s): cpu = 00:00:16 ; elapsed = 00:00:20 . Memory (MB): peak = 1779.941 ; gain = 108.477
INFO: [Route 35-16] Router Completed Successfully
Ending Routing Task | Checksum: ec588c98

Time (s): cpu = 00:00:16 ; elapsed = 00:00:20 . Memory (MB): peak = 1779.941 ; gain = 108.477

Routing Is Done.
INFO: [Common 17-83] Releasing license: Implementation
60 Infos, 1 Warnings, 0 Critical Warnings and 0 Errors encountered.
route_design completed successfully
route_design: Time (s): cpu = 00:00:16 ; elapsed = 00:00:20 . Memory (MB): peak = 1779.941 ; gain = 110.465
INFO: [Vivado 12-24828] Executing command : report_drc -file rca_top_drc_routed.rpt -pb rca_top_drc_routed.pb -rpx rca_top_drc_routed.rpx
Command: report_drc -file rca_top_drc_routed.rpt -pb rca_top_drc_routed.pb -rpx rca_top_drc_routed.rpx
INFO: [IP_Flow 19-1839] IP Catalog is up to date.
INFO: [DRC 23-27] Running DRC with 2 threads
INFO: [Vivado_Tcl 2-168] The results of DRC are in file D:/verilog/inha/day01/ex03_rca_basic/vivado/ex03_rca_basic.runs/impl_1/rca_top_drc_routed.rpt.
report_drc completed successfully
INFO: [Vivado 12-24828] Executing command : report_methodology -file rca_top_methodology_drc_routed.rpt -pb rca_top_methodology_drc_routed.pb -rpx rca_top_methodology_drc_routed.rpx
Command: report_methodology -file rca_top_methodology_drc_routed.rpt -pb rca_top_methodology_drc_routed.pb -rpx rca_top_methodology_drc_routed.rpx
INFO: [Timing 38-35] Done setting XDC timing constraints.
INFO: [DRC 23-133] Running Methodology with 2 threads
INFO: [Vivado_Tcl 2-1520] The results of Report Methodology are in file D:/verilog/inha/day01/ex03_rca_basic/vivado/ex03_rca_basic.runs/impl_1/rca_top_methodology_drc_routed.rpt.
report_methodology completed successfully
INFO: [Vivado 12-24828] Executing command : report_timing_summary -max_paths 10 -report_unconstrained -file rca_top_timing_summary_routed.rpt -pb rca_top_timing_summary_routed.pb -rpx rca_top_timing_summary_routed.rpx -warn_on_violation 
INFO: [Timing 38-35] Done setting XDC timing constraints.
INFO: [Timing 38-91] UpdateTimingParams: Speed grade: -1, Delay Type: min_max.
INFO: [Timing 38-191] Multithreading enabled for timing update using a maximum of 2 CPUs
WARNING: [Timing 38-313] There are no user specified timing constraints. Timing constraints are needed for proper timing analysis.
INFO: [Vivado 12-24838] Running report commands "report_incremental_reuse, report_route_status" in parallel.
Running report generation with 2 threads.
INFO: [Vivado 12-24828] Executing command : report_route_status -file rca_top_route_status.rpt -pb rca_top_route_status.pb
INFO: [Vivado 12-24828] Executing command : report_incremental_reuse -file rca_top_incremental_reuse_routed.rpt
INFO: [Vivado_Tcl 4-1062] Incremental flow is disabled. No incremental reuse Info to report.
INFO: [Vivado 12-24828] Executing command : report_power -file rca_top_power_routed.rpt -pb rca_top_power_summary_routed.pb -rpx rca_top_power_routed.rpx
Command: report_power -file rca_top_power_routed.rpt -pb rca_top_power_summary_routed.pb -rpx rca_top_power_routed.rpx
WARNING: [Power 33-232] No user defined clocks were found in the design! Power estimation will be inaccurate until this is corrected.
Resolution: Please specify clocks using create_clock/create_generated_clock for sequential elements. For pure combinatorial circuits, please specify a virtual clock, otherwise the vectorless estimation might be inaccurate
Running Vector-less Activity Propagation...

Finished Running Vector-less Activity Propagation
77 Infos, 3 Warnings, 0 Critical Warnings and 0 Errors encountered.
report_power completed successfully
INFO: [Vivado 12-24828] Executing command : report_clock_utilization -file rca_top_clock_utilization_routed.rpt
INFO: [Vivado 12-24828] Executing command : report_bus_skew -warn_on_violation -file rca_top_bus_skew_routed.rpt -pb rca_top_bus_skew_routed.pb -rpx rca_top_bus_skew_routed.rpx
INFO: [Timing 38-91] UpdateTimingParams: Speed grade: -1, Delay Type: min_max.
INFO: [Timing 38-191] Multithreading enabled for timing update using a maximum of 2 CPUs
generate_parallel_reports: Time (s): cpu = 00:00:07 ; elapsed = 00:00:06 . Memory (MB): peak = 1852.488 ; gain = 72.547
Write ShapeDB Complete: Time (s): cpu = 00:00:00 ; elapsed = 00:00:00.001 . Memory (MB): peak = 1853.422 ; gain = 0.016
INFO: [Timing 38-480] Writing timing data to binary archive.
Wrote PlaceDB: Time (s): cpu = 00:00:00 ; elapsed = 00:00:00.003 . Memory (MB): peak = 1853.422 ; gain = 0.000
Wrote PulsedLatchDB: Time (s): cpu = 00:00:00 ; elapsed = 00:00:00 . Memory (MB): peak = 1853.422 ; gain = 0.000
Writing XDEF routing.
Writing XDEF routing logical nets.
Writing XDEF routing special nets.
Wrote RouteStorage: Time (s): cpu = 00:00:00 ; elapsed = 00:00:00.016 . Memory (MB): peak = 1853.422 ; gain = 0.000
Wrote Netlist Cache: Time (s): cpu = 00:00:00 ; elapsed = 00:00:00 . Memory (MB): peak = 1853.422 ; gain = 0.000
Wrote Device Cache: Time (s): cpu = 00:00:00 ; elapsed = 00:00:00.005 . Memory (MB): peak = 1853.422 ; gain = 0.000
Write Physdb Complete: Time (s): cpu = 00:00:00 ; elapsed = 00:00:00.030 . Memory (MB): peak = 1853.422 ; gain = 0.000
INFO: [Common 17-1381] The checkpoint 'D:/verilog/inha/day01/ex03_rca_basic/vivado/ex03_rca_basic.runs/impl_1/rca_top_routed.dcp' has been generated.
Command: write_bitstream -force rca_top.bit
Attempting to get a license for feature 'Implementation' and/or device 'xc7a35t'
INFO: [Common 17-349] Got license for feature 'Implementation' and/or device 'xc7a35t'
Running DRC as a precondition to command write_bitstream
INFO: [IP_Flow 19-1839] IP Catalog is up to date.
INFO: [DRC 23-27] Running DRC with 2 threads
INFO: [Vivado 12-3199] DRC finished with 0 Errors
INFO: [Vivado 12-3200] Please refer to the DRC report (report_drc) for more information.
INFO: [Designutils 20-2272] Running write_bitstream with 2 threads.
Loading data files...
Loading site data...
Loading route data...
Processing options...
Creating bitmap...
Creating bitstream...
Writing bitstream ./rca_top.bit...
INFO: [Vivado 12-1842] Bitgen Completed Successfully.
INFO: [Project 1-1876] WebTalk data collection is mandatory when using a ULT device. To see the specific WebTalk data collected for your design, open the usage_statistics_webtalk.html or usage_statistics_webtalk.xml file in the implementation directory.
INFO: [Common 17-83] Releasing license: Implementation
92 Infos, 3 Warnings, 0 Critical Warnings and 0 Errors encountered.
write_bitstream completed successfully
write_bitstream: Time (s): cpu = 00:00:08 ; elapsed = 00:00:10 . Memory (MB): peak = 2333.043 ; gain = 479.621
INFO: [Common 17-206] Exiting Vivado at Mon Jun 22 20:11:46 2026...
