
*** Running vivado
    with args -log ex03.vds -m64 -product Vivado -mode batch -messageDb vivado.pb -notrace -source ex03.tcl



****** Vivado v2024.2 (64-bit)
  **** SW Build 5239630 on Fri Nov 08 22:35:27 MST 2024
  **** IP Build 5239520 on Sun Nov 10 16:12:51 MST 2024
  **** SharedData Build 5239561 on Fri Nov 08 14:39:27 MST 2024
  **** Start of session at: Sat Jan  3 23:30:11 2026
    ** Copyright 1986-2022 Xilinx, Inc. All Rights Reserved.
    ** Copyright 2022-2024 Advanced Micro Devices, Inc. All Rights Reserved.

source ex03.tcl -notrace
Command: read_checkpoint -auto_incremental -incremental D:/verilog/20260103/03_sine_wave/vivado/03_sine_wave.srcs/utils_1/imports/synth_1/ex02.dcp
INFO: [Vivado 12-5825] Read reference checkpoint from D:/verilog/20260103/03_sine_wave/vivado/03_sine_wave.srcs/utils_1/imports/synth_1/ex02.dcp for incremental synthesis
INFO: [Vivado 12-7989] Please ensure there are no constraint changes
Command: synth_design -top ex03 -part xc7a35tcpg236-1
Starting synth_design
Attempting to get a license for feature 'Synthesis' and/or device 'xc7a35t'
INFO: [Common 17-349] Got license for feature 'Synthesis' and/or device 'xc7a35t'
INFO: [Device 21-403] Loading part xc7a35tcpg236-1
INFO: [Designutils 20-5440] No compile time benefit to using incremental synthesis; A full resynthesis will be run
INFO: [Designutils 20-4379] Flow is switching to default flow due to incremental criteria not met. If you would like to alter this behaviour and have the flow terminate instead, please set the following parameter config_implementation {autoIncr.Synth.RejectBehavior Terminate}
INFO: [Synth 8-7079] Multithreading enabled for synth_design using a maximum of 2 processes.
INFO: [Synth 8-7078] Launching helper process for spawning children vivado processes
INFO: [Synth 8-7075] Helper process launched with PID 20180
---------------------------------------------------------------------------------
Starting RTL Elaboration : Time (s): cpu = 00:00:04 ; elapsed = 00:00:07 . Memory (MB): peak = 993.426 ; gain = 469.711
---------------------------------------------------------------------------------
INFO: [Synth 8-6157] synthesizing module 'ex03' [D:/verilog/20260103/03_sine_wave/vivado/03_sine_wave.srcs/sources_1/new/ex03.v:4]
INFO: [Synth 8-6157] synthesizing module 'vio_1' [D:/verilog/20260103/03_sine_wave/vivado/03_sine_wave.runs/synth_1/.Xil/Vivado-6492-PC-Home/realtime/vio_1_stub.v:6]
INFO: [Synth 8-6155] done synthesizing module 'vio_1' (0#1) [D:/verilog/20260103/03_sine_wave/vivado/03_sine_wave.runs/synth_1/.Xil/Vivado-6492-PC-Home/realtime/vio_1_stub.v:6]
INFO: [Synth 8-6157] synthesizing module 'sine_gen' [D:/verilog/20260103/03_sine_wave/vivado/03_sine_wave.srcs/sources_1/new/ex03.v:30]
INFO: [Synth 8-6157] synthesizing module 'blk_mem_gen_0' [D:/verilog/20260103/03_sine_wave/vivado/03_sine_wave.runs/synth_1/.Xil/Vivado-6492-PC-Home/realtime/blk_mem_gen_0_stub.v:6]
INFO: [Synth 8-6155] done synthesizing module 'blk_mem_gen_0' (0#1) [D:/verilog/20260103/03_sine_wave/vivado/03_sine_wave.runs/synth_1/.Xil/Vivado-6492-PC-Home/realtime/blk_mem_gen_0_stub.v:6]
INFO: [Synth 8-6157] synthesizing module 'da2_refcomp_like' [D:/verilog/20260103/03_sine_wave/vivado/03_sine_wave.srcs/sources_1/new/ex03.v:156]
INFO: [Synth 8-6155] done synthesizing module 'da2_refcomp_like' (0#1) [D:/verilog/20260103/03_sine_wave/vivado/03_sine_wave.srcs/sources_1/new/ex03.v:156]
INFO: [Synth 8-6155] done synthesizing module 'sine_gen' (0#1) [D:/verilog/20260103/03_sine_wave/vivado/03_sine_wave.srcs/sources_1/new/ex03.v:30]
INFO: [Synth 8-6155] done synthesizing module 'ex03' (0#1) [D:/verilog/20260103/03_sine_wave/vivado/03_sine_wave.srcs/sources_1/new/ex03.v:4]
INFO: [Synth 8-6071] Mark debug on the nets applies keep_hierarchy on instance 'u1'. This will prevent further optimization [D:/verilog/20260103/03_sine_wave/vivado/03_sine_wave.srcs/sources_1/new/ex03.v:13]
INFO: [Synth 8-6071] Mark debug on the nets applies keep_hierarchy on instance 'u0'. This will prevent further optimization [D:/verilog/20260103/03_sine_wave/vivado/03_sine_wave.srcs/sources_1/new/ex03.v:18]
---------------------------------------------------------------------------------
Finished RTL Elaboration : Time (s): cpu = 00:00:05 ; elapsed = 00:00:09 . Memory (MB): peak = 1102.242 ; gain = 578.527
---------------------------------------------------------------------------------
---------------------------------------------------------------------------------
Start Handling Custom Attributes
---------------------------------------------------------------------------------
---------------------------------------------------------------------------------
Finished Handling Custom Attributes : Time (s): cpu = 00:00:05 ; elapsed = 00:00:09 . Memory (MB): peak = 1102.242 ; gain = 578.527
---------------------------------------------------------------------------------
---------------------------------------------------------------------------------
Finished RTL Optimization Phase 1 : Time (s): cpu = 00:00:05 ; elapsed = 00:00:09 . Memory (MB): peak = 1102.242 ; gain = 578.527
---------------------------------------------------------------------------------
Netlist sorting complete. Time (s): cpu = 00:00:00 ; elapsed = 00:00:00.005 . Memory (MB): peak = 1102.242 ; gain = 0.000
INFO: [Project 1-570] Preparing netlist for logic optimization

Processing XDC Constraints
Initializing timing engine
Parsing XDC File [d:/verilog/20260103/03_sine_wave/vivado/03_sine_wave.gen/sources_1/ip/blk_mem_gen_0/blk_mem_gen_0/blk_mem_gen_0_in_context.xdc] for cell 'u0/u_bram'
Finished Parsing XDC File [d:/verilog/20260103/03_sine_wave/vivado/03_sine_wave.gen/sources_1/ip/blk_mem_gen_0/blk_mem_gen_0/blk_mem_gen_0_in_context.xdc] for cell 'u0/u_bram'
Parsing XDC File [d:/verilog/20260103/03_sine_wave/vivado/03_sine_wave.gen/sources_1/ip/vio_1/vio_1/vio_1_in_context.xdc] for cell 'u1'
Finished Parsing XDC File [d:/verilog/20260103/03_sine_wave/vivado/03_sine_wave.gen/sources_1/ip/vio_1/vio_1/vio_1_in_context.xdc] for cell 'u1'
Parsing XDC File [D:/verilog/20260103/03_sine_wave/vivado/03_sine_wave.srcs/constrs_1/new/ex03.xdc]
Finished Parsing XDC File [D:/verilog/20260103/03_sine_wave/vivado/03_sine_wave.srcs/constrs_1/new/ex03.xdc]
INFO: [Project 1-236] Implementation specific constraints were found while reading constraint file [D:/verilog/20260103/03_sine_wave/vivado/03_sine_wave.srcs/constrs_1/new/ex03.xdc]. These constraints will be ignored for synthesis but will be used in implementation. Impacted constraints are listed in the file [.Xil/ex03_propImpl.xdc].
Resolution: To avoid this warning, move constraints listed in [.Xil/ex03_propImpl.xdc] to another XDC file and exclude this new file from synthesis with the used_in_synthesis property (File Properties dialog in GUI) and re-run elaboration/synthesis.
Completed Processing XDC Constraints

Netlist sorting complete. Time (s): cpu = 00:00:00 ; elapsed = 00:00:00 . Memory (MB): peak = 1185.977 ; gain = 0.000
INFO: [Project 1-111] Unisim Transformation Summary:
No Unisim elements were transformed.

Constraint Validation Runtime : Time (s): cpu = 00:00:00 ; elapsed = 00:00:00.004 . Memory (MB): peak = 1185.977 ; gain = 0.000
WARNING: [Timing 38-316] Clock period '20.000' specified during out-of-context synthesis of instance 'u0/u_bram' at clock pin 'clka' is different from the actual clock period '10.000', this can lead to different synthesis results.
INFO: [Designutils 20-5440] No compile time benefit to using incremental synthesis; A full resynthesis will be run
INFO: [Designutils 20-4379] Flow is switching to default flow due to incremental criteria not met. If you would like to alter this behaviour and have the flow terminate instead, please set the following parameter config_implementation {autoIncr.Synth.RejectBehavior Terminate}
---------------------------------------------------------------------------------
Finished Constraint Validation : Time (s): cpu = 00:00:11 ; elapsed = 00:00:18 . Memory (MB): peak = 1186.047 ; gain = 662.332
---------------------------------------------------------------------------------
---------------------------------------------------------------------------------
Start Loading Part and Timing Information
---------------------------------------------------------------------------------
Loading part: xc7a35tcpg236-1
---------------------------------------------------------------------------------
Finished Loading Part and Timing Information : Time (s): cpu = 00:00:11 ; elapsed = 00:00:18 . Memory (MB): peak = 1186.047 ; gain = 662.332
---------------------------------------------------------------------------------
---------------------------------------------------------------------------------
Start Applying 'set_property' XDC Constraints
---------------------------------------------------------------------------------
Applied set_property KEEP_HIERARCHY = SOFT for u0/u_bram. (constraint file  auto generated constraint).
Applied set_property KEEP_HIERARCHY = SOFT for u1. (constraint file  auto generated constraint).
---------------------------------------------------------------------------------
Finished applying 'set_property' XDC Constraints : Time (s): cpu = 00:00:11 ; elapsed = 00:00:18 . Memory (MB): peak = 1186.047 ; gain = 662.332
---------------------------------------------------------------------------------
---------------------------------------------------------------------------------
Finished RTL Optimization Phase 2 : Time (s): cpu = 00:00:11 ; elapsed = 00:00:18 . Memory (MB): peak = 1186.047 ; gain = 662.332
---------------------------------------------------------------------------------
---------------------------------------------------------------------------------
Start RTL Component Statistics 
---------------------------------------------------------------------------------
Detailed RTL Component Info : 
+---Adders : 
	   2 Input   43 Bit       Adders := 1     
	   2 Input   32 Bit       Adders := 2     
	   2 Input   10 Bit       Adders := 1     
	   2 Input    5 Bit       Adders := 1     
	   2 Input    4 Bit       Adders := 1     
+---Registers : 
	               16 Bit    Registers := 2     
	                5 Bit    Registers := 1     
	                4 Bit    Registers := 1     
	                1 Bit    Registers := 6     
+---Multipliers : 
	              10x33  Multipliers := 1     
+---Muxes : 
	   4 Input   16 Bit        Muxes := 1     
	   2 Input   16 Bit        Muxes := 2     
	   2 Input    5 Bit        Muxes := 4     
	   2 Input    4 Bit        Muxes := 2     
	   2 Input    1 Bit        Muxes := 4     
---------------------------------------------------------------------------------
Finished RTL Component Statistics 
---------------------------------------------------------------------------------
---------------------------------------------------------------------------------
Start Part Resource Summary
---------------------------------------------------------------------------------
Part Resources:
DSPs: 90 (col length:60)
BRAMs: 100 (col length: RAMB18 60 RAMB36 30)
---------------------------------------------------------------------------------
Finished Part Resource Summary
---------------------------------------------------------------------------------
---------------------------------------------------------------------------------
Start Cross Boundary and Area Optimization
---------------------------------------------------------------------------------
WARNING: [Synth 8-7080] Parallel synthesis criteria is not met
---------------------------------------------------------------------------------
Finished Cross Boundary and Area Optimization : Time (s): cpu = 00:00:13 ; elapsed = 00:00:22 . Memory (MB): peak = 1186.047 ; gain = 662.332
---------------------------------------------------------------------------------
---------------------------------------------------------------------------------
Start Applying XDC Timing Constraints
---------------------------------------------------------------------------------
---------------------------------------------------------------------------------
Finished Applying XDC Timing Constraints : Time (s): cpu = 00:00:18 ; elapsed = 00:00:28 . Memory (MB): peak = 1299.809 ; gain = 776.094
---------------------------------------------------------------------------------
---------------------------------------------------------------------------------
Start Timing Optimization
---------------------------------------------------------------------------------
---------------------------------------------------------------------------------
Finished Timing Optimization : Time (s): cpu = 00:00:18 ; elapsed = 00:00:30 . Memory (MB): peak = 1344.863 ; gain = 821.148
---------------------------------------------------------------------------------
---------------------------------------------------------------------------------
Start Technology Mapping
---------------------------------------------------------------------------------
---------------------------------------------------------------------------------
Finished Technology Mapping : Time (s): cpu = 00:00:18 ; elapsed = 00:00:30 . Memory (MB): peak = 1344.863 ; gain = 821.148
---------------------------------------------------------------------------------
---------------------------------------------------------------------------------
Start IO Insertion
---------------------------------------------------------------------------------
---------------------------------------------------------------------------------
Start Flattening Before IO Insertion
---------------------------------------------------------------------------------
---------------------------------------------------------------------------------
Finished Flattening Before IO Insertion
---------------------------------------------------------------------------------
---------------------------------------------------------------------------------
Start Final Netlist Cleanup
---------------------------------------------------------------------------------
---------------------------------------------------------------------------------
Finished Final Netlist Cleanup
---------------------------------------------------------------------------------
---------------------------------------------------------------------------------
Finished IO Insertion : Time (s): cpu = 00:00:22 ; elapsed = 00:00:34 . Memory (MB): peak = 1535.539 ; gain = 1011.824
---------------------------------------------------------------------------------
---------------------------------------------------------------------------------
Start Renaming Generated Instances
---------------------------------------------------------------------------------
---------------------------------------------------------------------------------
Finished Renaming Generated Instances : Time (s): cpu = 00:00:22 ; elapsed = 00:00:34 . Memory (MB): peak = 1535.539 ; gain = 1011.824
---------------------------------------------------------------------------------
---------------------------------------------------------------------------------
Start Rebuilding User Hierarchy
---------------------------------------------------------------------------------
---------------------------------------------------------------------------------
Finished Rebuilding User Hierarchy : Time (s): cpu = 00:00:22 ; elapsed = 00:00:35 . Memory (MB): peak = 1535.539 ; gain = 1011.824
---------------------------------------------------------------------------------
---------------------------------------------------------------------------------
Start Renaming Generated Ports
---------------------------------------------------------------------------------
---------------------------------------------------------------------------------
Finished Renaming Generated Ports : Time (s): cpu = 00:00:22 ; elapsed = 00:00:35 . Memory (MB): peak = 1535.539 ; gain = 1011.824
---------------------------------------------------------------------------------
---------------------------------------------------------------------------------
Start Handling Custom Attributes
---------------------------------------------------------------------------------
---------------------------------------------------------------------------------
Finished Handling Custom Attributes : Time (s): cpu = 00:00:22 ; elapsed = 00:00:35 . Memory (MB): peak = 1535.539 ; gain = 1011.824
---------------------------------------------------------------------------------
---------------------------------------------------------------------------------
Start Renaming Generated Nets
---------------------------------------------------------------------------------
---------------------------------------------------------------------------------
Finished Renaming Generated Nets : Time (s): cpu = 00:00:22 ; elapsed = 00:00:35 . Memory (MB): peak = 1535.539 ; gain = 1011.824
---------------------------------------------------------------------------------
---------------------------------------------------------------------------------
Start Writing Synthesis Report
---------------------------------------------------------------------------------

Report BlackBoxes: 
+------+--------------+----------+
|      |BlackBox name |Instances |
+------+--------------+----------+
|1     |vio_1         |         1|
|2     |blk_mem_gen_0 |         1|
+------+--------------+----------+

Report Cell Usage: 
+------+------------+------+
|      |Cell        |Count |
+------+------------+------+
|1     |blk_mem_gen |     1|
|2     |vio         |     1|
|3     |BUFG        |     1|
|4     |CARRY4      |   107|
|5     |LUT1        |    47|
|6     |LUT2        |   106|
|7     |LUT3        |   168|
|8     |LUT4        |    60|
|9     |LUT5        |    69|
|10    |LUT6        |    90|
|11    |FDRE        |   102|
|12    |FDSE        |     1|
|13    |IBUF        |     2|
|14    |OBUF        |     5|
+------+------------+------+
---------------------------------------------------------------------------------
Finished Writing Synthesis Report : Time (s): cpu = 00:00:22 ; elapsed = 00:00:35 . Memory (MB): peak = 1535.539 ; gain = 1011.824
---------------------------------------------------------------------------------
Synthesis finished with 0 errors, 0 critical warnings and 1 warnings.
Synthesis Optimization Runtime : Time (s): cpu = 00:00:16 ; elapsed = 00:00:33 . Memory (MB): peak = 1535.539 ; gain = 928.020
Synthesis Optimization Complete : Time (s): cpu = 00:00:22 ; elapsed = 00:00:35 . Memory (MB): peak = 1535.539 ; gain = 1011.824
INFO: [Project 1-571] Translating synthesized netlist
Netlist sorting complete. Time (s): cpu = 00:00:00 ; elapsed = 00:00:00.007 . Memory (MB): peak = 1535.539 ; gain = 0.000
INFO: [Netlist 29-17] Analyzing 107 Unisim elements for replacement
INFO: [Netlist 29-28] Unisim Transformation completed in 0 CPU seconds
INFO: [Project 1-570] Preparing netlist for logic optimization
INFO: [Opt 31-138] Pushed 0 inverter(s) to 0 load pin(s).
Netlist sorting complete. Time (s): cpu = 00:00:00 ; elapsed = 00:00:00 . Memory (MB): peak = 1535.539 ; gain = 0.000
INFO: [Project 1-111] Unisim Transformation Summary:
No Unisim elements were transformed.

Synth Design complete | Checksum: d82c228c
INFO: [Common 17-83] Releasing license: Synthesis
33 Infos, 2 Warnings, 0 Critical Warnings and 0 Errors encountered.
synth_design completed successfully
synth_design: Time (s): cpu = 00:00:25 ; elapsed = 00:00:41 . Memory (MB): peak = 1535.539 ; gain = 1210.520
Write ShapeDB Complete: Time (s): cpu = 00:00:00 ; elapsed = 00:00:00.003 . Memory (MB): peak = 1535.539 ; gain = 0.000
INFO: [Common 17-1381] The checkpoint 'D:/verilog/20260103/03_sine_wave/vivado/03_sine_wave.runs/synth_1/ex03.dcp' has been generated.
INFO: [Vivado 12-24828] Executing command : report_utilization -file ex03_utilization_synth.rpt -pb ex03_utilization_synth.pb
INFO: [Common 17-206] Exiting Vivado at Sat Jan  3 23:30:58 2026...
