
*** Running vivado
    with args -log hcsr04_driver.vdi -applog -m64 -product Vivado -messageDb vivado.pb -mode batch -source hcsr04_driver.tcl -notrace



****** Vivado v2020.2 (64-bit)
  **** SW Build 3064766 on Wed Nov 18 09:12:45 MST 2020
  **** IP Build 3064653 on Wed Nov 18 14:17:31 MST 2020
    ** Copyright 1986-2020 Xilinx, Inc. All Rights Reserved.

source hcsr04_driver.tcl -notrace
Command: link_design -top hcsr04_driver -part xc7a35tcpg236-1
Design is defaulting to srcset: sources_1
Design is defaulting to constrset: constrs_1
INFO: [Device 21-403] Loading part xc7a35tcpg236-1
INFO: [Project 1-454] Reading design checkpoint 'c:/Users/kccistc/Downloads/inha/wednesday/ec06_Ultrasonic/vivado/ex06.gen/sources_1/ip/vio_0/vio_0.dcp' for cell 'u001'
Netlist sorting complete. Time (s): cpu = 00:00:00 ; elapsed = 00:00:00.007 . Memory (MB): peak = 1105.258 ; gain = 0.000
INFO: [Netlist 29-17] Analyzing 163 Unisim elements for replacement
INFO: [Netlist 29-28] Unisim Transformation completed in 0 CPU seconds
INFO: [Project 1-479] Netlist was created with Vivado 2020.2
INFO: [Project 1-570] Preparing netlist for logic optimization
INFO: [Chipscope 16-324] Core: u001 UUID: 190a2560-c994-593f-8b02-99531f3095dc 
Parsing XDC File [c:/Users/kccistc/Downloads/inha/wednesday/ec06_Ultrasonic/vivado/ex06.gen/sources_1/ip/vio_0/vio_0.xdc] for cell 'u001'
Finished Parsing XDC File [c:/Users/kccistc/Downloads/inha/wednesday/ec06_Ultrasonic/vivado/ex06.gen/sources_1/ip/vio_0/vio_0.xdc] for cell 'u001'
Parsing XDC File [C:/Users/kccistc/Downloads/inha/wednesday/ec06_Ultrasonic/vivado/ex06.srcs/constrs_1/new/ex06.xdc]
Finished Parsing XDC File [C:/Users/kccistc/Downloads/inha/wednesday/ec06_Ultrasonic/vivado/ex06.srcs/constrs_1/new/ex06.xdc]
INFO: [Opt 31-138] Pushed 0 inverter(s) to 0 load pin(s).
Netlist sorting complete. Time (s): cpu = 00:00:00 ; elapsed = 00:00:00.001 . Memory (MB): peak = 1105.258 ; gain = 0.000
INFO: [Project 1-111] Unisim Transformation Summary:
No Unisim elements were transformed.

9 Infos, 0 Warnings, 0 Critical Warnings and 0 Errors encountered.
link_design completed successfully
Command: opt_design
Attempting to get a license for feature 'Implementation' and/or device 'xc7a35t'
INFO: [Common 17-349] Got license for feature 'Implementation' and/or device 'xc7a35t'
Running DRC as a precondition to command opt_design

Starting DRC Task
INFO: [DRC 23-27] Running DRC with 2 threads
INFO: [Project 1-461] DRC finished with 0 Errors
INFO: [Project 1-462] Please refer to the DRC report (report_drc) for more information.

Time (s): cpu = 00:00:01 ; elapsed = 00:00:00.558 . Memory (MB): peak = 1105.258 ; gain = 0.000

Starting Cache Timing Information Task
INFO: [Timing 38-35] Done setting XDC timing constraints.
Ending Cache Timing Information Task | Checksum: 16e36aa90

Time (s): cpu = 00:00:04 ; elapsed = 00:00:05 . Memory (MB): peak = 1479.891 ; gain = 374.633

Starting Logic Optimization Task

Phase 1 Generate And Synthesize Debug Cores
INFO: [Chipscope 16-329] Generating Script for core instance : dbg_hub 
INFO: [IP_Flow 19-3806] Processing IP xilinx.com:ip:xsdbm:3.0 for cell dbg_hub_CV.
Netlist sorting complete. Time (s): cpu = 00:00:00 ; elapsed = 00:00:00.013 . Memory (MB): peak = 1735.992 ; gain = 0.000
Phase 1 Generate And Synthesize Debug Cores | Checksum: ff483fb7

Time (s): cpu = 00:00:00 ; elapsed = 00:00:43 . Memory (MB): peak = 1735.992 ; gain = 43.895

Phase 2 Retarget
INFO: [Opt 31-138] Pushed 0 inverter(s) to 0 load pin(s).
INFO: [Opt 31-49] Retargeted 0 cell(s).
Phase 2 Retarget | Checksum: 14c1c120b

Time (s): cpu = 00:00:00 ; elapsed = 00:00:43 . Memory (MB): peak = 1735.992 ; gain = 43.895
INFO: [Opt 31-389] Phase Retarget created 6 cells and removed 23 cells
INFO: [Opt 31-1021] In phase Retarget, 60 netlist objects are constrained preventing optimization. Please run opt_design with -debug_log to get more detail. 

Phase 3 Constant propagation
INFO: [Opt 31-138] Pushed 0 inverter(s) to 0 load pin(s).
Phase 3 Constant propagation | Checksum: 1cf646d02

Time (s): cpu = 00:00:00 ; elapsed = 00:00:43 . Memory (MB): peak = 1735.992 ; gain = 43.895
INFO: [Opt 31-389] Phase Constant propagation created 5 cells and removed 8 cells
INFO: [Opt 31-1021] In phase Constant propagation, 60 netlist objects are constrained preventing optimization. Please run opt_design with -debug_log to get more detail. 

Phase 4 Sweep
Phase 4 Sweep | Checksum: 179d97eae

Time (s): cpu = 00:00:00 ; elapsed = 00:00:43 . Memory (MB): peak = 1735.992 ; gain = 43.895
INFO: [Opt 31-389] Phase Sweep created 0 cells and removed 1 cells
INFO: [Opt 31-1021] In phase Sweep, 863 netlist objects are constrained preventing optimization. Please run opt_design with -debug_log to get more detail. 

Phase 5 BUFG optimization
Phase 5 BUFG optimization | Checksum: 179d97eae

Time (s): cpu = 00:00:01 ; elapsed = 00:00:43 . Memory (MB): peak = 1735.992 ; gain = 43.895
INFO: [Opt 31-662] Phase BUFG optimization created 0 cells of which 0 are BUFGs and removed 0 cells.

Phase 6 Shift Register Optimization
INFO: [Opt 31-1064] SRL Remap converted 0 SRLs to 0 registers and converted 0 registers of register chains to 0 SRLs
Phase 6 Shift Register Optimization | Checksum: 179d97eae

Time (s): cpu = 00:00:01 ; elapsed = 00:00:43 . Memory (MB): peak = 1735.992 ; gain = 43.895
INFO: [Opt 31-389] Phase Shift Register Optimization created 0 cells and removed 0 cells

Phase 7 Post Processing Netlist
Phase 7 Post Processing Netlist | Checksum: 179d97eae

Time (s): cpu = 00:00:01 ; elapsed = 00:00:43 . Memory (MB): peak = 1735.992 ; gain = 43.895
INFO: [Opt 31-389] Phase Post Processing Netlist created 0 cells and removed 0 cells
INFO: [Opt 31-1021] In phase Post Processing Netlist, 70 netlist objects are constrained preventing optimization. Please run opt_design with -debug_log to get more detail. 
Opt_design Change Summary
=========================


-------------------------------------------------------------------------------------------------------------------------
|  Phase                        |  #Cells created  |  #Cells Removed  |  #Constrained objects preventing optimizations  |
-------------------------------------------------------------------------------------------------------------------------
|  Retarget                     |               6  |              23  |                                             60  |
|  Constant propagation         |               5  |               8  |                                             60  |
|  Sweep                        |               0  |               1  |                                            863  |
|  BUFG optimization            |               0  |               0  |                                              0  |
|  Shift Register Optimization  |               0  |               0  |                                              0  |
|  Post Processing Netlist      |               0  |               0  |                                             70  |
-------------------------------------------------------------------------------------------------------------------------



Starting Connectivity Check Task

Time (s): cpu = 00:00:00 ; elapsed = 00:00:00.003 . Memory (MB): peak = 1735.992 ; gain = 0.000
Ending Logic Optimization Task | Checksum: f224785e

Time (s): cpu = 00:00:01 ; elapsed = 00:00:43 . Memory (MB): peak = 1735.992 ; gain = 43.895

Starting Power Optimization Task
INFO: [Pwropt 34-132] Skipping clock gating for clocks with a period < 2.00 ns.
Ending Power Optimization Task | Checksum: f224785e

Time (s): cpu = 00:00:00 ; elapsed = 00:00:00.007 . Memory (MB): peak = 1735.992 ; gain = 0.000

Starting Final Cleanup Task
Ending Final Cleanup Task | Checksum: f224785e

Time (s): cpu = 00:00:00 ; elapsed = 00:00:00 . Memory (MB): peak = 1735.992 ; gain = 0.000

Starting Netlist Obfuscation Task
Netlist sorting complete. Time (s): cpu = 00:00:00 ; elapsed = 00:00:00 . Memory (MB): peak = 1735.992 ; gain = 0.000
Ending Netlist Obfuscation Task | Checksum: f224785e

Time (s): cpu = 00:00:00 ; elapsed = 00:00:00 . Memory (MB): peak = 1735.992 ; gain = 0.000
INFO: [Common 17-83] Releasing license: Implementation
35 Infos, 0 Warnings, 0 Critical Warnings and 0 Errors encountered.
opt_design completed successfully
opt_design: Time (s): cpu = 00:00:08 ; elapsed = 00:00:50 . Memory (MB): peak = 1735.992 ; gain = 630.734
INFO: [Timing 38-35] Done setting XDC timing constraints.
INFO: [Timing 38-480] Writing timing data to binary archive.
Writing placer database...
Writing XDEF routing.
Writing XDEF routing logical nets.
Writing XDEF routing special nets.
Write XDEF Complete: Time (s): cpu = 00:00:00 ; elapsed = 00:00:00.020 . Memory (MB): peak = 1735.992 ; gain = 0.000
INFO: [Common 17-1381] The checkpoint 'C:/Users/kccistc/Downloads/inha/wednesday/ec06_Ultrasonic/vivado/ex06.runs/impl_1/hcsr04_driver_opt.dcp' has been generated.
INFO: [runtcl-4] Executing : report_drc -file hcsr04_driver_drc_opted.rpt -pb hcsr04_driver_drc_opted.pb -rpx hcsr04_driver_drc_opted.rpx
Command: report_drc -file hcsr04_driver_drc_opted.rpt -pb hcsr04_driver_drc_opted.pb -rpx hcsr04_driver_drc_opted.rpx
INFO: [IP_Flow 19-1839] IP Catalog is up to date.
INFO: [DRC 23-27] Running DRC with 2 threads
INFO: [Coretcl 2-168] The results of DRC are in file C:/Users/kccistc/Downloads/inha/wednesday/ec06_Ultrasonic/vivado/ex06.runs/impl_1/hcsr04_driver_drc_opted.rpt.
report_drc completed successfully
INFO: [Chipscope 16-240] Debug cores have already been implemented
Command: place_design
Attempting to get a license for feature 'Implementation' and/or device 'xc7a35t'
INFO: [Common 17-349] Got license for feature 'Implementation' and/or device 'xc7a35t'
INFO: [DRC 23-27] Running DRC with 2 threads
INFO: [Vivado_Tcl 4-198] DRC finished with 0 Errors
INFO: [Vivado_Tcl 4-199] Please refer to the DRC report (report_drc) for more information.
Running DRC as a precondition to command place_design
INFO: [DRC 23-27] Running DRC with 2 threads
INFO: [Vivado_Tcl 4-198] DRC finished with 0 Errors
INFO: [Vivado_Tcl 4-199] Please refer to the DRC report (report_drc) for more information.

Starting Placer Task
INFO: [Place 30-611] Multithreading enabled for place_design using a maximum of 2 CPUs

Phase 1 Placer Initialization

Phase 1.1 Placer Initialization Netlist Sorting
Netlist sorting complete. Time (s): cpu = 00:00:00 ; elapsed = 00:00:00.001 . Memory (MB): peak = 1747.336 ; gain = 0.000
Phase 1.1 Placer Initialization Netlist Sorting | Checksum: b6e7e57f

Time (s): cpu = 00:00:00 ; elapsed = 00:00:00.006 . Memory (MB): peak = 1747.336 ; gain = 0.000
Netlist sorting complete. Time (s): cpu = 00:00:00 ; elapsed = 00:00:00.001 . Memory (MB): peak = 1747.336 ; gain = 0.000

Phase 1.2 IO Placement/ Clock Placement/ Build Placer Device
Phase 1.2 IO Placement/ Clock Placement/ Build Placer Device | Checksum: 8edbf069

Time (s): cpu = 00:00:00 ; elapsed = 00:00:00.161 . Memory (MB): peak = 1747.336 ; gain = 0.000

Phase 1.3 Build Placer Netlist Model
Phase 1.3 Build Placer Netlist Model | Checksum: 1448cbfb8

Time (s): cpu = 00:00:00 ; elapsed = 00:00:00.496 . Memory (MB): peak = 1747.336 ; gain = 0.000

Phase 1.4 Constrain Clocks/Macros
Phase 1.4 Constrain Clocks/Macros | Checksum: 1448cbfb8

Time (s): cpu = 00:00:00 ; elapsed = 00:00:00.498 . Memory (MB): peak = 1747.336 ; gain = 0.000
Phase 1 Placer Initialization | Checksum: 1448cbfb8

Time (s): cpu = 00:00:00 ; elapsed = 00:00:00.503 . Memory (MB): peak = 1747.336 ; gain = 0.000

Phase 2 Global Placement

Phase 2.1 Floorplanning
Phase 2.1 Floorplanning | Checksum: 11551ab5a

Time (s): cpu = 00:00:00 ; elapsed = 00:00:00.631 . Memory (MB): peak = 1747.336 ; gain = 0.000

Phase 2.2 Update Timing before SLR Path Opt
Phase 2.2 Update Timing before SLR Path Opt | Checksum: ba50f93d

Time (s): cpu = 00:00:01 ; elapsed = 00:00:00.702 . Memory (MB): peak = 1747.336 ; gain = 0.000

Phase 2.3 Global Placement Core

Phase 2.3.1 Physical Synthesis In Placer
INFO: [Physopt 32-1035] Found 0 LUTNM shape to break, 96 LUT instances to create LUTNM shape
INFO: [Physopt 32-1044] Break lutnm for timing: one critical 0, two critical 0, total 0, new lutff created 0
INFO: [Physopt 32-775] End 1 Pass. Optimized 45 nets or cells. Created 0 new cell, deleted 45 existing cells and moved 0 existing cell
INFO: [Physopt 32-65] No nets found for high-fanout optimization.
INFO: [Physopt 32-232] Optimized 0 net. Created 0 new instance.
INFO: [Physopt 32-775] End 1 Pass. Optimized 0 net or cell. Created 0 new cell, deleted 0 existing cell and moved 0 existing cell
INFO: [Physopt 32-456] No candidate cells for DSP register optimization found in the design.
INFO: [Physopt 32-775] End 2 Pass. Optimized 0 net or cell. Created 0 new cell, deleted 0 existing cell and moved 0 existing cell
INFO: [Physopt 32-1123] No candidate cells found for Shift Register to Pipeline optimization
INFO: [Physopt 32-775] End 1 Pass. Optimized 0 net or cell. Created 0 new cell, deleted 0 existing cell and moved 0 existing cell
INFO: [Physopt 32-677] No candidate cells for Shift Register optimization found in the design
INFO: [Physopt 32-775] End 1 Pass. Optimized 0 net or cell. Created 0 new cell, deleted 0 existing cell and moved 0 existing cell
INFO: [Physopt 32-526] No candidate cells for BRAM register optimization found in the design
INFO: [Physopt 32-775] End 1 Pass. Optimized 0 net or cell. Created 0 new cell, deleted 0 existing cell and moved 0 existing cell
INFO: [Physopt 32-846] No candidate cells for URAM register optimization found in the design
INFO: [Physopt 32-775] End 2 Pass. Optimized 0 net or cell. Created 0 new cell, deleted 0 existing cell and moved 0 existing cell
INFO: [Physopt 32-949] No candidate nets found for dynamic/static region interface net replication
INFO: [Physopt 32-775] End 1 Pass. Optimized 0 net or cell. Created 0 new cell, deleted 0 existing cell and moved 0 existing cell
Netlist sorting complete. Time (s): cpu = 00:00:00 ; elapsed = 00:00:00.001 . Memory (MB): peak = 1747.336 ; gain = 0.000

Summary of Physical Synthesis Optimizations
============================================


-----------------------------------------------------------------------------------------------------------------------------------------------------------
|  Optimization                                     |  Added Cells  |  Removed Cells  |  Optimized Cells/Nets  |  Dont Touch  |  Iterations  |  Elapsed   |
-----------------------------------------------------------------------------------------------------------------------------------------------------------
|  LUT Combining                                    |            0  |             45  |                    45  |           0  |           1  |  00:00:00  |
|  Very High Fanout                                 |            0  |              0  |                     0  |           0  |           1  |  00:00:00  |
|  DSP Register                                     |            0  |              0  |                     0  |           0  |           1  |  00:00:00  |
|  Shift Register to Pipeline                       |            0  |              0  |                     0  |           0  |           1  |  00:00:00  |
|  Shift Register                                   |            0  |              0  |                     0  |           0  |           1  |  00:00:00  |
|  BRAM Register                                    |            0  |              0  |                     0  |           0  |           1  |  00:00:00  |
|  URAM Register                                    |            0  |              0  |                     0  |           0  |           1  |  00:00:00  |
|  Dynamic/Static Region Interface Net Replication  |            0  |              0  |                     0  |           0  |           1  |  00:00:00  |
|  Total                                            |            0  |             45  |                    45  |           0  |           8  |  00:00:00  |
-----------------------------------------------------------------------------------------------------------------------------------------------------------


Phase 2.3.1 Physical Synthesis In Placer | Checksum: 13fd6a4bc

Time (s): cpu = 00:00:04 ; elapsed = 00:00:03 . Memory (MB): peak = 1747.336 ; gain = 0.000
Phase 2.3 Global Placement Core | Checksum: 1ca6cd8df

Time (s): cpu = 00:00:04 ; elapsed = 00:00:03 . Memory (MB): peak = 1747.336 ; gain = 0.000
Phase 2 Global Placement | Checksum: 1ca6cd8df

Time (s): cpu = 00:00:04 ; elapsed = 00:00:03 . Memory (MB): peak = 1747.336 ; gain = 0.000

Phase 3 Detail Placement

Phase 3.1 Commit Multi Column Macros
Phase 3.1 Commit Multi Column Macros | Checksum: 1d58590c6

Time (s): cpu = 00:00:05 ; elapsed = 00:00:03 . Memory (MB): peak = 1747.336 ; gain = 0.000

Phase 3.2 Commit Most Macros & LUTRAMs
Phase 3.2 Commit Most Macros & LUTRAMs | Checksum: 13237ddc6

Time (s): cpu = 00:00:05 ; elapsed = 00:00:03 . Memory (MB): peak = 1747.336 ; gain = 0.000

Phase 3.3 Area Swap Optimization
Phase 3.3 Area Swap Optimization | Checksum: be1865e9

Time (s): cpu = 00:00:05 ; elapsed = 00:00:03 . Memory (MB): peak = 1747.336 ; gain = 0.000

Phase 3.4 Pipeline Register Optimization
Phase 3.4 Pipeline Register Optimization | Checksum: 163858b85

Time (s): cpu = 00:00:05 ; elapsed = 00:00:03 . Memory (MB): peak = 1747.336 ; gain = 0.000

Phase 3.5 Fast Optimization
Phase 3.5 Fast Optimization | Checksum: 16e573d1f

Time (s): cpu = 00:00:06 ; elapsed = 00:00:05 . Memory (MB): peak = 1747.336 ; gain = 0.000

Phase 3.6 Small Shape Detail Placement
Phase 3.6 Small Shape Detail Placement | Checksum: 16436dcfa

Time (s): cpu = 00:00:06 ; elapsed = 00:00:05 . Memory (MB): peak = 1747.336 ; gain = 0.000

Phase 3.7 Re-assign LUT pins
Phase 3.7 Re-assign LUT pins | Checksum: 17b4817b4

Time (s): cpu = 00:00:06 ; elapsed = 00:00:05 . Memory (MB): peak = 1747.336 ; gain = 0.000

Phase 3.8 Pipeline Register Optimization
Phase 3.8 Pipeline Register Optimization | Checksum: 2257571d0

Time (s): cpu = 00:00:06 ; elapsed = 00:00:05 . Memory (MB): peak = 1747.336 ; gain = 0.000

Phase 3.9 Fast Optimization
Phase 3.9 Fast Optimization | Checksum: 1034a01b0

Time (s): cpu = 00:00:08 ; elapsed = 00:00:07 . Memory (MB): peak = 1747.336 ; gain = 0.000
Phase 3 Detail Placement | Checksum: 1034a01b0

Time (s): cpu = 00:00:08 ; elapsed = 00:00:07 . Memory (MB): peak = 1747.336 ; gain = 0.000

Phase 4 Post Placement Optimization and Clean-Up

Phase 4.1 Post Commit Optimization
INFO: [Timing 38-35] Done setting XDC timing constraints.

Phase 4.1.1 Post Placement Optimization
Post Placement Optimization Initialization | Checksum: 1b714400c

Phase 4.1.1.1 BUFG Insertion

Starting Physical Synthesis Task

Phase 1 Physical Synthesis Initialization
INFO: [Physopt 32-721] Multithreading enabled for phys_opt_design using a maximum of 2 CPUs
INFO: [Physopt 32-619] Estimated Timing Summary | WNS=-13.420 | TNS=-212.450 |
Phase 1 Physical Synthesis Initialization | Checksum: 1906b4efe

Time (s): cpu = 00:00:00 ; elapsed = 00:00:00.050 . Memory (MB): peak = 1747.336 ; gain = 0.000
INFO: [Place 46-56] BUFG insertion identified 0 candidate nets. Inserted BUFG: 0, Replicated BUFG Driver: 0, Skipped due to Placement/Routing Conflicts: 0, Skipped due to Timing Degradation: 0, Skipped due to Illegal Netlist: 0.
Ending Physical Synthesis Task | Checksum: 16d0cb6c5

Time (s): cpu = 00:00:00 ; elapsed = 00:00:00.054 . Memory (MB): peak = 1747.336 ; gain = 0.000
Phase 4.1.1.1 BUFG Insertion | Checksum: 1b714400c

Time (s): cpu = 00:00:09 ; elapsed = 00:00:08 . Memory (MB): peak = 1747.336 ; gain = 0.000
INFO: [Place 30-746] Post Placement Timing Summary WNS=-11.561. For the most accurate timing information please run report_timing.

Time (s): cpu = 00:00:20 ; elapsed = 00:00:19 . Memory (MB): peak = 1747.336 ; gain = 0.000
Phase 4.1 Post Commit Optimization | Checksum: 1b264174d

Time (s): cpu = 00:00:20 ; elapsed = 00:00:19 . Memory (MB): peak = 1747.336 ; gain = 0.000

Phase 4.2 Post Placement Cleanup
Phase 4.2 Post Placement Cleanup | Checksum: 1b264174d

Time (s): cpu = 00:00:20 ; elapsed = 00:00:19 . Memory (MB): peak = 1747.336 ; gain = 0.000

Phase 4.3 Placer Reporting

Phase 4.3.1 Print Estimated Congestion
INFO: [Place 30-612] Post-Placement Estimated Congestion 
 ____________________________________________________
|           | Global Congestion | Short Congestion  |
| Direction | Region Size       | Region Size       |
|___________|___________________|___________________|
|      North|                1x1|                2x2|
|___________|___________________|___________________|
|      South|                1x1|                1x1|
|___________|___________________|___________________|
|       East|                1x1|                1x1|
|___________|___________________|___________________|
|       West|                1x1|                1x1|
|___________|___________________|___________________|

Phase 4.3.1 Print Estimated Congestion | Checksum: 1b264174d

Time (s): cpu = 00:00:20 ; elapsed = 00:00:19 . Memory (MB): peak = 1747.336 ; gain = 0.000
Phase 4.3 Placer Reporting | Checksum: 1b264174d

Time (s): cpu = 00:00:20 ; elapsed = 00:00:19 . Memory (MB): peak = 1747.336 ; gain = 0.000

Phase 4.4 Final Placement Cleanup
Netlist sorting complete. Time (s): cpu = 00:00:00 ; elapsed = 00:00:00 . Memory (MB): peak = 1747.336 ; gain = 0.000

Time (s): cpu = 00:00:20 ; elapsed = 00:00:19 . Memory (MB): peak = 1747.336 ; gain = 0.000
Phase 4 Post Placement Optimization and Clean-Up | Checksum: 13c401063

Time (s): cpu = 00:00:20 ; elapsed = 00:00:19 . Memory (MB): peak = 1747.336 ; gain = 0.000
Ending Placer Task | Checksum: bd9d0c32

Time (s): cpu = 00:00:20 ; elapsed = 00:00:19 . Memory (MB): peak = 1747.336 ; gain = 0.000
INFO: [Common 17-83] Releasing license: Implementation
76 Infos, 0 Warnings, 0 Critical Warnings and 0 Errors encountered.
place_design completed successfully
place_design: Time (s): cpu = 00:00:21 ; elapsed = 00:00:20 . Memory (MB): peak = 1747.336 ; gain = 0.000
INFO: [Timing 38-480] Writing timing data to binary archive.
Writing placer database...
Writing XDEF routing.
Writing XDEF routing logical nets.
Writing XDEF routing special nets.
Write XDEF Complete: Time (s): cpu = 00:00:01 ; elapsed = 00:00:00.137 . Memory (MB): peak = 1747.336 ; gain = 0.000
INFO: [Common 17-1381] The checkpoint 'C:/Users/kccistc/Downloads/inha/wednesday/ec06_Ultrasonic/vivado/ex06.runs/impl_1/hcsr04_driver_placed.dcp' has been generated.
INFO: [runtcl-4] Executing : report_io -file hcsr04_driver_io_placed.rpt
report_io: Time (s): cpu = 00:00:00 ; elapsed = 00:00:00.014 . Memory (MB): peak = 1747.336 ; gain = 0.000
INFO: [runtcl-4] Executing : report_utilization -file hcsr04_driver_utilization_placed.rpt -pb hcsr04_driver_utilization_placed.pb
INFO: [runtcl-4] Executing : report_control_sets -verbose -file hcsr04_driver_control_sets_placed.rpt
report_control_sets: Time (s): cpu = 00:00:00 ; elapsed = 00:00:00.005 . Memory (MB): peak = 1747.336 ; gain = 0.000
Command: phys_opt_design
Attempting to get a license for feature 'Implementation' and/or device 'xc7a35t'
INFO: [Common 17-349] Got license for feature 'Implementation' and/or device 'xc7a35t'
Netlist sorting complete. Time (s): cpu = 00:00:00 ; elapsed = 00:00:00 . Memory (MB): peak = 1747.336 ; gain = 0.000

Starting Physical Synthesis Task

Phase 1 Physical Synthesis Initialization
INFO: [Physopt 32-721] Multithreading enabled for phys_opt_design using a maximum of 2 CPUs
INFO: [Physopt 32-619] Estimated Timing Summary | WNS=-11.561 | TNS=-183.134 |
Phase 1 Physical Synthesis Initialization | Checksum: 1a09a1dfb

Time (s): cpu = 00:00:01 ; elapsed = 00:00:00.141 . Memory (MB): peak = 1747.336 ; gain = 0.000
INFO: [Physopt 32-619] Estimated Timing Summary | WNS=-11.561 | TNS=-183.134 |

Phase 2 DSP Register Optimization
INFO: [Physopt 32-456] No candidate cells for DSP register optimization found in the design.
INFO: [Physopt 32-775] End 2 Pass. Optimized 0 net or cell. Created 0 new cell, deleted 0 existing cell and moved 0 existing cell
Phase 2 DSP Register Optimization | Checksum: 1a09a1dfb

Time (s): cpu = 00:00:01 ; elapsed = 00:00:00.151 . Memory (MB): peak = 1747.336 ; gain = 0.000

Phase 3 Critical Path Optimization
INFO: [Physopt 32-619] Estimated Timing Summary | WNS=-11.561 | TNS=-183.134 |
INFO: [Physopt 32-702] Processed net distance[9]. Optimizations did not improve timing on the net.
INFO: [Physopt 32-81] Processed net echo_cnt_reg_n_0_[3]. Replicated 3 times.
INFO: [Physopt 32-735] Processed net echo_cnt_reg_n_0_[3]. Optimization improves timing on the net.
INFO: [Physopt 32-619] Estimated Timing Summary | WNS=-11.555 | TNS=-183.038 |
INFO: [Physopt 32-81] Processed net echo_cnt_reg_n_0_[3]_repN. Replicated 1 times.
INFO: [Physopt 32-735] Processed net echo_cnt_reg_n_0_[3]_repN. Optimization improves timing on the net.
INFO: [Physopt 32-619] Estimated Timing Summary | WNS=-11.526 | TNS=-182.574 |
INFO: [Physopt 32-81] Processed net echo_cnt_reg_n_0_[1]. Replicated 1 times.
INFO: [Physopt 32-735] Processed net echo_cnt_reg_n_0_[1]. Optimization improves timing on the net.
INFO: [Physopt 32-619] Estimated Timing Summary | WNS=-11.525 | TNS=-182.558 |
INFO: [Physopt 32-81] Processed net echo_cnt_reg_n_0_[1]. Replicated 2 times.
INFO: [Physopt 32-735] Processed net echo_cnt_reg_n_0_[1]. Optimization improves timing on the net.
INFO: [Physopt 32-619] Estimated Timing Summary | WNS=-11.507 | TNS=-182.270 |
INFO: [Physopt 32-81] Processed net echo_cnt_reg_n_0_[4]. Replicated 3 times.
INFO: [Physopt 32-735] Processed net echo_cnt_reg_n_0_[4]. Optimization improves timing on the net.
INFO: [Physopt 32-619] Estimated Timing Summary | WNS=-11.495 | TNS=-182.078 |
INFO: [Physopt 32-81] Processed net echo_cnt_reg_n_0_[6]. Replicated 3 times.
INFO: [Physopt 32-735] Processed net echo_cnt_reg_n_0_[6]. Optimization improves timing on the net.
INFO: [Physopt 32-619] Estimated Timing Summary | WNS=-11.479 | TNS=-181.822 |
INFO: [Physopt 32-81] Processed net echo_cnt_reg_n_0_[5]. Replicated 2 times.
INFO: [Physopt 32-735] Processed net echo_cnt_reg_n_0_[5]. Optimization improves timing on the net.
INFO: [Physopt 32-619] Estimated Timing Summary | WNS=-11.450 | TNS=-181.358 |
INFO: [Physopt 32-81] Processed net echo_cnt_reg_n_0_[5]_repN. Replicated 2 times.
INFO: [Physopt 32-735] Processed net echo_cnt_reg_n_0_[5]_repN. Optimization improves timing on the net.
INFO: [Physopt 32-619] Estimated Timing Summary | WNS=-11.449 | TNS=-181.342 |
INFO: [Physopt 32-81] Processed net echo_cnt_reg_n_0_[7]. Replicated 3 times.
INFO: [Physopt 32-735] Processed net echo_cnt_reg_n_0_[7]. Optimization improves timing on the net.
INFO: [Physopt 32-619] Estimated Timing Summary | WNS=-11.435 | TNS=-181.118 |
INFO: [Physopt 32-81] Processed net echo_cnt_reg_n_0_[10]. Replicated 1 times.
INFO: [Physopt 32-735] Processed net echo_cnt_reg_n_0_[10]. Optimization improves timing on the net.
INFO: [Physopt 32-619] Estimated Timing Summary | WNS=-11.432 | TNS=-181.070 |
INFO: [Physopt 32-81] Processed net echo_cnt_reg_n_0_[10]. Replicated 2 times.
INFO: [Physopt 32-735] Processed net echo_cnt_reg_n_0_[10]. Optimization improves timing on the net.
INFO: [Physopt 32-619] Estimated Timing Summary | WNS=-11.424 | TNS=-180.942 |
INFO: [Physopt 32-81] Processed net echo_cnt_reg_n_0_[7]_repN. Replicated 1 times.
INFO: [Physopt 32-735] Processed net echo_cnt_reg_n_0_[7]_repN. Optimization improves timing on the net.
INFO: [Physopt 32-619] Estimated Timing Summary | WNS=-11.417 | TNS=-180.830 |
INFO: [Physopt 32-81] Processed net echo_cnt_reg_n_0_[9]. Replicated 3 times.
INFO: [Physopt 32-735] Processed net echo_cnt_reg_n_0_[9]. Optimization improves timing on the net.
INFO: [Physopt 32-619] Estimated Timing Summary | WNS=-11.404 | TNS=-180.622 |
INFO: [Physopt 32-81] Processed net echo_cnt_reg_n_0_[8]. Replicated 3 times.
INFO: [Physopt 32-735] Processed net echo_cnt_reg_n_0_[8]. Optimization improves timing on the net.
INFO: [Physopt 32-619] Estimated Timing Summary | WNS=-11.403 | TNS=-180.606 |
INFO: [Physopt 32-81] Processed net echo_cnt_reg_n_0_[3]_repN_3. Replicated 1 times.
INFO: [Physopt 32-735] Processed net echo_cnt_reg_n_0_[3]_repN_3. Optimization improves timing on the net.
INFO: [Physopt 32-619] Estimated Timing Summary | WNS=-11.402 | TNS=-180.590 |
INFO: [Physopt 32-81] Processed net echo_cnt_reg_n_0_[2]. Replicated 1 times.
INFO: [Physopt 32-735] Processed net echo_cnt_reg_n_0_[2]. Optimization improves timing on the net.
INFO: [Physopt 32-619] Estimated Timing Summary | WNS=-11.401 | TNS=-180.574 |
INFO: [Physopt 32-81] Processed net echo_cnt_reg_n_0_[14]. Replicated 1 times.
INFO: [Physopt 32-735] Processed net echo_cnt_reg_n_0_[14]. Optimization improves timing on the net.
INFO: [Physopt 32-619] Estimated Timing Summary | WNS=-11.399 | TNS=-180.542 |
INFO: [Physopt 32-572] Net echo_cnt_reg_n_0_[1]_repN_2 was not replicated.
Resolution: phys_opt_design can be forced to replicate a net driver using the option -force_replication_on_nets <list of net objects>.
INFO: [Physopt 32-662] Processed net echo_cnt_reg_n_0_[1]_repN_2.  Did not re-place instance echo_cnt_reg[1]_replica_2
INFO: [Physopt 32-81] Processed net echo_cnt_reg_n_0_[1]_repN_2. Replicated 3 times.
INFO: [Physopt 32-735] Processed net echo_cnt_reg_n_0_[1]_repN_2. Optimization improves timing on the net.
INFO: [Physopt 32-619] Estimated Timing Summary | WNS=-11.399 | TNS=-180.542 |
INFO: [Physopt 32-572] Net echo_cnt_reg_n_0_[2] was not replicated.
Resolution: phys_opt_design can be forced to replicate a net driver using the option -force_replication_on_nets <list of net objects>.
INFO: [Physopt 32-662] Processed net echo_cnt_reg_n_0_[2].  Did not re-place instance echo_cnt_reg[2]
INFO: [Physopt 32-81] Processed net echo_cnt_reg_n_0_[2]. Replicated 2 times.
INFO: [Physopt 32-735] Processed net echo_cnt_reg_n_0_[2]. Optimization improves timing on the net.
INFO: [Physopt 32-619] Estimated Timing Summary | WNS=-11.398 | TNS=-180.526 |
INFO: [Physopt 32-81] Processed net echo_cnt_reg_n_0_[14]. Replicated 3 times.
INFO: [Physopt 32-735] Processed net echo_cnt_reg_n_0_[14]. Optimization improves timing on the net.
INFO: [Physopt 32-619] Estimated Timing Summary | WNS=-11.391 | TNS=-180.414 |
INFO: [Physopt 32-662] Processed net echo_cnt_reg_n_0_[6]_repN.  Did not re-place instance echo_cnt_reg[6]_replica
INFO: [Physopt 32-572] Net echo_cnt_reg_n_0_[6]_repN was not replicated.
Resolution: phys_opt_design can be forced to replicate a net driver using the option -force_replication_on_nets <list of net objects>.
INFO: [Physopt 32-702] Processed net echo_cnt_reg_n_0_[6]_repN. Optimizations did not improve timing on the net.
INFO: [Physopt 32-702] Processed net distance_reg[15]_i_4_n_2. Optimizations did not improve timing on the net.
INFO: [Physopt 32-702] Processed net distance_reg[15]_i_16_n_0. Optimizations did not improve timing on the net.
INFO: [Physopt 32-662] Processed net distance[15]_i_52_n_0.  Did not re-place instance distance[15]_i_52
INFO: [Physopt 32-702] Processed net distance[15]_i_52_n_0. Optimizations did not improve timing on the net.
INFO: [Physopt 32-702] Processed net distance_reg[15]_i_25_n_6. Optimizations did not improve timing on the net.
INFO: [Physopt 32-702] Processed net distance_reg[15]_i_80_n_0. Optimizations did not improve timing on the net.
INFO: [Physopt 32-663] Processed net distance[15]_i_168_n_0.  Re-placed instance distance[15]_i_168
INFO: [Physopt 32-735] Processed net distance[15]_i_168_n_0. Optimization improves timing on the net.
INFO: [Physopt 32-619] Estimated Timing Summary | WNS=-11.370 | TNS=-180.078 |
INFO: [Physopt 32-662] Processed net distance[15]_i_168_n_0.  Did not re-place instance distance[15]_i_168
INFO: [Physopt 32-702] Processed net distance[15]_i_168_n_0. Optimizations did not improve timing on the net.
INFO: [Physopt 32-702] Processed net distance_reg[13]_i_2_n_5. Optimizations did not improve timing on the net.
INFO: [Physopt 32-702] Processed net distance_reg[9]_i_2_n_0. Optimizations did not improve timing on the net.
INFO: [Physopt 32-735] Processed net distance[9]_i_9_n_0. Optimization improves timing on the net.
INFO: [Physopt 32-619] Estimated Timing Summary | WNS=-11.272 | TNS=-178.510 |
INFO: [Physopt 32-662] Processed net distance[15]_i_167_n_0.  Did not re-place instance distance[15]_i_167
INFO: [Physopt 32-702] Processed net distance[15]_i_167_n_0. Optimizations did not improve timing on the net.
INFO: [Physopt 32-702] Processed net distance_reg[15]_i_3_n_6. Optimizations did not improve timing on the net.
INFO: [Physopt 32-702] Processed net distance_reg[13]_i_2_n_0. Optimizations did not improve timing on the net.
INFO: [Physopt 32-735] Processed net distance[13]_i_9_n_0. Optimization improves timing on the net.
INFO: [Physopt 32-619] Estimated Timing Summary | WNS=-11.270 | TNS=-178.478 |
INFO: [Physopt 32-702] Processed net distance_reg[15]_i_49_n_0. Optimizations did not improve timing on the net.
INFO: [Physopt 32-662] Processed net distance[15]_i_118_n_0.  Did not re-place instance distance[15]_i_118
INFO: [Physopt 32-702] Processed net distance[15]_i_118_n_0. Optimizations did not improve timing on the net.
INFO: [Physopt 32-702] Processed net distance_reg[15]_i_80_n_6. Optimizations did not improve timing on the net.
INFO: [Physopt 32-702] Processed net distance_reg[15]_i_165_n_0. Optimizations did not improve timing on the net.
INFO: [Physopt 32-662] Processed net distance[15]_i_242_n_0.  Did not re-place instance distance[15]_i_242
INFO: [Physopt 32-735] Processed net distance[15]_i_242_n_0. Optimization improves timing on the net.
INFO: [Physopt 32-619] Estimated Timing Summary | WNS=-11.250 | TNS=-178.158 |
INFO: [Physopt 32-735] Processed net distance[9]_i_7_n_0. Optimization improves timing on the net.
INFO: [Physopt 32-619] Estimated Timing Summary | WNS=-11.248 | TNS=-178.126 |
INFO: [Physopt 32-735] Processed net distance[9]_i_10_n_0. Optimization improves timing on the net.
INFO: [Physopt 32-619] Estimated Timing Summary | WNS=-11.241 | TNS=-178.014 |
INFO: [Physopt 32-702] Processed net distance_reg[5]_i_2_n_0. Optimizations did not improve timing on the net.
INFO: [Physopt 32-702] Processed net distance_reg[1]_i_2_n_0. Optimizations did not improve timing on the net.
INFO: [Physopt 32-735] Processed net distance[1]_i_10_n_0. Optimization improves timing on the net.
INFO: [Physopt 32-619] Estimated Timing Summary | WNS=-11.235 | TNS=-177.918 |
INFO: [Physopt 32-662] Processed net distance[9]_i_6_n_0.  Did not re-place instance distance[9]_i_6
INFO: [Physopt 32-702] Processed net distance[9]_i_6_n_0. Optimizations did not improve timing on the net.
INFO: [Physopt 32-662] Processed net distance[9]_i_16_n_0.  Did not re-place instance distance[9]_i_16
INFO: [Physopt 32-134] Processed net distance[9]_i_16_n_0. Rewiring did not optimize the net.
INFO: [Physopt 32-572] Net distance[9]_i_16_n_0 was not replicated.
Resolution: phys_opt_design can be forced to replicate a net driver using the option -force_replication_on_nets <list of net objects>.
INFO: [Physopt 32-702] Processed net distance[9]_i_16_n_0. Optimizations did not improve timing on the net.
INFO: [Physopt 32-702] Processed net distance_reg[13]_i_18_n_7. Optimizations did not improve timing on the net.
INFO: [Physopt 32-702] Processed net distance_reg[9]_i_18_n_0. Optimizations did not improve timing on the net.
INFO: [Physopt 32-702] Processed net distance_reg[5]_i_18_n_0. Optimizations did not improve timing on the net.
INFO: [Physopt 32-735] Processed net distance[5]_i_52_n_0. Optimization improves timing on the net.
INFO: [Physopt 32-619] Estimated Timing Summary | WNS=-11.219 | TNS=-177.662 |
INFO: [Physopt 32-735] Processed net distance[5]_i_10_n_0. Optimization improves timing on the net.
INFO: [Physopt 32-619] Estimated Timing Summary | WNS=-11.216 | TNS=-177.614 |
INFO: [Physopt 32-735] Processed net distance[13]_i_10_n_0. Optimization improves timing on the net.
INFO: [Physopt 32-619] Estimated Timing Summary | WNS=-11.214 | TNS=-177.582 |
INFO: [Physopt 32-735] Processed net distance[13]_i_7_n_0. Optimization improves timing on the net.
INFO: [Physopt 32-619] Estimated Timing Summary | WNS=-11.190 | TNS=-177.198 |
INFO: [Physopt 32-702] Processed net distance_reg[15]_i_238_n_0. Optimizations did not improve timing on the net.
INFO: [Physopt 32-662] Processed net distance[15]_i_312_n_0.  Did not re-place instance distance[15]_i_312
INFO: [Physopt 32-735] Processed net distance[15]_i_312_n_0. Optimization improves timing on the net.
INFO: [Physopt 32-619] Estimated Timing Summary | WNS=-11.184 | TNS=-177.102 |
INFO: [Physopt 32-662] Processed net distance[1]_i_6_n_0.  Did not re-place instance distance[1]_i_6
INFO: [Physopt 32-702] Processed net distance[1]_i_6_n_0. Optimizations did not improve timing on the net.
INFO: [Physopt 32-662] Processed net distance[1]_i_25_n_0.  Did not re-place instance distance[1]_i_25
INFO: [Physopt 32-710] Processed net distance[1]_i_6_n_0. Critical path length was reduced through logic transformation on cell distance[1]_i_6_comp.
INFO: [Physopt 32-735] Processed net distance[1]_i_25_n_0. Optimization improves timing on the net.
INFO: [Physopt 32-619] Estimated Timing Summary | WNS=-11.176 | TNS=-176.974 |
INFO: [Physopt 32-735] Processed net distance[13]_i_10_n_0. Optimization improves timing on the net.
INFO: [Physopt 32-619] Estimated Timing Summary | WNS=-11.176 | TNS=-176.974 |
INFO: [Physopt 32-702] Processed net distance_reg[13]_i_17_n_7. Optimizations did not improve timing on the net.
INFO: [Physopt 32-702] Processed net distance_reg[9]_i_17_n_0. Optimizations did not improve timing on the net.
INFO: [Physopt 32-702] Processed net distance_reg[5]_i_17_n_0. Optimizations did not improve timing on the net.
INFO: [Physopt 32-702] Processed net distance_reg[1]_i_27_n_0. Optimizations did not improve timing on the net.
INFO: [Physopt 32-663] Processed net distance[1]_i_72_n_0.  Re-placed instance distance[1]_i_72
INFO: [Physopt 32-735] Processed net distance[1]_i_72_n_0. Optimization improves timing on the net.
INFO: [Physopt 32-619] Estimated Timing Summary | WNS=-11.174 | TNS=-176.942 |
INFO: [Physopt 32-662] Processed net distance[13]_i_5_n_0.  Did not re-place instance distance[13]_i_5
INFO: [Physopt 32-702] Processed net distance[13]_i_5_n_0. Optimizations did not improve timing on the net.
INFO: [Physopt 32-662] Processed net distance[13]_i_15_n_0.  Did not re-place instance distance[13]_i_15
INFO: [Physopt 32-134] Processed net distance[13]_i_15_n_0. Rewiring did not optimize the net.
INFO: [Physopt 32-572] Net distance[13]_i_15_n_0 was not replicated.
Resolution: phys_opt_design can be forced to replicate a net driver using the option -force_replication_on_nets <list of net objects>.
INFO: [Physopt 32-702] Processed net distance[13]_i_15_n_0. Optimizations did not improve timing on the net.
INFO: [Physopt 32-702] Processed net distance_reg[15]_i_41_n_6. Optimizations did not improve timing on the net.
INFO: [Physopt 32-702] Processed net distance_reg[13]_i_18_n_0. Optimizations did not improve timing on the net.
INFO: [Physopt 32-662] Processed net distance[13]_i_41_n_0.  Did not re-place instance distance[13]_i_41
INFO: [Physopt 32-702] Processed net distance[13]_i_41_n_0. Optimizations did not improve timing on the net.
INFO: [Physopt 32-81] Processed net distance[15]_i_179_n_0. Replicated 1 times.
INFO: [Physopt 32-735] Processed net distance[15]_i_179_n_0. Optimization improves timing on the net.
INFO: [Physopt 32-619] Estimated Timing Summary | WNS=-11.160 | TNS=-176.718 |
INFO: [Physopt 32-662] Processed net distance[5]_i_39_n_0.  Did not re-place instance distance[5]_i_39
INFO: [Physopt 32-735] Processed net distance[5]_i_39_n_0. Optimization improves timing on the net.
INFO: [Physopt 32-619] Estimated Timing Summary | WNS=-11.159 | TNS=-176.702 |
INFO: [Physopt 32-702] Processed net distance_reg[1]_i_3_n_0. Optimizations did not improve timing on the net.
INFO: [Physopt 32-702] Processed net distance_reg[1]_i_12_n_0. Optimizations did not improve timing on the net.
INFO: [Physopt 32-735] Processed net distance[1]_i_38_n_0. Optimization improves timing on the net.
INFO: [Physopt 32-619] Estimated Timing Summary | WNS=-11.151 | TNS=-176.574 |
INFO: [Physopt 32-735] Processed net distance[13]_i_7_n_0. Optimization improves timing on the net.
INFO: [Physopt 32-619] Estimated Timing Summary | WNS=-11.145 | TNS=-176.478 |
INFO: [Physopt 32-735] Processed net distance[9]_i_8_n_0. Optimization improves timing on the net.
INFO: [Physopt 32-619] Estimated Timing Summary | WNS=-11.145 | TNS=-176.478 |
INFO: [Physopt 32-702] Processed net distance[1]_i_8_n_0. Optimizations did not improve timing on the net.
INFO: [Physopt 32-662] Processed net distance[1]_i_29_n_0.  Did not re-place instance distance[1]_i_29
INFO: [Physopt 32-572] Net distance[1]_i_29_n_0 was not replicated.
Resolution: phys_opt_design can be forced to replicate a net driver using the option -force_replication_on_nets <list of net objects>.
INFO: [Physopt 32-735] Processed net distance[1]_i_29_n_0. Optimization improves timing on the net.
INFO: [Physopt 32-619] Estimated Timing Summary | WNS=-11.144 | TNS=-176.462 |
INFO: [Physopt 32-735] Processed net distance[1]_i_9_n_0. Optimization improves timing on the net.
INFO: [Physopt 32-619] Estimated Timing Summary | WNS=-11.140 | TNS=-176.398 |
INFO: [Physopt 32-662] Processed net distance[1]_i_72_n_0.  Did not re-place instance distance[1]_i_72
INFO: [Physopt 32-735] Processed net distance[1]_i_72_n_0. Optimization improves timing on the net.
INFO: [Physopt 32-619] Estimated Timing Summary | WNS=-11.136 | TNS=-176.334 |
INFO: [Physopt 32-735] Processed net distance[1]_i_18_n_0. Optimization improves timing on the net.
INFO: [Physopt 32-619] Estimated Timing Summary | WNS=-11.136 | TNS=-176.334 |
INFO: [Physopt 32-735] Processed net distance[1]_i_19_n_0. Optimization improves timing on the net.
INFO: [Physopt 32-619] Estimated Timing Summary | WNS=-11.135 | TNS=-176.318 |
INFO: [Physopt 32-662] Processed net distance[1]_i_22_n_0.  Did not re-place instance distance[1]_i_22
INFO: [Physopt 32-572] Net distance[1]_i_22_n_0 was not replicated.
Resolution: phys_opt_design can be forced to replicate a net driver using the option -force_replication_on_nets <list of net objects>.
INFO: [Physopt 32-702] Processed net distance[1]_i_22_n_0. Optimizations did not improve timing on the net.
INFO: [Physopt 32-702] Processed net distance_reg[5]_i_14_n_6. Optimizations did not improve timing on the net.
INFO: [Physopt 32-702] Processed net distance_reg[1]_i_24_n_0. Optimizations did not improve timing on the net.
INFO: [Physopt 32-662] Processed net distance[1]_i_65_n_0.  Did not re-place instance distance[1]_i_65
INFO: [Physopt 32-702] Processed net distance[1]_i_65_n_0. Optimizations did not improve timing on the net.
INFO: [Physopt 32-572] Net distance[15]_i_179_n_0_repN was not replicated.
Resolution: phys_opt_design can be forced to replicate a net driver using the option -force_replication_on_nets <list of net objects>.
INFO: [Physopt 32-662] Processed net distance[15]_i_179_n_0_repN.  Did not re-place instance distance[15]_i_179_replica
INFO: [Physopt 32-710] Processed net distance[1]_i_65_n_0. Critical path length was reduced through logic transformation on cell distance[1]_i_65_comp.
INFO: [Physopt 32-735] Processed net distance[15]_i_179_n_0_repN. Optimization improves timing on the net.
INFO: [Physopt 32-619] Estimated Timing Summary | WNS=-11.134 | TNS=-176.302 |
INFO: [Physopt 32-702] Processed net distance_reg[1]_i_45_n_0. Optimizations did not improve timing on the net.
INFO: [Physopt 32-662] Processed net distance[1]_i_115_n_0.  Did not re-place instance distance[1]_i_115
INFO: [Physopt 32-702] Processed net distance[1]_i_115_n_0. Optimizations did not improve timing on the net.
INFO: [Physopt 32-572] Net distance[15]_i_179_n_0_repN was not replicated.
Resolution: phys_opt_design can be forced to replicate a net driver using the option -force_replication_on_nets <list of net objects>.
INFO: [Physopt 32-662] Processed net distance[15]_i_179_n_0_repN.  Did not re-place instance distance[15]_i_179_replica
INFO: [Physopt 32-710] Processed net distance[1]_i_115_n_0. Critical path length was reduced through logic transformation on cell distance[1]_i_115_comp.
INFO: [Physopt 32-735] Processed net distance[15]_i_179_n_0_repN. Optimization improves timing on the net.
INFO: [Physopt 32-619] Estimated Timing Summary | WNS=-11.129 | TNS=-176.222 |
INFO: [Physopt 32-662] Processed net distance[1]_i_117_n_0.  Did not re-place instance distance[1]_i_117
INFO: [Physopt 32-702] Processed net distance[1]_i_117_n_0. Optimizations did not improve timing on the net.
INFO: [Physopt 32-572] Net distance[15]_i_179_n_0 was not replicated.
Resolution: phys_opt_design can be forced to replicate a net driver using the option -force_replication_on_nets <list of net objects>.
INFO: [Physopt 32-662] Processed net distance[15]_i_179_n_0.  Did not re-place instance distance[15]_i_179
INFO: [Physopt 32-710] Processed net distance[1]_i_117_n_0. Critical path length was reduced through logic transformation on cell distance[1]_i_117_comp.
INFO: [Physopt 32-735] Processed net distance[15]_i_179_n_0. Optimization improves timing on the net.
INFO: [Physopt 32-619] Estimated Timing Summary | WNS=-11.118 | TNS=-176.046 |
INFO: [Physopt 32-702] Processed net distance_reg[1]_i_98_n_0. Optimizations did not improve timing on the net.
INFO: [Physopt 32-662] Processed net distance[1]_i_158_n_0.  Did not re-place instance distance[1]_i_158
INFO: [Physopt 32-702] Processed net distance[1]_i_158_n_0. Optimizations did not improve timing on the net.
INFO: [Physopt 32-572] Net distance[5]_i_56_n_0 was not replicated.
Resolution: phys_opt_design can be forced to replicate a net driver using the option -force_replication_on_nets <list of net objects>.
INFO: [Physopt 32-662] Processed net distance[5]_i_56_n_0.  Did not re-place instance distance[5]_i_56
INFO: [Physopt 32-702] Processed net distance[5]_i_56_n_0. Optimizations did not improve timing on the net.
INFO: [Physopt 32-702] Processed net distance_reg[15]_i_22_n_0. Optimizations did not improve timing on the net.
INFO: [Physopt 32-735] Processed net distance[15]_i_73_n_0. Optimization improves timing on the net.
INFO: [Physopt 32-619] Estimated Timing Summary | WNS=-11.115 | TNS=-175.998 |
INFO: [Physopt 32-702] Processed net distance_reg[15]_i_65_n_0. Optimizations did not improve timing on the net.
INFO: [Physopt 32-735] Processed net distance[15]_i_155_n_0. Optimization improves timing on the net.
INFO: [Physopt 32-619] Estimated Timing Summary | WNS=-11.105 | TNS=-175.838 |
INFO: [Physopt 32-702] Processed net distance[15]_i_72_n_0. Optimizations did not improve timing on the net.
INFO: [Physopt 32-702] Processed net distance_reg[15]_i_23_n_7. Optimizations did not improve timing on the net.
INFO: [Physopt 32-702] Processed net distance_reg[15]_i_74_n_0. Optimizations did not improve timing on the net.
INFO: [Physopt 32-702] Processed net distance_reg[15]_i_156_n_0. Optimizations did not improve timing on the net.
INFO: [Physopt 32-702] Processed net distance_reg[15]_i_229_n_0. Optimizations did not improve timing on the net.
INFO: [Physopt 32-663] Processed net distance[15]_i_302_n_0.  Re-placed instance distance[15]_i_302
INFO: [Physopt 32-735] Processed net distance[15]_i_302_n_0. Optimization improves timing on the net.
INFO: [Physopt 32-619] Estimated Timing Summary | WNS=-11.047 | TNS=-174.910 |
INFO: [Physopt 32-81] Processed net echo_cnt_reg_n_0_[15]. Replicated 3 times.
INFO: [Physopt 32-735] Processed net echo_cnt_reg_n_0_[15]. Optimization improves timing on the net.
INFO: [Physopt 32-619] Estimated Timing Summary | WNS=-10.996 | TNS=-174.094 |
INFO: [Physopt 32-702] Processed net distance_reg[15]_i_147_n_0. Optimizations did not improve timing on the net.
INFO: [Physopt 32-735] Processed net distance[15]_i_228_n_0. Optimization improves timing on the net.
INFO: [Physopt 32-619] Estimated Timing Summary | WNS=-10.989 | TNS=-173.982 |
INFO: [Physopt 32-702] Processed net distance_reg[15]_i_299_n_0. Optimizations did not improve timing on the net.
INFO: [Physopt 32-663] Processed net distance[15]_i_369_n_0.  Re-placed instance distance[15]_i_369
INFO: [Physopt 32-735] Processed net distance[15]_i_369_n_0. Optimization improves timing on the net.
INFO: [Physopt 32-619] Estimated Timing Summary | WNS=-10.979 | TNS=-173.822 |
INFO: [Physopt 32-663] Processed net distance[15]_i_301_n_0.  Re-placed instance distance[15]_i_301
INFO: [Physopt 32-735] Processed net distance[15]_i_301_n_0. Optimization improves timing on the net.
INFO: [Physopt 32-619] Estimated Timing Summary | WNS=-10.976 | TNS=-173.774 |
INFO: [Physopt 32-81] Processed net echo_cnt_reg_n_0_[12]. Replicated 3 times.
INFO: [Physopt 32-735] Processed net echo_cnt_reg_n_0_[12]. Optimization improves timing on the net.
INFO: [Physopt 32-619] Estimated Timing Summary | WNS=-10.972 | TNS=-173.710 |
INFO: [Physopt 32-662] Processed net distance[15]_i_301_n_0.  Did not re-place instance distance[15]_i_301
INFO: [Physopt 32-702] Processed net distance[15]_i_301_n_0. Optimizations did not improve timing on the net.
INFO: [Physopt 32-702] Processed net distance_reg[15]_i_182_n_6. Optimizations did not improve timing on the net.
INFO: [Physopt 32-702] Processed net distance_reg[13]_i_47_n_0. Optimizations did not improve timing on the net.
INFO: [Physopt 32-702] Processed net distance_reg[9]_i_50_n_0. Optimizations did not improve timing on the net.
INFO: [Physopt 32-702] Processed net distance_reg[5]_i_55_n_0. Optimizations did not improve timing on the net.
INFO: [Physopt 32-735] Processed net distance[5]_i_66_n_0. Optimization improves timing on the net.
INFO: [Physopt 32-619] Estimated Timing Summary | WNS=-10.966 | TNS=-173.614 |
INFO: [Physopt 32-662] Processed net distance[15]_i_231_n_0.  Did not re-place instance distance[15]_i_231
INFO: [Physopt 32-702] Processed net distance[15]_i_231_n_0. Optimizations did not improve timing on the net.
INFO: [Physopt 32-702] Processed net distance_reg[15]_i_125_n_6. Optimizations did not improve timing on the net.
INFO: [Physopt 32-702] Processed net distance_reg[15]_i_182_n_0. Optimizations did not improve timing on the net.
INFO: [Physopt 32-662] Processed net distance[15]_i_256_n_0.  Did not re-place instance distance[15]_i_256
INFO: [Physopt 32-702] Processed net distance[15]_i_256_n_0. Optimizations did not improve timing on the net.
INFO: [Physopt 32-662] Processed net distance[15]_i_321_n_0.  Did not re-place instance distance[15]_i_321
INFO: [Physopt 32-710] Processed net distance[15]_i_256_n_0. Critical path length was reduced through logic transformation on cell distance[15]_i_256_comp.
INFO: [Physopt 32-735] Processed net distance[15]_i_321_n_0. Optimization improves timing on the net.
INFO: [Physopt 32-619] Estimated Timing Summary | WNS=-10.964 | TNS=-173.582 |
INFO: [Physopt 32-662] Processed net distance[9]_i_58_n_0.  Did not re-place instance distance[9]_i_58
INFO: [Physopt 32-702] Processed net distance[9]_i_58_n_0. Optimizations did not improve timing on the net.
INFO: [Physopt 32-662] Processed net distance[9]_i_69_n_0.  Did not re-place instance distance[9]_i_69
INFO: [Physopt 32-710] Processed net distance[9]_i_58_n_0. Critical path length was reduced through logic transformation on cell distance[9]_i_58_comp.
INFO: [Physopt 32-735] Processed net distance[9]_i_69_n_0. Optimization improves timing on the net.
INFO: [Physopt 32-619] Estimated Timing Summary | WNS=-10.956 | TNS=-173.454 |
INFO: [Physopt 32-735] Processed net distance[9]_i_62_n_0. Optimization improves timing on the net.
INFO: [Physopt 32-619] Estimated Timing Summary | WNS=-10.946 | TNS=-173.294 |
INFO: [Physopt 32-662] Processed net distance[13]_i_54_n_0.  Did not re-place instance distance[13]_i_54
INFO: [Physopt 32-735] Processed net distance[13]_i_54_n_0. Optimization improves timing on the net.
INFO: [Physopt 32-619] Estimated Timing Summary | WNS=-10.921 | TNS=-172.894 |
INFO: [Physopt 32-662] Processed net distance[15]_i_255_n_0.  Did not re-place instance distance[15]_i_255
INFO: [Physopt 32-702] Processed net distance[15]_i_255_n_0. Optimizations did not improve timing on the net.
INFO: [Physopt 32-662] Processed net distance[15]_i_319_n_0.  Did not re-place instance distance[15]_i_319
INFO: [Physopt 32-710] Processed net distance[15]_i_255_n_0. Critical path length was reduced through logic transformation on cell distance[15]_i_255_comp.
INFO: [Physopt 32-735] Processed net distance[15]_i_319_n_0. Optimization improves timing on the net.
INFO: [Physopt 32-619] Estimated Timing Summary | WNS=-10.905 | TNS=-172.638 |
INFO: [Physopt 32-662] Processed net distance[13]_i_53_n_0.  Did not re-place instance distance[13]_i_53
INFO: [Physopt 32-735] Processed net distance[13]_i_53_n_0. Optimization improves timing on the net.
INFO: [Physopt 32-619] Estimated Timing Summary | WNS=-10.903 | TNS=-172.606 |
INFO: [Physopt 32-735] Processed net distance[13]_i_58_n_0. Optimization improves timing on the net.
INFO: [Physopt 32-619] Estimated Timing Summary | WNS=-10.889 | TNS=-172.382 |
INFO: [Physopt 32-662] Processed net distance[13]_i_52_n_0.  Did not re-place instance distance[13]_i_52
INFO: [Physopt 32-702] Processed net distance[13]_i_52_n_0. Optimizations did not improve timing on the net.
INFO: [Physopt 32-662] Processed net distance[13]_i_60_n_0.  Did not re-place instance distance[13]_i_60
INFO: [Physopt 32-134] Processed net distance[13]_i_60_n_0. Rewiring did not optimize the net.
INFO: [Physopt 32-572] Net distance[13]_i_60_n_0 was not replicated.
Resolution: phys_opt_design can be forced to replicate a net driver using the option -force_replication_on_nets <list of net objects>.
INFO: [Physopt 32-702] Processed net distance[13]_i_60_n_0. Optimizations did not improve timing on the net.
INFO: [Physopt 32-702] Processed net distance_reg[15]_i_317_n_7. Optimizations did not improve timing on the net.
INFO: [Physopt 32-702] Processed net distance_reg[13]_i_61_n_0. Optimizations did not improve timing on the net.
INFO: [Physopt 32-702] Processed net distance_reg[9]_i_64_n_0. Optimizations did not improve timing on the net.
INFO: [Physopt 32-702] Processed net distance_reg[5]_i_78_n_0. Optimizations did not improve timing on the net.
INFO: [Physopt 32-662] Processed net distance[5]_i_113_n_0.  Did not re-place instance distance[5]_i_113
INFO: [Physopt 32-735] Processed net distance[5]_i_113_n_0. Optimization improves timing on the net.
INFO: [Physopt 32-619] Estimated Timing Summary | WNS=-10.881 | TNS=-172.254 |
INFO: [Physopt 32-81] Processed net echo_cnt_reg_n_0_[0]. Replicated 1 times.
INFO: [Physopt 32-735] Processed net echo_cnt_reg_n_0_[0]. Optimization improves timing on the net.
INFO: [Physopt 32-619] Estimated Timing Summary | WNS=-10.880 | TNS=-172.238 |
INFO: [Physopt 32-572] Net echo_cnt_reg_n_0_[0] was not replicated.
Resolution: phys_opt_design can be forced to replicate a net driver using the option -force_replication_on_nets <list of net objects>.
INFO: [Physopt 32-662] Processed net echo_cnt_reg_n_0_[0].  Did not re-place instance echo_cnt_reg[0]
INFO: [Physopt 32-572] Net echo_cnt_reg_n_0_[0] was not replicated.
Resolution: phys_opt_design can be forced to replicate a net driver using the option -force_replication_on_nets <list of net objects>.
INFO: [Physopt 32-702] Processed net echo_cnt_reg_n_0_[0]. Optimizations did not improve timing on the net.
INFO: [Physopt 32-702] Processed net distance_reg[15]_i_220_n_0. Optimizations did not improve timing on the net.
INFO: [Physopt 32-735] Processed net distance[15]_i_298_n_0. Optimization improves timing on the net.
INFO: [Physopt 32-619] Estimated Timing Summary | WNS=-10.876 | TNS=-172.174 |
INFO: [Physopt 32-702] Processed net distance_reg[15]_i_365_n_0. Optimizations did not improve timing on the net.
INFO: [Physopt 32-663] Processed net distance[15]_i_418_n_0.  Re-placed instance distance[15]_i_418
INFO: [Physopt 32-735] Processed net distance[15]_i_418_n_0. Optimization improves timing on the net.
INFO: [Physopt 32-619] Estimated Timing Summary | WNS=-10.863 | TNS=-171.966 |
INFO: [Physopt 32-81] Processed net echo_cnt_reg_n_0_[13]. Replicated 3 times.
INFO: [Physopt 32-735] Processed net echo_cnt_reg_n_0_[13]. Optimization improves timing on the net.
INFO: [Physopt 32-619] Estimated Timing Summary | WNS=-10.863 | TNS=-171.966 |
INFO: [Physopt 32-662] Processed net echo_cnt_reg_n_0_[1]_repN_1.  Did not re-place instance echo_cnt_reg[1]_replica_1
INFO: [Physopt 32-702] Processed net echo_cnt_reg_n_0_[1]_repN_1. Optimizations did not improve timing on the net.
INFO: [Physopt 32-662] Processed net distance[15]_i_418_n_0.  Did not re-place instance distance[15]_i_418
INFO: [Physopt 32-735] Processed net distance[15]_i_418_n_0. Optimization improves timing on the net.
INFO: [Physopt 32-619] Estimated Timing Summary | WNS=-10.856 | TNS=-171.854 |
INFO: [Physopt 32-662] Processed net distance[5]_i_62_n_0.  Did not re-place instance distance[5]_i_62
INFO: [Physopt 32-702] Processed net distance[5]_i_62_n_0. Optimizations did not improve timing on the net.
INFO: [Physopt 32-662] Processed net distance[5]_i_80_n_0.  Did not re-place instance distance[5]_i_80
INFO: [Physopt 32-134] Processed net distance[5]_i_80_n_0. Rewiring did not optimize the net.
INFO: [Physopt 32-572] Net distance[5]_i_80_n_0 was not replicated.
Resolution: phys_opt_design can be forced to replicate a net driver using the option -force_replication_on_nets <list of net objects>.
INFO: [Physopt 32-735] Processed net distance[5]_i_80_n_0. Optimization improves timing on the net.
INFO: [Physopt 32-619] Estimated Timing Summary | WNS=-10.852 | TNS=-171.790 |
INFO: [Physopt 32-662] Processed net distance[5]_i_63_n_0.  Did not re-place instance distance[5]_i_63
INFO: [Physopt 32-702] Processed net distance[5]_i_63_n_0. Optimizations did not improve timing on the net.
INFO: [Physopt 32-662] Processed net distance[5]_i_83_n_0.  Did not re-place instance distance[5]_i_83
INFO: [Physopt 32-710] Processed net distance[5]_i_63_n_0. Critical path length was reduced through logic transformation on cell distance[5]_i_63_comp.
INFO: [Physopt 32-735] Processed net distance[5]_i_83_n_0. Optimization improves timing on the net.
INFO: [Physopt 32-619] Estimated Timing Summary | WNS=-10.850 | TNS=-171.758 |
INFO: [Physopt 32-702] Processed net distance_reg[5]_i_59_n_0. Optimizations did not improve timing on the net.
INFO: [Physopt 32-662] Processed net distance[5]_i_70_n_0.  Did not re-place instance distance[5]_i_70
INFO: [Physopt 32-735] Processed net distance[5]_i_70_n_0. Optimization improves timing on the net.
INFO: [Physopt 32-619] Estimated Timing Summary | WNS=-10.845 | TNS=-171.678 |
INFO: [Physopt 32-81] Processed net echo_cnt_reg_n_0_[6]_repN_1. Replicated 1 times.
INFO: [Physopt 32-735] Processed net echo_cnt_reg_n_0_[6]_repN_1. Optimization improves timing on the net.
INFO: [Physopt 32-619] Estimated Timing Summary | WNS=-10.841 | TNS=-171.614 |
INFO: [Physopt 32-572] Net echo_cnt_reg_n_0_[2]_repN_1 was not replicated.
Resolution: phys_opt_design can be forced to replicate a net driver using the option -force_replication_on_nets <list of net objects>.
INFO: [Physopt 32-662] Processed net echo_cnt_reg_n_0_[2]_repN_1.  Did not re-place instance echo_cnt_reg[2]_replica_1
INFO: [Physopt 32-572] Net echo_cnt_reg_n_0_[2]_repN_1 was not replicated.
Resolution: phys_opt_design can be forced to replicate a net driver using the option -force_replication_on_nets <list of net objects>.
INFO: [Physopt 32-702] Processed net echo_cnt_reg_n_0_[2]_repN_1. Optimizations did not improve timing on the net.
INFO: [Physopt 32-702] Processed net distance_reg[9]_i_68_n_4. Optimizations did not improve timing on the net.
INFO: [Physopt 32-702] Processed net distance_reg[5]_i_82_n_0. Optimizations did not improve timing on the net.
INFO: [Physopt 32-702] Processed net distance_reg[5]_i_103_n_0. Optimizations did not improve timing on the net.
INFO: [Physopt 32-702] Processed net distance_reg[5]_i_152_n_0. Optimizations did not improve timing on the net.
INFO: [Physopt 32-702] Processed net distance_reg[5]_i_200_n_0. Optimizations did not improve timing on the net.
INFO: [Physopt 32-702] Processed net distance_reg[5]_i_239_n_0. Optimizations did not improve timing on the net.
INFO: [Physopt 32-663] Processed net distance[5]_i_268_n_0.  Re-placed instance distance[5]_i_268
INFO: [Physopt 32-735] Processed net distance[5]_i_268_n_0. Optimization improves timing on the net.
INFO: [Physopt 32-619] Estimated Timing Summary | WNS=-10.837 | TNS=-171.550 |
INFO: [Physopt 32-702] Processed net distance_reg[5]_i_68_n_0. Optimizations did not improve timing on the net.
INFO: [Physopt 32-735] Processed net distance[5]_i_96_n_0. Optimization improves timing on the net.
INFO: [Physopt 32-619] Estimated Timing Summary | WNS=-10.834 | TNS=-171.502 |
INFO: [Physopt 32-662] Processed net distance[5]_i_80_n_0.  Did not re-place instance distance[5]_i_80
INFO: [Physopt 32-134] Processed net distance[5]_i_80_n_0. Rewiring did not optimize the net.
INFO: [Physopt 32-572] Net distance[5]_i_80_n_0 was not replicated.
Resolution: phys_opt_design can be forced to replicate a net driver using the option -force_replication_on_nets <list of net objects>.
INFO: [Physopt 32-702] Processed net distance[5]_i_80_n_0. Optimizations did not improve timing on the net.
INFO: [Physopt 32-702] Processed net distance_reg[9]_i_67_n_7. Optimizations did not improve timing on the net.
INFO: [Physopt 32-702] Processed net distance_reg[5]_i_81_n_0. Optimizations did not improve timing on the net.
INFO: [Physopt 32-702] Processed net distance_reg[5]_i_102_n_0. Optimizations did not improve timing on the net.
INFO: [Physopt 32-702] Processed net distance_reg[5]_i_151_n_0. Optimizations did not improve timing on the net.
INFO: [Physopt 32-702] Processed net distance_reg[5]_i_199_n_0. Optimizations did not improve timing on the net.
INFO: [Physopt 32-702] Processed net distance[9]_i_1_n_0. Optimizations did not improve timing on the net.
INFO: [Physopt 32-702] Processed net clk_IBUF. Optimizations did not improve timing on the net.
INFO: [Physopt 32-702] Processed net clk. Optimizations did not improve timing on the net.
INFO: [Physopt 32-702] Processed net distance[9]. Optimizations did not improve timing on the net.
INFO: [Physopt 32-662] Processed net echo_cnt_reg_n_0_[0].  Did not re-place instance echo_cnt_reg[0]
INFO: [Physopt 32-702] Processed net echo_cnt_reg_n_0_[0]. Optimizations did not improve timing on the net.
INFO: [Physopt 32-702] Processed net distance_reg[15]_i_4_n_2. Optimizations did not improve timing on the net.
INFO: [Physopt 32-662] Processed net distance[15]_i_52_n_0.  Did not re-place instance distance[15]_i_52
INFO: [Physopt 32-702] Processed net distance[15]_i_52_n_0. Optimizations did not improve timing on the net.
INFO: [Physopt 32-702] Processed net distance_reg[15]_i_25_n_6. Optimizations did not improve timing on the net.
INFO: [Physopt 32-662] Processed net distance[15]_i_168_n_0.  Did not re-place instance distance[15]_i_168
INFO: [Physopt 32-702] Processed net distance[15]_i_168_n_0. Optimizations did not improve timing on the net.
INFO: [Physopt 32-702] Processed net distance_reg[13]_i_2_n_5. Optimizations did not improve timing on the net.
INFO: [Physopt 32-735] Processed net distance[1]_i_8_n_0. Optimization improves timing on the net.
INFO: [Physopt 32-619] Estimated Timing Summary | WNS=-10.831 | TNS=-171.454 |
INFO: [Physopt 32-735] Processed net distance[1]_i_11_n_0. Optimization improves timing on the net.
INFO: [Physopt 32-619] Estimated Timing Summary | WNS=-10.826 | TNS=-171.374 |
INFO: [Physopt 32-662] Processed net distance[15]_i_167_n_0.  Did not re-place instance distance[15]_i_167
INFO: [Physopt 32-702] Processed net distance[15]_i_167_n_0. Optimizations did not improve timing on the net.
INFO: [Physopt 32-702] Processed net distance_reg[15]_i_3_n_6. Optimizations did not improve timing on the net.
INFO: [Physopt 32-735] Processed net distance[13]_i_8_n_0. Optimization improves timing on the net.
INFO: [Physopt 32-619] Estimated Timing Summary | WNS=-10.826 | TNS=-171.374 |
INFO: [Physopt 32-662] Processed net distance[13]_i_5_n_0.  Did not re-place instance distance[13]_i_5
INFO: [Physopt 32-702] Processed net distance[13]_i_5_n_0. Optimizations did not improve timing on the net.
INFO: [Physopt 32-662] Processed net distance[13]_i_15_n_0.  Did not re-place instance distance[13]_i_15
INFO: [Physopt 32-702] Processed net distance[13]_i_15_n_0. Optimizations did not improve timing on the net.
INFO: [Physopt 32-702] Processed net distance_reg[13]_i_14_n_4. Optimizations did not improve timing on the net.
INFO: [Physopt 32-662] Processed net distance[1]_i_158_n_0.  Did not re-place instance distance[1]_i_158
INFO: [Physopt 32-702] Processed net distance[1]_i_158_n_0. Optimizations did not improve timing on the net.
INFO: [Physopt 32-662] Processed net distance[5]_i_56_n_0.  Did not re-place instance distance[5]_i_56
INFO: [Physopt 32-702] Processed net distance[5]_i_56_n_0. Optimizations did not improve timing on the net.
INFO: [Physopt 32-702] Processed net distance_reg[15]_i_22_n_0. Optimizations did not improve timing on the net.
INFO: [Physopt 32-702] Processed net distance[15]_i_72_n_0. Optimizations did not improve timing on the net.
INFO: [Physopt 32-702] Processed net distance_reg[15]_i_23_n_7. Optimizations did not improve timing on the net.
INFO: [Physopt 32-662] Processed net distance[15]_i_301_n_0.  Did not re-place instance distance[15]_i_301
INFO: [Physopt 32-702] Processed net distance[15]_i_301_n_0. Optimizations did not improve timing on the net.
INFO: [Physopt 32-702] Processed net distance_reg[15]_i_182_n_6. Optimizations did not improve timing on the net.
INFO: [Physopt 32-662] Processed net distance[5]_i_62_n_0.  Did not re-place instance distance[5]_i_62
INFO: [Physopt 32-702] Processed net distance[5]_i_62_n_0. Optimizations did not improve timing on the net.
INFO: [Physopt 32-662] Processed net distance[5]_i_80_n_0.  Did not re-place instance distance[5]_i_80
INFO: [Physopt 32-702] Processed net distance[5]_i_80_n_0. Optimizations did not improve timing on the net.
INFO: [Physopt 32-702] Processed net distance_reg[9]_i_67_n_7. Optimizations did not improve timing on the net.
INFO: [Physopt 32-702] Processed net distance[9]_i_1_n_0. Optimizations did not improve timing on the net.
INFO: [Physopt 32-702] Processed net clk_IBUF. Optimizations did not improve timing on the net.
INFO: [Physopt 32-702] Processed net clk. Optimizations did not improve timing on the net.
INFO: [Physopt 32-619] Estimated Timing Summary | WNS=-10.826 | TNS=-171.374 |
Phase 3 Critical Path Optimization | Checksum: 1a09a1dfb

Time (s): cpu = 00:00:28 ; elapsed = 00:00:15 . Memory (MB): peak = 1747.336 ; gain = 0.000

Phase 4 Critical Path Optimization
INFO: [Physopt 32-619] Estimated Timing Summary | WNS=-10.826 | TNS=-171.374 |
INFO: [Physopt 32-702] Processed net distance[9]. Optimizations did not improve timing on the net.
INFO: [Physopt 32-572] Net echo_cnt_reg_n_0_[0] was not replicated.
Resolution: phys_opt_design can be forced to replicate a net driver using the option -force_replication_on_nets <list of net objects>.
INFO: [Physopt 32-662] Processed net echo_cnt_reg_n_0_[0].  Did not re-place instance echo_cnt_reg[0]
INFO: [Physopt 32-572] Net echo_cnt_reg_n_0_[0] was not replicated.
Resolution: phys_opt_design can be forced to replicate a net driver using the option -force_replication_on_nets <list of net objects>.
INFO: [Physopt 32-702] Processed net echo_cnt_reg_n_0_[0]. Optimizations did not improve timing on the net.
INFO: [Physopt 32-702] Processed net distance_reg[15]_i_4_n_2. Optimizations did not improve timing on the net.
INFO: [Physopt 32-702] Processed net distance_reg[15]_i_16_n_0. Optimizations did not improve timing on the net.
INFO: [Physopt 32-662] Processed net distance[15]_i_52_n_0.  Did not re-place instance distance[15]_i_52
INFO: [Physopt 32-702] Processed net distance[15]_i_52_n_0. Optimizations did not improve timing on the net.
INFO: [Physopt 32-702] Processed net distance_reg[15]_i_25_n_6. Optimizations did not improve timing on the net.
INFO: [Physopt 32-702] Processed net distance_reg[15]_i_80_n_0. Optimizations did not improve timing on the net.
INFO: [Physopt 32-662] Processed net distance[15]_i_167_n_0.  Did not re-place instance distance[15]_i_167
INFO: [Physopt 32-702] Processed net distance[15]_i_167_n_0. Optimizations did not improve timing on the net.
INFO: [Physopt 32-702] Processed net distance_reg[15]_i_3_n_6. Optimizations did not improve timing on the net.
INFO: [Physopt 32-702] Processed net distance_reg[13]_i_2_n_0. Optimizations did not improve timing on the net.
INFO: [Physopt 32-662] Processed net distance[13]_i_5_n_0.  Did not re-place instance distance[13]_i_5
INFO: [Physopt 32-702] Processed net distance[13]_i_5_n_0. Optimizations did not improve timing on the net.
INFO: [Physopt 32-662] Processed net distance[13]_i_15_n_0.  Did not re-place instance distance[13]_i_15
INFO: [Physopt 32-134] Processed net distance[13]_i_15_n_0. Rewiring did not optimize the net.
INFO: [Physopt 32-572] Net distance[13]_i_15_n_0 was not replicated.
Resolution: phys_opt_design can be forced to replicate a net driver using the option -force_replication_on_nets <list of net objects>.
INFO: [Physopt 32-702] Processed net distance[13]_i_15_n_0. Optimizations did not improve timing on the net.
INFO: [Physopt 32-702] Processed net distance_reg[13]_i_14_n_4. Optimizations did not improve timing on the net.
INFO: [Physopt 32-702] Processed net distance_reg[9]_i_14_n_0. Optimizations did not improve timing on the net.
INFO: [Physopt 32-702] Processed net distance_reg[5]_i_14_n_0. Optimizations did not improve timing on the net.
INFO: [Physopt 32-702] Processed net distance_reg[1]_i_24_n_0. Optimizations did not improve timing on the net.
INFO: [Physopt 32-702] Processed net distance_reg[1]_i_45_n_0. Optimizations did not improve timing on the net.
INFO: [Physopt 32-702] Processed net distance_reg[1]_i_98_n_0. Optimizations did not improve timing on the net.
INFO: [Physopt 32-662] Processed net distance[1]_i_158_n_0.  Did not re-place instance distance[1]_i_158
INFO: [Physopt 32-702] Processed net distance[1]_i_158_n_0. Optimizations did not improve timing on the net.
INFO: [Physopt 32-572] Net distance[5]_i_56_n_0 was not replicated.
Resolution: phys_opt_design can be forced to replicate a net driver using the option -force_replication_on_nets <list of net objects>.
INFO: [Physopt 32-662] Processed net distance[5]_i_56_n_0.  Did not re-place instance distance[5]_i_56
INFO: [Physopt 32-702] Processed net distance[5]_i_56_n_0. Optimizations did not improve timing on the net.
INFO: [Physopt 32-702] Processed net distance_reg[15]_i_22_n_0. Optimizations did not improve timing on the net.
INFO: [Physopt 32-702] Processed net distance[15]_i_72_n_0. Optimizations did not improve timing on the net.
INFO: [Physopt 32-702] Processed net distance_reg[15]_i_23_n_7. Optimizations did not improve timing on the net.
INFO: [Physopt 32-702] Processed net distance_reg[15]_i_74_n_0. Optimizations did not improve timing on the net.
INFO: [Physopt 32-702] Processed net distance_reg[15]_i_156_n_0. Optimizations did not improve timing on the net.
INFO: [Physopt 32-702] Processed net distance_reg[15]_i_229_n_0. Optimizations did not improve timing on the net.
INFO: [Physopt 32-662] Processed net distance[15]_i_301_n_0.  Did not re-place instance distance[15]_i_301
INFO: [Physopt 32-702] Processed net distance[15]_i_301_n_0. Optimizations did not improve timing on the net.
INFO: [Physopt 32-702] Processed net distance_reg[15]_i_182_n_6. Optimizations did not improve timing on the net.
INFO: [Physopt 32-702] Processed net distance_reg[13]_i_47_n_0. Optimizations did not improve timing on the net.
INFO: [Physopt 32-702] Processed net distance_reg[9]_i_50_n_0. Optimizations did not improve timing on the net.
INFO: [Physopt 32-702] Processed net distance_reg[5]_i_55_n_0. Optimizations did not improve timing on the net.
INFO: [Physopt 32-662] Processed net distance[5]_i_62_n_0.  Did not re-place instance distance[5]_i_62
INFO: [Physopt 32-702] Processed net distance[5]_i_62_n_0. Optimizations did not improve timing on the net.
INFO: [Physopt 32-662] Processed net distance[5]_i_80_n_0.  Did not re-place instance distance[5]_i_80
INFO: [Physopt 32-134] Processed net distance[5]_i_80_n_0. Rewiring did not optimize the net.
INFO: [Physopt 32-572] Net distance[5]_i_80_n_0 was not replicated.
Resolution: phys_opt_design can be forced to replicate a net driver using the option -force_replication_on_nets <list of net objects>.
INFO: [Physopt 32-702] Processed net distance[5]_i_80_n_0. Optimizations did not improve timing on the net.
INFO: [Physopt 32-702] Processed net distance_reg[9]_i_67_n_7. Optimizations did not improve timing on the net.
INFO: [Physopt 32-702] Processed net distance_reg[5]_i_81_n_0. Optimizations did not improve timing on the net.
INFO: [Physopt 32-702] Processed net distance_reg[5]_i_102_n_0. Optimizations did not improve timing on the net.
INFO: [Physopt 32-702] Processed net distance_reg[5]_i_151_n_0. Optimizations did not improve timing on the net.
INFO: [Physopt 32-702] Processed net distance_reg[5]_i_199_n_0. Optimizations did not improve timing on the net.
INFO: [Physopt 32-702] Processed net distance[9]_i_1_n_0. Optimizations did not improve timing on the net.
INFO: [Physopt 32-702] Processed net clk_IBUF. Optimizations did not improve timing on the net.
INFO: [Physopt 32-702] Processed net clk. Optimizations did not improve timing on the net.
INFO: [Physopt 32-702] Processed net distance[9]. Optimizations did not improve timing on the net.
INFO: [Physopt 32-662] Processed net echo_cnt_reg_n_0_[0].  Did not re-place instance echo_cnt_reg[0]
INFO: [Physopt 32-702] Processed net echo_cnt_reg_n_0_[0]. Optimizations did not improve timing on the net.
INFO: [Physopt 32-702] Processed net distance_reg[15]_i_4_n_2. Optimizations did not improve timing on the net.
INFO: [Physopt 32-662] Processed net distance[15]_i_52_n_0.  Did not re-place instance distance[15]_i_52
INFO: [Physopt 32-702] Processed net distance[15]_i_52_n_0. Optimizations did not improve timing on the net.
INFO: [Physopt 32-702] Processed net distance_reg[15]_i_25_n_6. Optimizations did not improve timing on the net.
INFO: [Physopt 32-662] Processed net distance[15]_i_167_n_0.  Did not re-place instance distance[15]_i_167
INFO: [Physopt 32-702] Processed net distance[15]_i_167_n_0. Optimizations did not improve timing on the net.
INFO: [Physopt 32-702] Processed net distance_reg[15]_i_3_n_6. Optimizations did not improve timing on the net.
INFO: [Physopt 32-662] Processed net distance[13]_i_5_n_0.  Did not re-place instance distance[13]_i_5
INFO: [Physopt 32-702] Processed net distance[13]_i_5_n_0. Optimizations did not improve timing on the net.
INFO: [Physopt 32-662] Processed net distance[13]_i_15_n_0.  Did not re-place instance distance[13]_i_15
INFO: [Physopt 32-702] Processed net distance[13]_i_15_n_0. Optimizations did not improve timing on the net.
INFO: [Physopt 32-702] Processed net distance_reg[13]_i_14_n_4. Optimizations did not improve timing on the net.
INFO: [Physopt 32-662] Processed net distance[1]_i_158_n_0.  Did not re-place instance distance[1]_i_158
INFO: [Physopt 32-702] Processed net distance[1]_i_158_n_0. Optimizations did not improve timing on the net.
INFO: [Physopt 32-662] Processed net distance[5]_i_56_n_0.  Did not re-place instance distance[5]_i_56
INFO: [Physopt 32-702] Processed net distance[5]_i_56_n_0. Optimizations did not improve timing on the net.
INFO: [Physopt 32-702] Processed net distance_reg[15]_i_22_n_0. Optimizations did not improve timing on the net.
INFO: [Physopt 32-702] Processed net distance[15]_i_72_n_0. Optimizations did not improve timing on the net.
INFO: [Physopt 32-702] Processed net distance_reg[15]_i_23_n_7. Optimizations did not improve timing on the net.
INFO: [Physopt 32-662] Processed net distance[15]_i_301_n_0.  Did not re-place instance distance[15]_i_301
INFO: [Physopt 32-702] Processed net distance[15]_i_301_n_0. Optimizations did not improve timing on the net.
INFO: [Physopt 32-702] Processed net distance_reg[15]_i_182_n_6. Optimizations did not improve timing on the net.
INFO: [Physopt 32-662] Processed net distance[5]_i_62_n_0.  Did not re-place instance distance[5]_i_62
INFO: [Physopt 32-702] Processed net distance[5]_i_62_n_0. Optimizations did not improve timing on the net.
INFO: [Physopt 32-662] Processed net distance[5]_i_80_n_0.  Did not re-place instance distance[5]_i_80
INFO: [Physopt 32-702] Processed net distance[5]_i_80_n_0. Optimizations did not improve timing on the net.
INFO: [Physopt 32-702] Processed net distance_reg[9]_i_67_n_7. Optimizations did not improve timing on the net.
INFO: [Physopt 32-702] Processed net distance[9]_i_1_n_0. Optimizations did not improve timing on the net.
INFO: [Physopt 32-702] Processed net clk_IBUF. Optimizations did not improve timing on the net.
INFO: [Physopt 32-702] Processed net clk. Optimizations did not improve timing on the net.
INFO: [Physopt 32-619] Estimated Timing Summary | WNS=-10.826 | TNS=-171.374 |
Phase 4 Critical Path Optimization | Checksum: 1a09a1dfb

Time (s): cpu = 00:00:32 ; elapsed = 00:00:17 . Memory (MB): peak = 1747.336 ; gain = 0.000
Netlist sorting complete. Time (s): cpu = 00:00:00 ; elapsed = 00:00:00.007 . Memory (MB): peak = 1747.336 ; gain = 0.000
INFO: [Physopt 32-603] Post Physical Optimization Timing Summary | WNS=-10.826 | TNS=-171.374 |

Summary of Physical Synthesis Optimizations
============================================


-------------------------------------------------------------------------------------------------------------------------------------------------------------
|  Optimization   |  WNS Gain (ns)  |  TNS Gain (ns)  |  Added Cells  |  Removed Cells  |  Optimized Cells/Nets  |  Dont Touch  |  Iterations  |  Elapsed   |
-------------------------------------------------------------------------------------------------------------------------------------------------------------
|  DSP Register   |          0.000  |          0.000  |            0  |              0  |                     0  |           0  |           1  |  00:00:00  |
|  Critical Path  |          0.735  |         11.760  |           53  |              0  |                    79  |           0  |           2  |  00:00:16  |
|  Total          |          0.735  |         11.760  |           53  |              0  |                    79  |           0  |           3  |  00:00:16  |
-------------------------------------------------------------------------------------------------------------------------------------------------------------


Netlist sorting complete. Time (s): cpu = 00:00:00 ; elapsed = 00:00:00.001 . Memory (MB): peak = 1747.336 ; gain = 0.000
Ending Physical Synthesis Task | Checksum: 184f88c0f

Time (s): cpu = 00:00:32 ; elapsed = 00:00:17 . Memory (MB): peak = 1747.336 ; gain = 0.000
INFO: [Common 17-83] Releasing license: Implementation
591 Infos, 0 Warnings, 0 Critical Warnings and 0 Errors encountered.
phys_opt_design completed successfully
phys_opt_design: Time (s): cpu = 00:00:32 ; elapsed = 00:00:17 . Memory (MB): peak = 1747.336 ; gain = 0.000
INFO: [Timing 38-480] Writing timing data to binary archive.
Writing placer database...
Writing XDEF routing.
Writing XDEF routing logical nets.
Writing XDEF routing special nets.
Write XDEF Complete: Time (s): cpu = 00:00:00 ; elapsed = 00:00:00.145 . Memory (MB): peak = 1759.258 ; gain = 11.922
INFO: [Common 17-1381] The checkpoint 'C:/Users/kccistc/Downloads/inha/wednesday/ec06_Ultrasonic/vivado/ex06.runs/impl_1/hcsr04_driver_physopt.dcp' has been generated.
Command: route_design
Attempting to get a license for feature 'Implementation' and/or device 'xc7a35t'
INFO: [Common 17-349] Got license for feature 'Implementation' and/or device 'xc7a35t'
INFO: [DRC 23-27] Running DRC with 2 threads
INFO: [Vivado_Tcl 4-198] DRC finished with 0 Errors
INFO: [Vivado_Tcl 4-199] Please refer to the DRC report (report_drc) for more information.
Running DRC as a precondition to command route_design
INFO: [DRC 23-27] Running DRC with 2 threads
INFO: [Vivado_Tcl 4-198] DRC finished with 0 Errors
INFO: [Vivado_Tcl 4-199] Please refer to the DRC report (report_drc) for more information.


Starting Routing Task
INFO: [Route 35-254] Multithreading enabled for route_design using a maximum of 2 CPUs
Checksum: PlaceDB: cb50fc90 ConstDB: 0 ShapeSum: 92feb9a2 RouteDB: 0

Phase 1 Build RT Design
Phase 1 Build RT Design | Checksum: 15bb483f4

Time (s): cpu = 00:00:10 ; elapsed = 00:00:09 . Memory (MB): peak = 1848.273 ; gain = 88.875
Post Restoration Checksum: NetGraph: f1195180 NumContArr: 6a9b3274 Constraints: 0 Timing: 0

Phase 2 Router Initialization

Phase 2.1 Create Timer
Phase 2.1 Create Timer | Checksum: 15bb483f4

Time (s): cpu = 00:00:10 ; elapsed = 00:00:09 . Memory (MB): peak = 1848.273 ; gain = 88.875

Phase 2.2 Fix Topology Constraints
Phase 2.2 Fix Topology Constraints | Checksum: 15bb483f4

Time (s): cpu = 00:00:10 ; elapsed = 00:00:09 . Memory (MB): peak = 1854.277 ; gain = 94.879

Phase 2.3 Pre Route Cleanup
Phase 2.3 Pre Route Cleanup | Checksum: 15bb483f4

Time (s): cpu = 00:00:10 ; elapsed = 00:00:09 . Memory (MB): peak = 1854.277 ; gain = 94.879
 Number of Nodes with overlaps = 0

Phase 2.4 Update Timing
Phase 2.4 Update Timing | Checksum: 25764478a

Time (s): cpu = 00:00:11 ; elapsed = 00:00:10 . Memory (MB): peak = 1862.145 ; gain = 102.746
INFO: [Route 35-416] Intermediate Timing Summary | WNS=-10.482| TNS=-165.870| WHS=-0.156 | THS=-52.002|


Phase 2.5 Update Timing for Bus Skew

Phase 2.5.1 Update Timing
Phase 2.5.1 Update Timing | Checksum: 27dab7102

Time (s): cpu = 00:00:11 ; elapsed = 00:00:10 . Memory (MB): peak = 1862.145 ; gain = 102.746
INFO: [Route 35-416] Intermediate Timing Summary | WNS=-10.482| TNS=-164.500| WHS=N/A    | THS=N/A    |

Phase 2.5 Update Timing for Bus Skew | Checksum: 2084f4bb1

Time (s): cpu = 00:00:11 ; elapsed = 00:00:10 . Memory (MB): peak = 1877.938 ; gain = 118.539
Phase 2 Router Initialization | Checksum: 24824fafb

Time (s): cpu = 00:00:11 ; elapsed = 00:00:10 . Memory (MB): peak = 1877.938 ; gain = 118.539

Router Utilization Summary
  Global Vertical Routing Utilization    = 0 %
  Global Horizontal Routing Utilization  = 0 %
  Routable Net Status*
  *Does not include unroutable nets such as driverless and loadless.
  Run report_route_status for detailed report.
  Number of Failed Nets               = 2616
    (Failed Nets is the sum of unrouted and partially routed nets)
  Number of Unrouted Nets             = 2616
  Number of Partially Routed Nets     = 0
  Number of Node Overlaps             = 0


Phase 3 Initial Routing

Phase 3.1 Global Routing
Phase 3.1 Global Routing | Checksum: 24824fafb

Time (s): cpu = 00:00:11 ; elapsed = 00:00:10 . Memory (MB): peak = 1877.938 ; gain = 118.539
Phase 3 Initial Routing | Checksum: 1865ac66b

Time (s): cpu = 00:00:12 ; elapsed = 00:00:10 . Memory (MB): peak = 1877.938 ; gain = 118.539

Phase 4 Rip-up And Reroute

Phase 4.1 Global Iteration 0
 Number of Nodes with overlaps = 1416
 Number of Nodes with overlaps = 632
 Number of Nodes with overlaps = 394
 Number of Nodes with overlaps = 210
 Number of Nodes with overlaps = 121
 Number of Nodes with overlaps = 50
 Number of Nodes with overlaps = 51
 Number of Nodes with overlaps = 21
 Number of Nodes with overlaps = 6
 Number of Nodes with overlaps = 1
 Number of Nodes with overlaps = 1
 Number of Nodes with overlaps = 0
INFO: [Route 35-416] Intermediate Timing Summary | WNS=-14.288| TNS=-225.270| WHS=N/A    | THS=N/A    |

Phase 4.1 Global Iteration 0 | Checksum: 1b7516a2d

Time (s): cpu = 00:00:22 ; elapsed = 00:00:17 . Memory (MB): peak = 1877.938 ; gain = 118.539

Phase 4.2 Global Iteration 1
 Number of Nodes with overlaps = 1601
 Number of Nodes with overlaps = 779
 Number of Nodes with overlaps = 503
 Number of Nodes with overlaps = 194
 Number of Nodes with overlaps = 97
 Number of Nodes with overlaps = 31
 Number of Nodes with overlaps = 15
 Number of Nodes with overlaps = 4
 Number of Nodes with overlaps = 3
 Number of Nodes with overlaps = 0
INFO: [Route 35-416] Intermediate Timing Summary | WNS=-14.982| TNS=-235.467| WHS=N/A    | THS=N/A    |

Phase 4.2 Global Iteration 1 | Checksum: 1fc568e31

Time (s): cpu = 00:00:36 ; elapsed = 00:00:25 . Memory (MB): peak = 1877.938 ; gain = 118.539
Phase 4 Rip-up And Reroute | Checksum: 1fc568e31

Time (s): cpu = 00:00:36 ; elapsed = 00:00:25 . Memory (MB): peak = 1877.938 ; gain = 118.539

Phase 5 Delay and Skew Optimization

Phase 5.1 Delay CleanUp

Phase 5.1.1 Update Timing
Phase 5.1.1 Update Timing | Checksum: 1c5d8cf78

Time (s): cpu = 00:00:36 ; elapsed = 00:00:25 . Memory (MB): peak = 1877.938 ; gain = 118.539
INFO: [Route 35-416] Intermediate Timing Summary | WNS=-14.209| TNS=-224.006| WHS=N/A    | THS=N/A    |

 Number of Nodes with overlaps = 0
Phase 5.1 Delay CleanUp | Checksum: 122d1d6d0

Time (s): cpu = 00:00:36 ; elapsed = 00:00:25 . Memory (MB): peak = 1877.938 ; gain = 118.539

Phase 5.2 Clock Skew Optimization
Phase 5.2 Clock Skew Optimization | Checksum: 122d1d6d0

Time (s): cpu = 00:00:36 ; elapsed = 00:00:25 . Memory (MB): peak = 1877.938 ; gain = 118.539
Phase 5 Delay and Skew Optimization | Checksum: 122d1d6d0

Time (s): cpu = 00:00:36 ; elapsed = 00:00:25 . Memory (MB): peak = 1877.938 ; gain = 118.539

Phase 6 Post Hold Fix

Phase 6.1 Hold Fix Iter

Phase 6.1.1 Update Timing
Phase 6.1.1 Update Timing | Checksum: 1b02ad160

Time (s): cpu = 00:00:36 ; elapsed = 00:00:25 . Memory (MB): peak = 1877.938 ; gain = 118.539
INFO: [Route 35-416] Intermediate Timing Summary | WNS=-14.178| TNS=-223.510| WHS=0.064  | THS=0.000  |

Phase 6.1 Hold Fix Iter | Checksum: 12be78d12

Time (s): cpu = 00:00:36 ; elapsed = 00:00:25 . Memory (MB): peak = 1877.938 ; gain = 118.539
Phase 6 Post Hold Fix | Checksum: 12be78d12

Time (s): cpu = 00:00:36 ; elapsed = 00:00:25 . Memory (MB): peak = 1877.938 ; gain = 118.539

Phase 7 Route finalize

Router Utilization Summary
  Global Vertical Routing Utilization    = 0.810253 %
  Global Horizontal Routing Utilization  = 1.03605 %
  Routable Net Status*
  *Does not include unroutable nets such as driverless and loadless.
  Run report_route_status for detailed report.
  Number of Failed Nets               = 0
    (Failed Nets is the sum of unrouted and partially routed nets)
  Number of Unrouted Nets             = 0
  Number of Partially Routed Nets     = 0
  Number of Node Overlaps             = 0

Congestion Report
North Dir 1x1 Area, Max Cong = 55.8559%, No Congested Regions.
South Dir 1x1 Area, Max Cong = 56.7568%, No Congested Regions.
East Dir 1x1 Area, Max Cong = 45.5882%, No Congested Regions.
West Dir 1x1 Area, Max Cong = 75%, No Congested Regions.

------------------------------
Reporting congestion hotspots
------------------------------
Direction: North
----------------
Congested clusters found at Level 0
Effective congestion level: 0 Aspect Ratio: 1 Sparse Ratio: 0
Direction: South
----------------
Congested clusters found at Level 0
Effective congestion level: 0 Aspect Ratio: 1 Sparse Ratio: 0
Direction: East
----------------
Congested clusters found at Level 0
Effective congestion level: 0 Aspect Ratio: 1 Sparse Ratio: 0
Direction: West
----------------
Congested clusters found at Level 0
Effective congestion level: 0 Aspect Ratio: 1 Sparse Ratio: 0

Phase 7 Route finalize | Checksum: 1ae87e334

Time (s): cpu = 00:00:36 ; elapsed = 00:00:25 . Memory (MB): peak = 1877.938 ; gain = 118.539

Phase 8 Verifying routed nets

 Verification completed successfully
Phase 8 Verifying routed nets | Checksum: 1ae87e334

Time (s): cpu = 00:00:36 ; elapsed = 00:00:25 . Memory (MB): peak = 1877.938 ; gain = 118.539

Phase 9 Depositing Routes
Phase 9 Depositing Routes | Checksum: 1f19d0248

Time (s): cpu = 00:00:36 ; elapsed = 00:00:25 . Memory (MB): peak = 1877.938 ; gain = 118.539

Phase 10 Post Router Timing
INFO: [Route 35-57] Estimated Timing Summary | WNS=-14.178| TNS=-223.510| WHS=0.064  | THS=0.000  |

WARNING: [Route 35-328] Router estimated timing not met.
Resolution: For a complete and accurate timing signoff, report_timing_summary must be run after route_design. Alternatively, route_design can be run with the -timing_summary option to enable a complete timing signoff at the end of route_design.
Phase 10 Post Router Timing | Checksum: 1f19d0248

Time (s): cpu = 00:00:36 ; elapsed = 00:00:25 . Memory (MB): peak = 1877.938 ; gain = 118.539
INFO: [Route 35-16] Router Completed Successfully

Time (s): cpu = 00:00:36 ; elapsed = 00:00:25 . Memory (MB): peak = 1877.938 ; gain = 118.539

Routing Is Done.
INFO: [Common 17-83] Releasing license: Implementation
610 Infos, 1 Warnings, 0 Critical Warnings and 0 Errors encountered.
route_design completed successfully
route_design: Time (s): cpu = 00:00:38 ; elapsed = 00:00:26 . Memory (MB): peak = 1877.938 ; gain = 118.680
INFO: [Timing 38-480] Writing timing data to binary archive.
Writing placer database...
Writing XDEF routing.
Writing XDEF routing logical nets.
Writing XDEF routing special nets.
Write XDEF Complete: Time (s): cpu = 00:00:01 ; elapsed = 00:00:00.199 . Memory (MB): peak = 1886.762 ; gain = 8.824
INFO: [Common 17-1381] The checkpoint 'C:/Users/kccistc/Downloads/inha/wednesday/ec06_Ultrasonic/vivado/ex06.runs/impl_1/hcsr04_driver_routed.dcp' has been generated.
INFO: [runtcl-4] Executing : report_drc -file hcsr04_driver_drc_routed.rpt -pb hcsr04_driver_drc_routed.pb -rpx hcsr04_driver_drc_routed.rpx
Command: report_drc -file hcsr04_driver_drc_routed.rpt -pb hcsr04_driver_drc_routed.pb -rpx hcsr04_driver_drc_routed.rpx
INFO: [IP_Flow 19-1839] IP Catalog is up to date.
INFO: [DRC 23-27] Running DRC with 2 threads
INFO: [Coretcl 2-168] The results of DRC are in file C:/Users/kccistc/Downloads/inha/wednesday/ec06_Ultrasonic/vivado/ex06.runs/impl_1/hcsr04_driver_drc_routed.rpt.
report_drc completed successfully
INFO: [runtcl-4] Executing : report_methodology -file hcsr04_driver_methodology_drc_routed.rpt -pb hcsr04_driver_methodology_drc_routed.pb -rpx hcsr04_driver_methodology_drc_routed.rpx
Command: report_methodology -file hcsr04_driver_methodology_drc_routed.rpt -pb hcsr04_driver_methodology_drc_routed.pb -rpx hcsr04_driver_methodology_drc_routed.rpx
INFO: [Timing 38-35] Done setting XDC timing constraints.
INFO: [DRC 23-133] Running Methodology with 2 threads
INFO: [Coretcl 2-1520] The results of Report Methodology are in file C:/Users/kccistc/Downloads/inha/wednesday/ec06_Ultrasonic/vivado/ex06.runs/impl_1/hcsr04_driver_methodology_drc_routed.rpt.
report_methodology completed successfully
INFO: [runtcl-4] Executing : report_power -file hcsr04_driver_power_routed.rpt -pb hcsr04_driver_power_summary_routed.pb -rpx hcsr04_driver_power_routed.rpx
Command: report_power -file hcsr04_driver_power_routed.rpt -pb hcsr04_driver_power_summary_routed.pb -rpx hcsr04_driver_power_routed.rpx
INFO: [Timing 38-35] Done setting XDC timing constraints.
Running Vector-less Activity Propagation...

Finished Running Vector-less Activity Propagation
622 Infos, 1 Warnings, 0 Critical Warnings and 0 Errors encountered.
report_power completed successfully
INFO: [runtcl-4] Executing : report_route_status -file hcsr04_driver_route_status.rpt -pb hcsr04_driver_route_status.pb
INFO: [runtcl-4] Executing : report_timing_summary -max_paths 10 -file hcsr04_driver_timing_summary_routed.rpt -pb hcsr04_driver_timing_summary_routed.pb -rpx hcsr04_driver_timing_summary_routed.rpx -warn_on_violation 
INFO: [Timing 38-91] UpdateTimingParams: Speed grade: -1, Delay Type: min_max.
INFO: [Timing 38-191] Multithreading enabled for timing update using a maximum of 2 CPUs
CRITICAL WARNING: [Timing 38-282] The design failed to meet the timing requirements. Please see the timing summary report for details on the timing violations.
WARNING: [Timing 38-436] There are set_bus_skew constraint(s) in this design. Please run report_bus_skew to ensure that bus skew requirements are met.
INFO: [runtcl-4] Executing : report_incremental_reuse -file hcsr04_driver_incremental_reuse_routed.rpt
INFO: [Vivado_Tcl 4-1062] Incremental flow is disabled. No incremental reuse Info to report.
INFO: [runtcl-4] Executing : report_clock_utilization -file hcsr04_driver_clock_utilization_routed.rpt
INFO: [runtcl-4] Executing : report_bus_skew -warn_on_violation -file hcsr04_driver_bus_skew_routed.rpt -pb hcsr04_driver_bus_skew_routed.pb -rpx hcsr04_driver_bus_skew_routed.rpx
INFO: [Timing 38-91] UpdateTimingParams: Speed grade: -1, Delay Type: min_max.
INFO: [Timing 38-191] Multithreading enabled for timing update using a maximum of 2 CPUs
Command: write_bitstream -force hcsr04_driver.bit
Attempting to get a license for feature 'Implementation' and/or device 'xc7a35t'
INFO: [Common 17-349] Got license for feature 'Implementation' and/or device 'xc7a35t'
Running DRC as a precondition to command write_bitstream
INFO: [IP_Flow 19-1839] IP Catalog is up to date.
INFO: [DRC 23-27] Running DRC with 2 threads
WARNING: [DRC CFGBVS-1] Missing CFGBVS and CONFIG_VOLTAGE Design Properties: Neither the CFGBVS nor CONFIG_VOLTAGE voltage property is set in the current_design.  Configuration bank voltage select (CFGBVS) must be set to VCCO or GND, and CONFIG_VOLTAGE must be set to the correct configuration voltage, in order to determine the I/O voltage support for the pins in bank 0.  It is suggested to specify these either using the 'Edit Device Properties' function in the GUI or directly in the XDC file using the following syntax:

 set_property CFGBVS value1 [current_design]
 #where value1 is either VCCO or GND

 set_property CONFIG_VOLTAGE value2 [current_design]
 #where value2 is the voltage provided to configuration bank 0

Refer to the device configuration user guide for more information.
WARNING: [DRC RTSTAT-10] No routable loads: 19 net(s) have no routable loads. The problem bus(es) and/or net(s) are dbg_hub/inst/BSCANID.u_xsdbm_id/CORE_XSDB.UUT_MASTER/U_ICON_INTERFACE/U_CMD6_RD/U_RD_FIFO/SUBCORE_FIFO.xsdbm_v3_0_0_rdfifo_inst/inst_fifo_gen/gconvfifo.rf/grf.rf/gntv_or_sync_fifo.gl0.rd/gr1.gr1_int.rfwft/aempty_fwft_i, dbg_hub/inst/BSCANID.u_xsdbm_id/CORE_XSDB.UUT_MASTER/U_ICON_INTERFACE/U_CMD7_CTL/ctl_reg[2:0], dbg_hub/inst/BSCANID.u_xsdbm_id/CORE_XSDB.UUT_MASTER/U_ICON_INTERFACE/U_CMD1/ctl_reg_en_2[1], dbg_hub/inst/BSCANID.u_xsdbm_id/CORE_XSDB.UUT_MASTER/U_ICON_INTERFACE/U_CMD7_CTL/ctl_reg_en_2[1], dbg_hub/inst/BSCANID.u_xsdbm_id/SWITCH_N_EXT_BSCAN.bscan_switch/m_bscan_capture[0], dbg_hub/inst/BSCANID.u_xsdbm_id/SWITCH_N_EXT_BSCAN.bscan_switch/m_bscan_drck[0], dbg_hub/inst/BSCANID.u_xsdbm_id/SWITCH_N_EXT_BSCAN.bscan_switch/m_bscan_runtest[0], dbg_hub/inst/BSCANID.u_xsdbm_id/CORE_XSDB.UUT_MASTER/U_ICON_INTERFACE/U_CMD6_WR/U_WR_FIFO/SUBCORE_FIFO.xsdbm_v3_0_0_wrfifo_inst/inst_fifo_gen/gconvfifo.rf/grf.rf/gntv_or_sync_fifo.gl0.wr/gwhf.whf/overflow, dbg_hub/inst/BSCANID.u_xsdbm_id/CORE_XSDB.UUT_MASTER/U_ICON_INTERFACE/U_CMD6_RD/U_RD_FIFO/SUBCORE_FIFO.xsdbm_v3_0_0_rdfifo_inst/inst_fifo_gen/gconvfifo.rf/grf.rf/gntv_or_sync_fifo.gl0.wr/gwhf.whf/overflow, dbg_hub/inst/BSCANID.u_xsdbm_id/CORE_XSDB.UUT_MASTER/U_ICON_INTERFACE/U_CMD6_RD/U_RD_FIFO/SUBCORE_FIFO.xsdbm_v3_0_0_rdfifo_inst/inst_fifo_gen/gconvfifo.rf/grf.rf/gntv_or_sync_fifo.gl0.rd/gras.rsts/ram_empty_i, dbg_hub/inst/BSCANID.u_xsdbm_id/CORE_XSDB.UUT_MASTER/U_ICON_INTERFACE/U_CMD6_WR/U_WR_FIFO/SUBCORE_FIFO.xsdbm_v3_0_0_wrfifo_inst/inst_fifo_gen/gconvfifo.rf/grf.rf/gntv_or_sync_fifo.gl0.wr/gwas.wsts/ram_full_i, dbg_hub/inst/BSCANID.u_xsdbm_id/CORE_XSDB.UUT_MASTER/U_ICON_INTERFACE/U_CMD6_WR/U_WR_FIFO/SUBCORE_FIFO.xsdbm_v3_0_0_wrfifo_inst/inst_fifo_gen/gconvfifo.rf/grf.rf/rstblk/rd_rst_reg[0], dbg_hub/inst/BSCANID.u_xsdbm_id/SWITCH_N_EXT_BSCAN.bscan_inst/s_bscan_tms, dbg_hub/inst/BSCANID.u_xsdbm_id/CORE_XSDB.UUT_MASTER/U_ICON_INTERFACE/U_CMD6_RD/U_RD_FIFO/SUBCORE_FIFO.xsdbm_v3_0_0_rdfifo_inst/inst_fifo_gen/gconvfifo.rf/grf.rf/gntv_or_sync_fifo.gl0.rd/grhf.rhf/underflow, dbg_hub/inst/BSCANID.u_xsdbm_id/CORE_XSDB.UUT_MASTER/U_ICON_INTERFACE/U_CMD6_WR/U_WR_FIFO/SUBCORE_FIFO.xsdbm_v3_0_0_wrfifo_inst/inst_fifo_gen/gconvfifo.rf/grf.rf/gntv_or_sync_fifo.gl0.rd/grhf.rhf/underflow... and (the first 15 of 17 listed).
INFO: [Vivado 12-3199] DRC finished with 0 Errors, 2 Warnings
INFO: [Vivado 12-3200] Please refer to the DRC report (report_drc) for more information.
INFO: [Designutils 20-2272] Running write_bitstream with 2 threads.
Loading data files...
Loading site data...
Loading route data...
Processing options...
Creating bitmap...
Creating bitstream...
Writing bitstream ./hcsr04_driver.bit...
INFO: [Vivado 12-1842] Bitgen Completed Successfully.
INFO: [Project 1-120] WebTalk data collection is mandatory when using a WebPACK part without a full Vivado license. To see the specific WebTalk data collected for your design, open the usage_statistics_webtalk.html or usage_statistics_webtalk.xml file in the implementation directory.
INFO: [Common 17-83] Releasing license: Implementation
12 Infos, 2 Warnings, 0 Critical Warnings and 0 Errors encountered.
write_bitstream completed successfully
write_bitstream: Time (s): cpu = 00:00:08 ; elapsed = 00:00:08 . Memory (MB): peak = 2358.172 ; gain = 448.395
INFO: [Common 17-206] Exiting Vivado at Thu Jun 25 15:29:42 2026...
