Copyright 1986-2022 Xilinx, Inc. All Rights Reserved. Copyright 2022-2024 Advanced Micro Devices, Inc. All Rights Reserved.
---------------------------------------------------------------------------------------------------------------------------------------------------------------------------------------------------------------------------------------------
| Tool Version : Vivado v.2024.2 (win64) Build 5239630 Fri Nov 08 22:35:27 MST 2024
| Date         : Mon Jun 22 19:56:17 2026
| Host         : PC-Home running 64-bit major release  (build 9200)
| Command      : report_timing_summary -max_paths 10 -report_unconstrained -file logic_sw_led_top_timing_summary_routed.rpt -pb logic_sw_led_top_timing_summary_routed.pb -rpx logic_sw_led_top_timing_summary_routed.rpx -warn_on_violation
| Design       : logic_sw_led_top
| Device       : 7a35t-cpg236
| Speed File   : -1  PRODUCTION 1.23 2018-06-13
| Design State : Routed
---------------------------------------------------------------------------------------------------------------------------------------------------------------------------------------------------------------------------------------------

Timing Summary Report

------------------------------------------------------------------------------------------------
| Timer Settings
| --------------
------------------------------------------------------------------------------------------------

  Enable Multi Corner Analysis               :  Yes
  Enable Pessimism Removal                   :  Yes
  Pessimism Removal Resolution               :  Nearest Common Node
  Enable Input Delay Default Clock           :  No
  Enable Preset / Clear Arcs                 :  No
  Disable Flight Delays                      :  No
  Ignore I/O Paths                           :  No
  Timing Early Launch at Borrowing Latches   :  No
  Borrow Time for Max Delay Exceptions       :  Yes
  Merge Timing Exceptions                    :  Yes
  Inter-SLR Compensation                     :  Conservative

  Corner  Analyze    Analyze    
  Name    Max Paths  Min Paths  
  ------  ---------  ---------  
  Slow    Yes        Yes        
  Fast    Yes        Yes        


------------------------------------------------------------------------------------------------
| Report Methodology
| ------------------
------------------------------------------------------------------------------------------------

No report available as report_methodology has not been run prior. Run report_methodology on the current design for the summary of methodology violations.



check_timing report

Table of Contents
-----------------
1. checking no_clock (0)
2. checking constant_clock (0)
3. checking pulse_width_clock (0)
4. checking unconstrained_internal_endpoints (0)
5. checking no_input_delay (0)
6. checking no_output_delay (0)
7. checking multiple_clock (0)
8. checking generated_clocks (0)
9. checking loops (0)
10. checking partial_input_delay (0)
11. checking partial_output_delay (0)
12. checking latch_loops (0)

1. checking no_clock (0)
------------------------
 There are 0 register/latch pins with no clock.


2. checking constant_clock (0)
------------------------------
 There are 0 register/latch pins with constant_clock.


3. checking pulse_width_clock (0)
---------------------------------
 There are 0 register/latch pins which need pulse_width check


4. checking unconstrained_internal_endpoints (0)
------------------------------------------------
 There are 0 pins that are not constrained for maximum delay.

 There are 0 pins that are not constrained for maximum delay due to constant clock.


5. checking no_input_delay (0)
------------------------------
 There are 0 input ports with no input delay specified.

 There are 0 input ports with no input delay but user has a false path constraint.


6. checking no_output_delay (0)
-------------------------------
 There are 0 ports with no output delay specified.

 There are 0 ports with no output delay but user has a false path constraint

 There are 0 ports with no output delay but with a timing clock defined on it or propagating through it


7. checking multiple_clock (0)
------------------------------
 There are 0 register/latch pins with multiple clocks.


8. checking generated_clocks (0)
--------------------------------
 There are 0 generated clocks that are not connected to a clock source.


9. checking loops (0)
---------------------
 There are 0 combinational loops in the design.


10. checking partial_input_delay (0)
------------------------------------
 There are 0 input ports with partial input delay specified.


11. checking partial_output_delay (0)
-------------------------------------
 There are 0 ports with partial output delay specified.


12. checking latch_loops (0)
----------------------------
 There are 0 combinational latch loops in the design through latch input



------------------------------------------------------------------------------------------------
| Design Timing Summary
| ---------------------
------------------------------------------------------------------------------------------------

    WNS(ns)      TNS(ns)  TNS Failing Endpoints  TNS Total Endpoints      WHS(ns)      THS(ns)  THS Failing Endpoints  THS Total Endpoints     WPWS(ns)     TPWS(ns)  TPWS Failing Endpoints  TPWS Total Endpoints  
    -------      -------  ---------------------  -------------------      -------      -------  ---------------------  -------------------     --------     --------  ----------------------  --------------------  
        inf        0.000                      0                   16          inf        0.000                      0                   16           NA           NA                      NA                    NA  


There are no user specified timing constraints.


------------------------------------------------------------------------------------------------
| Clock Summary
| -------------
------------------------------------------------------------------------------------------------


------------------------------------------------------------------------------------------------
| Intra Clock Table
| -----------------
------------------------------------------------------------------------------------------------

Clock             WNS(ns)      TNS(ns)  TNS Failing Endpoints  TNS Total Endpoints      WHS(ns)      THS(ns)  THS Failing Endpoints  THS Total Endpoints     WPWS(ns)     TPWS(ns)  TPWS Failing Endpoints  TPWS Total Endpoints  
-----             -------      -------  ---------------------  -------------------      -------      -------  ---------------------  -------------------     --------     --------  ----------------------  --------------------  


------------------------------------------------------------------------------------------------
| Inter Clock Table
| -----------------
------------------------------------------------------------------------------------------------

From Clock    To Clock          WNS(ns)      TNS(ns)  TNS Failing Endpoints  TNS Total Endpoints      WHS(ns)      THS(ns)  THS Failing Endpoints  THS Total Endpoints  
----------    --------          -------      -------  ---------------------  -------------------      -------      -------  ---------------------  -------------------  


------------------------------------------------------------------------------------------------
| Other Path Groups Table
| -----------------------
------------------------------------------------------------------------------------------------

Path Group    From Clock    To Clock          WNS(ns)      TNS(ns)  TNS Failing Endpoints  TNS Total Endpoints      WHS(ns)      THS(ns)  THS Failing Endpoints  THS Total Endpoints  
----------    ----------    --------          -------      -------  ---------------------  -------------------      -------      -------  ---------------------  -------------------  


------------------------------------------------------------------------------------------------
| User Ignored Path Table
| -----------------------
------------------------------------------------------------------------------------------------

Path Group    From Clock    To Clock    
----------    ----------    --------    


------------------------------------------------------------------------------------------------
| Unconstrained Path Table
| ------------------------
------------------------------------------------------------------------------------------------

Path Group    From Clock    To Clock    
----------    ----------    --------    
(none)                                    


------------------------------------------------------------------------------------------------
| Timing Details
| --------------
------------------------------------------------------------------------------------------------


--------------------------------------------------------------------------------------
Path Group:  (none)
From Clock:  
  To Clock:  

Max Delay            16 Endpoints
Min Delay            16 Endpoints
--------------------------------------------------------------------------------------


Max Delay Paths
--------------------------------------------------------------------------------------
Slack:                    inf
  Source:                 sw[3]
                            (input port)
  Destination:            led[15]
                            (output port)
  Path Group:             (none)
  Path Type:              Max at Slow Process Corner
  Data Path Delay:        12.374ns  (logic 5.322ns (43.010%)  route 7.052ns (56.990%))
  Logic Levels:           3  (IBUF=1 LUT1=1 OBUF=1)

    Location             Delay type                Incr(ns)  Path(ns)    Netlist Resource(s)
  -------------------------------------------------------------------    -------------------
    W17                                               0.000     0.000 f  sw[3] (IN)
                         net (fo=0)                   0.000     0.000    sw[3]
    W17                  IBUF (Prop_ibuf_I_O)         1.448     1.448 f  sw_IBUF[3]_inst/O
                         net (fo=4, routed)           1.417     2.865    sw_IBUF[3]
    SLICE_X0Y16          LUT1 (Prop_lut1_I0_O)        0.150     3.015 r  led_OBUF[15]_inst_i_1/O
                         net (fo=1, routed)           5.635     8.650    led_OBUF[15]
    L1                   OBUF (Prop_obuf_I_O)         3.723    12.374 r  led_OBUF[15]_inst/O
                         net (fo=0)                   0.000    12.374    led[15]
    L1                                                                r  led[15] (OUT)
  -------------------------------------------------------------------    -------------------

Slack:                    inf
  Source:                 sw[1]
                            (input port)
  Destination:            led[13]
                            (output port)
  Path Group:             (none)
  Path Type:              Max at Slow Process Corner
  Data Path Delay:        11.916ns  (logic 5.093ns (42.739%)  route 6.823ns (57.261%))
  Logic Levels:           3  (IBUF=1 LUT1=1 OBUF=1)

    Location             Delay type                Incr(ns)  Path(ns)    Netlist Resource(s)
  -------------------------------------------------------------------    -------------------
    V16                                               0.000     0.000 f  sw[1] (IN)
                         net (fo=0)                   0.000     0.000    sw[1]
    V16                  IBUF (Prop_ibuf_I_O)         1.461     1.461 f  sw_IBUF[1]_inst/O
                         net (fo=4, routed)           1.782     3.243    sw_IBUF[1]
    SLICE_X0Y22          LUT1 (Prop_lut1_I0_O)        0.124     3.367 r  led_OBUF[13]_inst_i_1/O
                         net (fo=1, routed)           5.042     8.408    led_OBUF[13]
    N3                   OBUF (Prop_obuf_I_O)         3.507    11.916 r  led_OBUF[13]_inst/O
                         net (fo=0)                   0.000    11.916    led[13]
    N3                                                                r  led[13] (OUT)
  -------------------------------------------------------------------    -------------------

Slack:                    inf
  Source:                 sw[0]
                            (input port)
  Destination:            led[12]
                            (output port)
  Path Group:             (none)
  Path Type:              Max at Slow Process Corner
  Data Path Delay:        11.900ns  (logic 5.329ns (44.782%)  route 6.571ns (55.218%))
  Logic Levels:           3  (IBUF=1 LUT1=1 OBUF=1)

    Location             Delay type                Incr(ns)  Path(ns)    Netlist Resource(s)
  -------------------------------------------------------------------    -------------------
    V17                                               0.000     0.000 f  sw[0] (IN)
                         net (fo=0)                   0.000     0.000    sw[0]
    V17                  IBUF (Prop_ibuf_I_O)         1.453     1.453 f  sw_IBUF[0]_inst/O
                         net (fo=4, routed)           1.141     2.594    sw_IBUF[0]
    SLICE_X0Y10          LUT1 (Prop_lut1_I0_O)        0.150     2.744 r  led_OBUF[12]_inst_i_1/O
                         net (fo=1, routed)           5.429     8.174    led_OBUF[12]
    P3                   OBUF (Prop_obuf_I_O)         3.726    11.900 r  led_OBUF[12]_inst/O
                         net (fo=0)                   0.000    11.900    led[12]
    P3                                                                r  led[12] (OUT)
  -------------------------------------------------------------------    -------------------

Slack:                    inf
  Source:                 sw[1]
                            (input port)
  Destination:            led[9]
                            (output port)
  Path Group:             (none)
  Path Type:              Max at Slow Process Corner
  Data Path Delay:        11.054ns  (logic 5.324ns (48.158%)  route 5.731ns (51.842%))
  Logic Levels:           3  (IBUF=1 LUT2=1 OBUF=1)

    Location             Delay type                Incr(ns)  Path(ns)    Netlist Resource(s)
  -------------------------------------------------------------------    -------------------
    V16                                               0.000     0.000 r  sw[1] (IN)
                         net (fo=0)                   0.000     0.000    sw[1]
    V16                  IBUF (Prop_ibuf_I_O)         1.461     1.461 r  sw_IBUF[1]_inst/O
                         net (fo=4, routed)           1.782     3.243    sw_IBUF[1]
    SLICE_X0Y22          LUT2 (Prop_lut2_I1_O)        0.152     3.395 r  led_OBUF[9]_inst_i_1/O
                         net (fo=1, routed)           3.949     7.344    led_OBUF[9]
    V3                   OBUF (Prop_obuf_I_O)         3.710    11.054 r  led_OBUF[9]_inst/O
                         net (fo=0)                   0.000    11.054    led[9]
    V3                                                                r  led[9] (OUT)
  -------------------------------------------------------------------    -------------------

Slack:                    inf
  Source:                 sw[2]
                            (input port)
  Destination:            led[14]
                            (output port)
  Path Group:             (none)
  Path Type:              Max at Slow Process Corner
  Data Path Delay:        10.996ns  (logic 5.103ns (46.411%)  route 5.893ns (53.589%))
  Logic Levels:           3  (IBUF=1 LUT1=1 OBUF=1)

    Location             Delay type                Incr(ns)  Path(ns)    Netlist Resource(s)
  -------------------------------------------------------------------    -------------------
    W16                                               0.000     0.000 f  sw[2] (IN)
                         net (fo=0)                   0.000     0.000    sw[2]
    W16                  IBUF (Prop_ibuf_I_O)         1.464     1.464 f  sw_IBUF[2]_inst/O
                         net (fo=4, routed)           1.270     2.734    sw_IBUF[2]
    SLICE_X0Y16          LUT1 (Prop_lut1_I0_O)        0.124     2.858 r  led_OBUF[14]_inst_i_1/O
                         net (fo=1, routed)           4.622     7.480    led_OBUF[14]
    P1                   OBUF (Prop_obuf_I_O)         3.515    10.996 r  led_OBUF[14]_inst/O
                         net (fo=0)                   0.000    10.996    led[14]
    P1                                                                r  led[14] (OUT)
  -------------------------------------------------------------------    -------------------

Slack:                    inf
  Source:                 sw[7]
                            (input port)
  Destination:            led[11]
                            (output port)
  Path Group:             (none)
  Path Type:              Max at Slow Process Corner
  Data Path Delay:        10.852ns  (logic 5.087ns (46.871%)  route 5.766ns (53.129%))
  Logic Levels:           3  (IBUF=1 LUT2=1 OBUF=1)

    Location             Delay type                Incr(ns)  Path(ns)    Netlist Resource(s)
  -------------------------------------------------------------------    -------------------
    W13                                               0.000     0.000 r  sw[7] (IN)
                         net (fo=0)                   0.000     0.000    sw[7]
    W13                  IBUF (Prop_ibuf_I_O)         1.459     1.459 r  sw_IBUF[7]_inst/O
                         net (fo=3, routed)           1.820     3.279    sw_IBUF[7]
    SLICE_X0Y16          LUT2 (Prop_lut2_I0_O)        0.124     3.403 r  led_OBUF[11]_inst_i_1/O
                         net (fo=1, routed)           3.946     7.349    led_OBUF[11]
    U3                   OBUF (Prop_obuf_I_O)         3.504    10.852 r  led_OBUF[11]_inst/O
                         net (fo=0)                   0.000    10.852    led[11]
    U3                                                                r  led[11] (OUT)
  -------------------------------------------------------------------    -------------------

Slack:                    inf
  Source:                 sw[2]
                            (input port)
  Destination:            led[10]
                            (output port)
  Path Group:             (none)
  Path Type:              Max at Slow Process Corner
  Data Path Delay:        10.483ns  (logic 5.349ns (51.028%)  route 5.134ns (48.972%))
  Logic Levels:           3  (IBUF=1 LUT2=1 OBUF=1)

    Location             Delay type                Incr(ns)  Path(ns)    Netlist Resource(s)
  -------------------------------------------------------------------    -------------------
    W16                                               0.000     0.000 r  sw[2] (IN)
                         net (fo=0)                   0.000     0.000    sw[2]
    W16                  IBUF (Prop_ibuf_I_O)         1.464     1.464 r  sw_IBUF[2]_inst/O
                         net (fo=4, routed)           1.270     2.734    sw_IBUF[2]
    SLICE_X0Y16          LUT2 (Prop_lut2_I1_O)        0.152     2.886 r  led_OBUF[10]_inst_i_1/O
                         net (fo=1, routed)           3.864     6.749    led_OBUF[10]
    W3                   OBUF (Prop_obuf_I_O)         3.733    10.483 r  led_OBUF[10]_inst/O
                         net (fo=0)                   0.000    10.483    led[10]
    W3                                                                r  led[10] (OUT)
  -------------------------------------------------------------------    -------------------

Slack:                    inf
  Source:                 sw[1]
                            (input port)
  Destination:            led[5]
                            (output port)
  Path Group:             (none)
  Path Type:              Max at Slow Process Corner
  Data Path Delay:        9.405ns  (logic 5.336ns (56.737%)  route 4.069ns (43.263%))
  Logic Levels:           3  (IBUF=1 LUT2=1 OBUF=1)

    Location             Delay type                Incr(ns)  Path(ns)    Netlist Resource(s)
  -------------------------------------------------------------------    -------------------
    V16                                               0.000     0.000 r  sw[1] (IN)
                         net (fo=0)                   0.000     0.000    sw[1]
    V16                  IBUF (Prop_ibuf_I_O)         1.461     1.461 r  sw_IBUF[1]_inst/O
                         net (fo=4, routed)           1.774     3.236    sw_IBUF[1]
    SLICE_X0Y22          LUT2 (Prop_lut2_I0_O)        0.152     3.388 r  led_OBUF[5]_inst_i_1/O
                         net (fo=1, routed)           2.294     5.682    led_OBUF[5]
    U15                  OBUF (Prop_obuf_I_O)         3.722     9.405 r  led_OBUF[5]_inst/O
                         net (fo=0)                   0.000     9.405    led[5]
    U15                                                               r  led[5] (OUT)
  -------------------------------------------------------------------    -------------------

Slack:                    inf
  Source:                 sw[1]
                            (input port)
  Destination:            led[1]
                            (output port)
  Path Group:             (none)
  Path Type:              Max at Slow Process Corner
  Data Path Delay:        9.227ns  (logic 5.115ns (55.437%)  route 4.112ns (44.563%))
  Logic Levels:           3  (IBUF=1 LUT2=1 OBUF=1)

    Location             Delay type                Incr(ns)  Path(ns)    Netlist Resource(s)
  -------------------------------------------------------------------    -------------------
    V16                                               0.000     0.000 r  sw[1] (IN)
                         net (fo=0)                   0.000     0.000    sw[1]
    V16                  IBUF (Prop_ibuf_I_O)         1.461     1.461 r  sw_IBUF[1]_inst/O
                         net (fo=4, routed)           1.774     3.236    sw_IBUF[1]
    SLICE_X0Y22          LUT2 (Prop_lut2_I0_O)        0.124     3.360 r  led_OBUF[1]_inst_i_1/O
                         net (fo=1, routed)           2.337     5.697    led_OBUF[1]
    E19                  OBUF (Prop_obuf_I_O)         3.530     9.227 r  led_OBUF[1]_inst/O
                         net (fo=0)                   0.000     9.227    led[1]
    E19                                                               r  led[1] (OUT)
  -------------------------------------------------------------------    -------------------

Slack:                    inf
  Source:                 sw[6]
                            (input port)
  Destination:            led[6]
                            (output port)
  Path Group:             (none)
  Path Type:              Max at Slow Process Corner
  Data Path Delay:        9.195ns  (logic 5.312ns (57.770%)  route 3.883ns (42.230%))
  Logic Levels:           3  (IBUF=1 LUT2=1 OBUF=1)

    Location             Delay type                Incr(ns)  Path(ns)    Netlist Resource(s)
  -------------------------------------------------------------------    -------------------
    W14                                               0.000     0.000 r  sw[6] (IN)
                         net (fo=0)                   0.000     0.000    sw[6]
    W14                  IBUF (Prop_ibuf_I_O)         1.450     1.450 r  sw_IBUF[6]_inst/O
                         net (fo=3, routed)           1.603     3.052    sw_IBUF[6]
    SLICE_X0Y16          LUT2 (Prop_lut2_I1_O)        0.153     3.205 r  led_OBUF[6]_inst_i_1/O
                         net (fo=1, routed)           2.280     5.486    led_OBUF[6]
    U14                  OBUF (Prop_obuf_I_O)         3.709     9.195 r  led_OBUF[6]_inst/O
                         net (fo=0)                   0.000     9.195    led[6]
    U14                                                               r  led[6] (OUT)
  -------------------------------------------------------------------    -------------------





Min Delay Paths
--------------------------------------------------------------------------------------
Slack:                    inf
  Source:                 sw[0]
                            (input port)
  Destination:            led[8]
                            (output port)
  Path Group:             (none)
  Path Type:              Min at Fast Process Corner
  Data Path Delay:        2.327ns  (logic 1.471ns (63.219%)  route 0.856ns (36.781%))
  Logic Levels:           3  (IBUF=1 LUT2=1 OBUF=1)

    Location             Delay type                Incr(ns)  Path(ns)    Netlist Resource(s)
  -------------------------------------------------------------------    -------------------
    V17                                               0.000     0.000 r  sw[0] (IN)
                         net (fo=0)                   0.000     0.000    sw[0]
    V17                  IBUF (Prop_ibuf_I_O)         0.221     0.221 r  sw_IBUF[0]_inst/O
                         net (fo=4, routed)           0.432     0.653    sw_IBUF[0]
    SLICE_X0Y10          LUT2 (Prop_lut2_I1_O)        0.045     0.698 r  led_OBUF[8]_inst_i_1/O
                         net (fo=1, routed)           0.423     1.122    led_OBUF[8]
    V13                  OBUF (Prop_obuf_I_O)         1.205     2.327 r  led_OBUF[8]_inst/O
                         net (fo=0)                   0.000     2.327    led[8]
    V13                                                               r  led[8] (OUT)
  -------------------------------------------------------------------    -------------------

Slack:                    inf
  Source:                 sw[4]
                            (input port)
  Destination:            led[4]
                            (output port)
  Path Group:             (none)
  Path Type:              Min at Fast Process Corner
  Data Path Delay:        2.390ns  (logic 1.474ns (61.666%)  route 0.916ns (38.334%))
  Logic Levels:           3  (IBUF=1 LUT2=1 OBUF=1)

    Location             Delay type                Incr(ns)  Path(ns)    Netlist Resource(s)
  -------------------------------------------------------------------    -------------------
    W15                                               0.000     0.000 r  sw[4] (IN)
                         net (fo=0)                   0.000     0.000    sw[4]
    W15                  IBUF (Prop_ibuf_I_O)         0.219     0.219 r  sw_IBUF[4]_inst/O
                         net (fo=3, routed)           0.491     0.710    sw_IBUF[4]
    SLICE_X0Y10          LUT2 (Prop_lut2_I1_O)        0.045     0.755 r  led_OBUF[4]_inst_i_1/O
                         net (fo=1, routed)           0.425     1.180    led_OBUF[4]
    W18                  OBUF (Prop_obuf_I_O)         1.210     2.390 r  led_OBUF[4]_inst/O
                         net (fo=0)                   0.000     2.390    led[4]
    W18                                                               r  led[4] (OUT)
  -------------------------------------------------------------------    -------------------

Slack:                    inf
  Source:                 sw[4]
                            (input port)
  Destination:            led[0]
                            (output port)
  Path Group:             (none)
  Path Type:              Min at Fast Process Corner
  Data Path Delay:        2.436ns  (logic 1.529ns (62.767%)  route 0.907ns (37.233%))
  Logic Levels:           3  (IBUF=1 LUT2=1 OBUF=1)

    Location             Delay type                Incr(ns)  Path(ns)    Netlist Resource(s)
  -------------------------------------------------------------------    -------------------
    W15                                               0.000     0.000 r  sw[4] (IN)
                         net (fo=0)                   0.000     0.000    sw[4]
    W15                  IBUF (Prop_ibuf_I_O)         0.219     0.219 r  sw_IBUF[4]_inst/O
                         net (fo=3, routed)           0.491     0.710    sw_IBUF[4]
    SLICE_X0Y10          LUT2 (Prop_lut2_I1_O)        0.042     0.752 r  led_OBUF[0]_inst_i_1/O
                         net (fo=1, routed)           0.416     1.168    led_OBUF[0]
    U16                  OBUF (Prop_obuf_I_O)         1.268     2.436 r  led_OBUF[0]_inst/O
                         net (fo=0)                   0.000     2.436    led[0]
    U16                                                               r  led[0] (OUT)
  -------------------------------------------------------------------    -------------------

Slack:                    inf
  Source:                 sw[2]
                            (input port)
  Destination:            led[2]
                            (output port)
  Path Group:             (none)
  Path Type:              Min at Fast Process Corner
  Data Path Delay:        2.447ns  (logic 1.479ns (60.450%)  route 0.968ns (39.550%))
  Logic Levels:           3  (IBUF=1 LUT2=1 OBUF=1)

    Location             Delay type                Incr(ns)  Path(ns)    Netlist Resource(s)
  -------------------------------------------------------------------    -------------------
    W16                                               0.000     0.000 r  sw[2] (IN)
                         net (fo=0)                   0.000     0.000    sw[2]
    W16                  IBUF (Prop_ibuf_I_O)         0.232     0.232 r  sw_IBUF[2]_inst/O
                         net (fo=4, routed)           0.559     0.791    sw_IBUF[2]
    SLICE_X0Y16          LUT2 (Prop_lut2_I0_O)        0.045     0.836 r  led_OBUF[2]_inst_i_1/O
                         net (fo=1, routed)           0.409     1.244    led_OBUF[2]
    U19                  OBUF (Prop_obuf_I_O)         1.202     2.447 r  led_OBUF[2]_inst/O
                         net (fo=0)                   0.000     2.447    led[2]
    U19                                                               r  led[2] (OUT)
  -------------------------------------------------------------------    -------------------

Slack:                    inf
  Source:                 sw[3]
                            (input port)
  Destination:            led[3]
                            (output port)
  Path Group:             (none)
  Path Type:              Min at Fast Process Corner
  Data Path Delay:        2.497ns  (logic 1.472ns (58.946%)  route 1.025ns (41.054%))
  Logic Levels:           3  (IBUF=1 LUT2=1 OBUF=1)

    Location             Delay type                Incr(ns)  Path(ns)    Netlist Resource(s)
  -------------------------------------------------------------------    -------------------
    W17                                               0.000     0.000 r  sw[3] (IN)
                         net (fo=0)                   0.000     0.000    sw[3]
    W17                  IBUF (Prop_ibuf_I_O)         0.217     0.217 r  sw_IBUF[3]_inst/O
                         net (fo=4, routed)           0.609     0.825    sw_IBUF[3]
    SLICE_X0Y16          LUT2 (Prop_lut2_I0_O)        0.045     0.870 r  led_OBUF[3]_inst_i_1/O
                         net (fo=1, routed)           0.416     1.287    led_OBUF[3]
    V19                  OBUF (Prop_obuf_I_O)         1.210     2.497 r  led_OBUF[3]_inst/O
                         net (fo=0)                   0.000     2.497    led[3]
    V19                                                               r  led[3] (OUT)
  -------------------------------------------------------------------    -------------------

Slack:                    inf
  Source:                 sw[3]
                            (input port)
  Destination:            led[7]
                            (output port)
  Path Group:             (none)
  Path Type:              Min at Fast Process Corner
  Data Path Delay:        2.674ns  (logic 1.529ns (57.191%)  route 1.145ns (42.809%))
  Logic Levels:           3  (IBUF=1 LUT2=1 OBUF=1)

    Location             Delay type                Incr(ns)  Path(ns)    Netlist Resource(s)
  -------------------------------------------------------------------    -------------------
    W17                                               0.000     0.000 r  sw[3] (IN)
                         net (fo=0)                   0.000     0.000    sw[3]
    W17                  IBUF (Prop_ibuf_I_O)         0.217     0.217 r  sw_IBUF[3]_inst/O
                         net (fo=4, routed)           0.609     0.825    sw_IBUF[3]
    SLICE_X0Y16          LUT2 (Prop_lut2_I0_O)        0.044     0.869 r  led_OBUF[7]_inst_i_1/O
                         net (fo=1, routed)           0.536     1.405    led_OBUF[7]
    V14                  OBUF (Prop_obuf_I_O)         1.269     2.674 r  led_OBUF[7]_inst/O
                         net (fo=0)                   0.000     2.674    led[7]
    V14                                                               r  led[7] (OUT)
  -------------------------------------------------------------------    -------------------

Slack:                    inf
  Source:                 sw[2]
                            (input port)
  Destination:            led[6]
                            (output port)
  Path Group:             (none)
  Path Type:              Min at Fast Process Corner
  Data Path Delay:        2.689ns  (logic 1.548ns (57.564%)  route 1.141ns (42.436%))
  Logic Levels:           3  (IBUF=1 LUT2=1 OBUF=1)

    Location             Delay type                Incr(ns)  Path(ns)    Netlist Resource(s)
  -------------------------------------------------------------------    -------------------
    W16                                               0.000     0.000 r  sw[2] (IN)
                         net (fo=0)                   0.000     0.000    sw[2]
    W16                  IBUF (Prop_ibuf_I_O)         0.232     0.232 r  sw_IBUF[2]_inst/O
                         net (fo=4, routed)           0.559     0.791    sw_IBUF[2]
    SLICE_X0Y16          LUT2 (Prop_lut2_I0_O)        0.044     0.835 r  led_OBUF[6]_inst_i_1/O
                         net (fo=1, routed)           0.582     1.417    led_OBUF[6]
    U14                  OBUF (Prop_obuf_I_O)         1.272     2.689 r  led_OBUF[6]_inst/O
                         net (fo=0)                   0.000     2.689    led[6]
    U14                                                               r  led[6] (OUT)
  -------------------------------------------------------------------    -------------------

Slack:                    inf
  Source:                 sw[5]
                            (input port)
  Destination:            led[1]
                            (output port)
  Path Group:             (none)
  Path Type:              Min at Fast Process Corner
  Data Path Delay:        2.767ns  (logic 1.510ns (54.568%)  route 1.257ns (45.432%))
  Logic Levels:           3  (IBUF=1 LUT2=1 OBUF=1)

    Location             Delay type                Incr(ns)  Path(ns)    Netlist Resource(s)
  -------------------------------------------------------------------    -------------------
    V15                                               0.000     0.000 r  sw[5] (IN)
                         net (fo=0)                   0.000     0.000    sw[5]
    V15                  IBUF (Prop_ibuf_I_O)         0.234     0.234 r  sw_IBUF[5]_inst/O
                         net (fo=3, routed)           0.632     0.866    sw_IBUF[5]
    SLICE_X0Y22          LUT2 (Prop_lut2_I1_O)        0.045     0.911 r  led_OBUF[1]_inst_i_1/O
                         net (fo=1, routed)           0.625     1.536    led_OBUF[1]
    E19                  OBUF (Prop_obuf_I_O)         1.231     2.767 r  led_OBUF[1]_inst/O
                         net (fo=0)                   0.000     2.767    led[1]
    E19                                                               r  led[1] (OUT)
  -------------------------------------------------------------------    -------------------

Slack:                    inf
  Source:                 sw[5]
                            (input port)
  Destination:            led[5]
                            (output port)
  Path Group:             (none)
  Path Type:              Min at Fast Process Corner
  Data Path Delay:        2.799ns  (logic 1.560ns (55.709%)  route 1.240ns (44.291%))
  Logic Levels:           3  (IBUF=1 LUT2=1 OBUF=1)

    Location             Delay type                Incr(ns)  Path(ns)    Netlist Resource(s)
  -------------------------------------------------------------------    -------------------
    V15                                               0.000     0.000 r  sw[5] (IN)
                         net (fo=0)                   0.000     0.000    sw[5]
    V15                  IBUF (Prop_ibuf_I_O)         0.234     0.234 r  sw_IBUF[5]_inst/O
                         net (fo=3, routed)           0.632     0.866    sw_IBUF[5]
    SLICE_X0Y22          LUT2 (Prop_lut2_I1_O)        0.043     0.909 r  led_OBUF[5]_inst_i_1/O
                         net (fo=1, routed)           0.608     1.517    led_OBUF[5]
    U15                  OBUF (Prop_obuf_I_O)         1.283     2.799 r  led_OBUF[5]_inst/O
                         net (fo=0)                   0.000     2.799    led[5]
    U15                                                               r  led[5] (OUT)
  -------------------------------------------------------------------    -------------------

Slack:                    inf
  Source:                 sw[2]
                            (input port)
  Destination:            led[10]
                            (output port)
  Path Group:             (none)
  Path Type:              Min at Fast Process Corner
  Data Path Delay:        3.509ns  (logic 1.568ns (44.691%)  route 1.941ns (55.309%))
  Logic Levels:           3  (IBUF=1 LUT2=1 OBUF=1)

    Location             Delay type                Incr(ns)  Path(ns)    Netlist Resource(s)
  -------------------------------------------------------------------    -------------------
    W16                                               0.000     0.000 r  sw[2] (IN)
                         net (fo=0)                   0.000     0.000    sw[2]
    W16                  IBUF (Prop_ibuf_I_O)         0.232     0.232 r  sw_IBUF[2]_inst/O
                         net (fo=4, routed)           0.491     0.723    sw_IBUF[2]
    SLICE_X0Y16          LUT2 (Prop_lut2_I1_O)        0.043     0.766 r  led_OBUF[10]_inst_i_1/O
                         net (fo=1, routed)           1.450     2.215    led_OBUF[10]
    W3                   OBUF (Prop_obuf_I_O)         1.293     3.509 r  led_OBUF[10]_inst/O
                         net (fo=0)                   0.000     3.509    led[10]
    W3                                                                r  led[10] (OUT)
  -------------------------------------------------------------------    -------------------





